#
# There is insufficient memory for the Java Runtime Environment to continue.
# Native memory allocation (mmap) failed to map 1048576 bytes for G1 virtual space
# Possible reasons:
#   The system is out of physical RAM or swap space
#   The process is running with CompressedOops enabled, and the Java Heap may be blocking the growth of the native heap
# Possible solutions:
#   Reduce memory load on the system
#   Increase physical memory or swap space
#   Check if swap backing store is full
#   Decrease Java heap size (-Xmx/-Xms)
#   Decrease number of Java threads
#   Decrease Java thread stack sizes (-Xss)
#   Set larger code cache with -XX:ReservedCodeCacheSize=
#   JVM is running with Unscaled Compressed Oops mode in which the Java heap is
#     placed in the first 4GB address space. The Java Heap base address is the
#     maximum limit for the native heap growth. Please use -XX:HeapBaseMinAddress
#     to set the Java Heap base and to place the Java Heap above 4GB virtual address.
# This output file may be truncated or incomplete.
#
#  Out of Memory Error (os_windows.cpp:3548), pid=24840, tid=8316
#
# JRE version: Java(TM) SE Runtime Environment (17.0.11+7) (build 17.0.11+7-LTS-207)
# Java VM: Java HotSpot(TM) 64-Bit Server VM (17.0.11+7-LTS-207, mixed mode, sharing, tiered, compressed oops, compressed class ptrs, g1 gc, windows-amd64)
# No core dump will be written. Minidumps are not enabled by default on client versions of Windows
#

---------------  S U M M A R Y ------------

Command Line: -Dfile.encoding=Cp1252 -XX:+ShowCodeDetailsInExceptionMessages Electricity.Billing.System.Splash1

Host: Intel(R) Core(TM) i3-1005G1 CPU @ 1.20GHz, 4 cores, 3G,  Windows 11 , 64 bit Build 22621 (10.0.22621.3958)
Time: Thu Sep 26 22:14:20 2024 India Standard Time elapsed time: 5.875346 seconds (0d 0h 0m 5s)

---------------  T H R E A D  ---------------

Current thread (0x000001835f34bb40):  JavaThread "AWT-EventQueue-0" [_thread_in_vm, id=8316, stack(0x0000005f84700000,0x0000005f84800000)]

Stack: [0x0000005f84700000,0x0000005f84800000]
Native frames: (J=compiled Java code, j=interpreted, Vv=VM code, C=native code)
V  [jvm.dll+0x679cca]
V  [jvm.dll+0x7da13d]
V  [jvm.dll+0x7dba83]
V  [jvm.dll+0x7dc0f3]
V  [jvm.dll+0x2449af]
V  [jvm.dll+0x676ce9]
V  [jvm.dll+0x66b852]
V  [jvm.dll+0x3018d6]
V  [jvm.dll+0x308e76]
V  [jvm.dll+0x3593cb]
V  [jvm.dll+0x359a04]
V  [jvm.dll+0x3595b6]
V  [jvm.dll+0x2d8ee4]
V  [jvm.dll+0x2d4fb6]
V  [jvm.dll+0x60ea83]
V  [jvm.dll+0x20deb5]
V  [jvm.dll+0x7a4be6]
V  [jvm.dll+0x37f0aa]
C  0x000001830ed3baed

Java frames: (J=compiled Java code, j=interpreted, Vv=VM code)
j  java.awt.image.DataBufferInt.<init>(I)V+11 java.desktop@17.0.11
j  java.awt.image.Raster.createPackedRaster(III[ILjava/awt/Point;)Ljava/awt/image/WritableRaster;+69 java.desktop@17.0.11
j  java.awt.image.DirectColorModel.createCompatibleWritableRaster(II)Ljava/awt/image/WritableRaster;+83 java.desktop@17.0.11
j  java.awt.GraphicsConfiguration.createCompatibleImage(II)Ljava/awt/image/BufferedImage;+8 java.desktop@17.0.11
j  java.awt.GraphicsConfiguration.createCompatibleImage(III)Ljava/awt/image/BufferedImage;+14 java.desktop@17.0.11
j  sun.awt.image.SunVolatileImage.getBackupImage(DD)Ljava/awt/image/BufferedImage;+36 java.desktop@17.0.11
j  sun.awt.image.VolatileSurfaceManager.getBackupSurface()Lsun/java2d/SurfaceData;+38 java.desktop@17.0.11
j  sun.awt.image.VolatileSurfaceManager.initialize()V+49 java.desktop@17.0.11
j  sun.awt.image.SunVolatileImage.<init>(Ljava/awt/Component;Ljava/awt/GraphicsConfiguration;IILjava/lang/Object;ILjava/awt/ImageCapabilities;I)V+119 java.desktop@17.0.11
j  sun.awt.image.SunVolatileImage.<init>(Ljava/awt/GraphicsConfiguration;IIILjava/awt/ImageCapabilities;)V+11 java.desktop@17.0.11
j  java.awt.GraphicsConfiguration.createCompatibleVolatileImage(IILjava/awt/ImageCapabilities;I)Ljava/awt/image/VolatileImage;+10 java.desktop@17.0.11
j  java.awt.GraphicsConfiguration.createCompatibleVolatileImage(III)Ljava/awt/image/VolatileImage;+8 java.desktop@17.0.11
j  javax.swing.RepaintManager.getVolatileOffscreenBuffer(Ljava/awt/Component;II)Ljava/awt/Image;+221 java.desktop@17.0.11
j  javax.swing.RepaintManager$PaintManager.paint(Ljavax/swing/JComponent;Ljavax/swing/JComponent;Ljava/awt/Graphics;IIII)Z+35 java.desktop@17.0.11
j  javax.swing.RepaintManager.paint(Ljavax/swing/JComponent;Ljavax/swing/JComponent;Ljava/awt/Graphics;IIII)V+52 java.desktop@17.0.11
j  javax.swing.JComponent.paint(Ljava/awt/Graphics;)V+221 java.desktop@17.0.11
j  java.awt.GraphicsCallback$PaintCallback.run(Ljava/awt/Component;Ljava/awt/Graphics;)V+2 java.desktop@17.0.11
j  sun.awt.SunGraphicsCallback.runOneComponent(Ljava/awt/Component;Ljava/awt/Rectangle;Ljava/awt/Graphics;Ljava/awt/Shape;I)V+130 java.desktop@17.0.11
j  sun.awt.SunGraphicsCallback.runComponents([Ljava/awt/Component;Ljava/awt/Graphics;I)V+157 java.desktop@17.0.11
j  java.awt.Container.paint(Ljava/awt/Graphics;)V+58 java.desktop@17.0.11
j  java.awt.Window.paint(Ljava/awt/Graphics;)V+68 java.desktop@17.0.11
j  javax.swing.RepaintManager$4.run()Ljava/lang/Void;+142 java.desktop@17.0.11
j  javax.swing.RepaintManager$4.run()Ljava/lang/Object;+1 java.desktop@17.0.11
J 906 c1 java.security.ProtectionDomain$JavaSecurityAccessImpl.doIntersectionPrivilege(Ljava/security/PrivilegedAction;Ljava/security/AccessControlContext;Ljava/security/AccessControlContext;)Ljava/lang/Object; java.base@17.0.11 (22 bytes) @ 0x00000183079511b4 [0x0000018307950f20+0x0000000000000294]
j  javax.swing.RepaintManager.paintDirtyRegions(Ljava/util/Map;)V+154 java.desktop@17.0.11
j  javax.swing.RepaintManager.paintDirtyRegions()V+46 java.desktop@17.0.11
j  javax.swing.RepaintManager.prePaintDirtyRegions()V+73 java.desktop@17.0.11
j  javax.swing.RepaintManager$ProcessingRunnable.run()V+37 java.desktop@17.0.11
j  java.awt.event.InvocationEvent.dispatch()V+47 java.desktop@17.0.11
J 1162 c1 java.awt.EventQueue.dispatchEventImpl(Ljava/awt/AWTEvent;Ljava/lang/Object;)V java.desktop@17.0.11 (136 bytes) @ 0x00000183079caa34 [0x00000183079c8f60+0x0000000000001ad4]
J 1164 c1 java.awt.EventQueue$4.run()Ljava/lang/Void; java.desktop@17.0.11 (60 bytes) @ 0x00000183079cbd0c [0x00000183079cbbe0+0x000000000000012c]
J 1035 c1 java.awt.EventQueue.dispatchEvent(Ljava/awt/AWTEvent;)V java.desktop@17.0.11 (80 bytes) @ 0x000001830798cc0c [0x000001830798c660+0x00000000000005ac]
J 1166 c1 java.awt.EventDispatchThread.pumpOneEventForFilters(I)V java.desktop@17.0.11 (113 bytes) @ 0x00000183079cf3ac [0x00000183079ced20+0x000000000000068c]
j  java.awt.EventDispatchThread.pumpEventsForFilter(ILjava/awt/Conditional;Ljava/awt/EventFilter;)V+35 java.desktop@17.0.11
j  java.awt.EventDispatchThread.pumpEventsForHierarchy(ILjava/awt/Conditional;Ljava/awt/Component;)V+11 java.desktop@17.0.11
j  java.awt.EventDispatchThread.pumpEvents(ILjava/awt/Conditional;)V+4 java.desktop@17.0.11
j  java.awt.EventDispatchThread.pumpEvents(Ljava/awt/Conditional;)V+3 java.desktop@17.0.11
j  java.awt.EventDispatchThread.run()V+9 java.desktop@17.0.11
v  ~StubRoutines::call_stub

---------------  P R O C E S S  ---------------

Threads class SMR info:
_java_thread_list=0x000001835f3e51b0, length=18, elements={
0x000001837eaccb80, 0x000001837eacdee0, 0x0000018319b93650, 0x0000018319b94210,
0x0000018319b9d3b0, 0x0000018319b9fb30, 0x0000018319ba4d10, 0x0000018319ba5bd0,
0x0000018319ba7180, 0x000001835f0611a0, 0x000001835f066ab0, 0x000001835f287870,
0x000001835f265510, 0x000001835f268c10, 0x000001835f2d27e0, 0x000001835f34bb40,
0x000001835f3c64a0, 0x000001835f3c5570
}

Java Threads: ( => current thread )
  0x000001837eaccb80 JavaThread "Reference Handler" daemon [_thread_blocked, id=20576, stack(0x0000005f83700000,0x0000005f83800000)]
  0x000001837eacdee0 JavaThread "Finalizer" daemon [_thread_blocked, id=15132, stack(0x0000005f83800000,0x0000005f83900000)]
  0x0000018319b93650 JavaThread "Signal Dispatcher" daemon [_thread_blocked, id=24960, stack(0x0000005f83900000,0x0000005f83a00000)]
  0x0000018319b94210 JavaThread "Attach Listener" daemon [_thread_blocked, id=24152, stack(0x0000005f83a00000,0x0000005f83b00000)]
  0x0000018319b9d3b0 JavaThread "Service Thread" daemon [_thread_blocked, id=2560, stack(0x0000005f83b00000,0x0000005f83c00000)]
  0x0000018319b9fb30 JavaThread "Monitor Deflation Thread" daemon [_thread_blocked, id=23684, stack(0x0000005f83c00000,0x0000005f83d00000)]
  0x0000018319ba4d10 JavaThread "C2 CompilerThread0" daemon [_thread_blocked, id=17196, stack(0x0000005f83d00000,0x0000005f83e00000)]
  0x0000018319ba5bd0 JavaThread "C1 CompilerThread0" daemon [_thread_blocked, id=7084, stack(0x0000005f83e00000,0x0000005f83f00000)]
  0x0000018319ba7180 JavaThread "Sweeper thread" daemon [_thread_blocked, id=4340, stack(0x0000005f83f00000,0x0000005f84000000)]
  0x000001835f0611a0 JavaThread "Notification Thread" daemon [_thread_blocked, id=13872, stack(0x0000005f84000000,0x0000005f84100000)]
  0x000001835f066ab0 JavaThread "Common-Cleaner" daemon [_thread_blocked, id=24536, stack(0x0000005f84200000,0x0000005f84300000)]
  0x000001835f287870 JavaThread "Java2D Disposer" daemon [_thread_blocked, id=2372, stack(0x0000005f84300000,0x0000005f84400000)]
  0x000001835f265510 JavaThread "AWT-Shutdown" [_thread_blocked, id=9824, stack(0x0000005f84400000,0x0000005f84500000)]
  0x000001835f268c10 JavaThread "AWT-Windows" daemon [_thread_in_native, id=23936, stack(0x0000005f84500000,0x0000005f84600000)]
  0x000001835f2d27e0 JavaThread "Image Fetcher 0" daemon [_thread_blocked, id=11608, stack(0x0000005f84600000,0x0000005f84700000)]
=>0x000001835f34bb40 JavaThread "AWT-EventQueue-0" [_thread_in_vm, id=8316, stack(0x0000005f84700000,0x0000005f84800000)]
  0x000001835f3c64a0 JavaThread "Thread-0" [_thread_blocked, id=4748, stack(0x0000005f84b00000,0x0000005f84c00000)]
  0x000001835f3c5570 JavaThread "DestroyJavaVM" [_thread_blocked, id=22284, stack(0x0000005f83000000,0x0000005f83100000)]

Other Threads:
  0x000001837eac6930 VMThread "VM Thread" [stack: 0x0000005f83600000,0x0000005f83700000] [id=15040]
  0x000001837ead32f0 WatcherThread [stack: 0x0000005f84100000,0x0000005f84200000] [id=17740]
  0x000001837ea4a670 GCTaskThread "GC Thread#0" [stack: 0x0000005f83100000,0x0000005f83200000] [id=10648]
  0x000001835f3e5e00 GCTaskThread "GC Thread#1" [stack: 0x0000005f84800000,0x0000005f84900000] [id=8928]
  0x000001835f3e60c0 GCTaskThread "GC Thread#2" [stack: 0x0000005f84900000,0x0000005f84a00000] [id=25384]
  0x000001835f3e6380 GCTaskThread "GC Thread#3" [stack: 0x0000005f84a00000,0x0000005f84b00000] [id=22636]
  0x000001837ea52e80 ConcurrentGCThread "G1 Main Marker" [stack: 0x0000005f83200000,0x0000005f83300000] [id=17660]
  0x000001837ea55440 ConcurrentGCThread "G1 Conc#0" [stack: 0x0000005f83300000,0x0000005f83400000] [id=22236]
  0x000001837ea93510 ConcurrentGCThread "G1 Refine#0" [stack: 0x0000005f83400000,0x0000005f83500000] [id=9552]
  0x000001837ea93f40 ConcurrentGCThread "G1 Service" [stack: 0x0000005f83500000,0x0000005f83600000] [id=9364]

Threads with active compile tasks:

VM state: not at safepoint (normal execution)

VM Mutex/Monitor currently owned by a thread:  ([mutex/lock_event])
[0x000001837ea0ae40] Heap_lock - owner thread: 0x000001835f34bb40

Heap address: 0x00000000c3a00000, size: 966 MB, Compressed Oops mode: 32-bit

CDS archive(s) mapped at: [0x000001831a000000-0x000001831abd0000-0x000001831abd0000), size 12386304, SharedBaseAddress: 0x000001831a000000, ArchiveRelocationMode: 1.
Compressed class space mapped at: 0x000001831b000000-0x000001835b000000, reserved size: 1073741824
Narrow klass base: 0x000001831a000000, Narrow klass shift: 0, Narrow klass range: 0x100000000

GC Precious Log:
 CPUs: 4 total, 4 available
 Memory: 3863M
 Large Page Support: Disabled
 NUMA Support: Disabled
 Compressed Oops: Enabled (32-bit)
 Heap Region Size: 1M
 Heap Min Capacity: 8M
 Heap Initial Capacity: 62M
 Heap Max Capacity: 966M
 Pre-touch: Disabled
 Parallel Workers: 4
 Concurrent Workers: 1
 Concurrent Refinement Workers: 4
 Periodic GC: Disabled

Heap:
 garbage-first heap   total 123904K, used 115523K [0x00000000c3a00000, 0x0000000100000000)
  region size 1024K, 2 young (2048K), 1 survivors (1024K)
 Metaspace       used 6856K, committed 7040K, reserved 1114112K
  class space    used 703K, committed 832K, reserved 1048576K

Heap Regions: E=young(eden), S=young(survivor), O=old, HS=humongous(starts), HC=humongous(continues), CS=collection set, F=free, OA=open archive, CA=closed archive, TAMS=top-at-mark-start (previous, next)
|   0|0x00000000c3a00000, 0x00000000c3b00000, 0x00000000c3b00000|100%|HS|  |TAMS 0x00000000c3b00000, 0x00000000c3a00000| Complete 
|   1|0x00000000c3b00000, 0x00000000c3c00000, 0x00000000c3c00000|100%|HC|  |TAMS 0x00000000c3c00000, 0x00000000c3b00000| Complete 
|   2|0x00000000c3c00000, 0x00000000c3d00000, 0x00000000c3d00000|100%|HC|  |TAMS 0x00000000c3d00000, 0x00000000c3c00000| Complete 
|   3|0x00000000c3d00000, 0x00000000c3e00000, 0x00000000c3e00000|100%|HC|  |TAMS 0x00000000c3e00000, 0x00000000c3d00000| Complete 
|   4|0x00000000c3e00000, 0x00000000c3f00000, 0x00000000c3f00000|100%|HC|  |TAMS 0x00000000c3f00000, 0x00000000c3e00000| Complete 
|   5|0x00000000c3f00000, 0x00000000c4000000, 0x00000000c4000000|100%|HS|  |TAMS 0x00000000c4000000, 0x00000000c3f00000| Complete 
|   6|0x00000000c4000000, 0x00000000c4100000, 0x00000000c4100000|100%|HC|  |TAMS 0x00000000c4100000, 0x00000000c4000000| Complete 
|   7|0x00000000c4100000, 0x00000000c4200000, 0x00000000c4200000|100%| O|  |TAMS 0x00000000c4200000, 0x00000000c4100000| Complete 
|   8|0x00000000c4200000, 0x00000000c4300000, 0x00000000c4300000|100%| O|  |TAMS 0x00000000c4231200, 0x00000000c4200000| Untracked 
|   9|0x00000000c4300000, 0x00000000c4400000, 0x00000000c4400000|100%|HS|  |TAMS 0x00000000c4300000, 0x00000000c4300000| Complete 
|  10|0x00000000c4400000, 0x00000000c4400000, 0x00000000c4500000|  0%| F|  |TAMS 0x00000000c4400000, 0x00000000c4400000| Untracked 
|  11|0x00000000c4500000, 0x00000000c4600000, 0x00000000c4600000|100%|HS|  |TAMS 0x00000000c4500000, 0x00000000c4500000| Complete 
|  12|0x00000000c4600000, 0x00000000c4700000, 0x00000000c4700000|100%|HS|  |TAMS 0x00000000c4600000, 0x00000000c4600000| Complete 
|  13|0x00000000c4700000, 0x00000000c4800000, 0x00000000c4800000|100%|HC|  |TAMS 0x00000000c4700000, 0x00000000c4700000| Complete 
|  14|0x00000000c4800000, 0x00000000c4900000, 0x00000000c4900000|100%|HS|  |TAMS 0x00000000c4800000, 0x00000000c4800000| Complete 
|  15|0x00000000c4900000, 0x00000000c4a00000, 0x00000000c4a00000|100%|HS|  |TAMS 0x00000000c4900000, 0x00000000c4900000| Complete 
|  16|0x00000000c4a00000, 0x00000000c4a00000, 0x00000000c4b00000|  0%| F|  |TAMS 0x00000000c4a00000, 0x00000000c4a00000| Untracked 
|  17|0x00000000c4b00000, 0x00000000c4c00000, 0x00000000c4c00000|100%|HS|  |TAMS 0x00000000c4b00000, 0x00000000c4b00000| Complete 
|  18|0x00000000c4c00000, 0x00000000c4d00000, 0x00000000c4d00000|100%|HS|  |TAMS 0x00000000c4c00000, 0x00000000c4c00000| Complete 
|  19|0x00000000c4d00000, 0x00000000c4e00000, 0x00000000c4e00000|100%|HS|  |TAMS 0x00000000c4d00000, 0x00000000c4d00000| Complete 
|  20|0x00000000c4e00000, 0x00000000c4f00000, 0x00000000c4f00000|100%|HC|  |TAMS 0x00000000c4e00000, 0x00000000c4e00000| Complete 
|  21|0x00000000c4f00000, 0x00000000c5000000, 0x00000000c5000000|100%|HS|  |TAMS 0x00000000c4f00000, 0x00000000c4f00000| Complete 
|  22|0x00000000c5000000, 0x00000000c5100000, 0x00000000c5100000|100%|HC|  |TAMS 0x00000000c5000000, 0x00000000c5000000| Complete 
|  23|0x00000000c5100000, 0x00000000c5100000, 0x00000000c5200000|  0%| F|  |TAMS 0x00000000c5100000, 0x00000000c5100000| Untracked 
|  24|0x00000000c5200000, 0x00000000c5300000, 0x00000000c5300000|100%|HS|  |TAMS 0x00000000c5200000, 0x00000000c5200000| Complete 
|  25|0x00000000c5300000, 0x00000000c5400000, 0x00000000c5400000|100%|HC|  |TAMS 0x00000000c5300000, 0x00000000c5300000| Complete 
|  26|0x00000000c5400000, 0x00000000c5400000, 0x00000000c5500000|  0%| F|  |TAMS 0x00000000c5400000, 0x00000000c5400000| Untracked 
|  27|0x00000000c5500000, 0x00000000c5600000, 0x00000000c5600000|100%|HS|  |TAMS 0x00000000c5600000, 0x00000000c5500000| Complete 
|  28|0x00000000c5600000, 0x00000000c5700000, 0x00000000c5700000|100%| O|  |TAMS 0x00000000c5600000, 0x00000000c5600000| Untracked 
|  29|0x00000000c5700000, 0x00000000c5740c00, 0x00000000c5800000| 25%| O|  |TAMS 0x00000000c5700000, 0x00000000c5700000| Untracked 
|  30|0x00000000c5800000, 0x00000000c5900000, 0x00000000c5900000|100%|HS|  |TAMS 0x00000000c5800000, 0x00000000c5800000| Complete 
|  31|0x00000000c5900000, 0x00000000c5a00000, 0x00000000c5a00000|100%|HS|  |TAMS 0x00000000c5900000, 0x00000000c5900000| Complete 
|  32|0x00000000c5a00000, 0x00000000c5b00000, 0x00000000c5b00000|100%|HC|  |TAMS 0x00000000c5a00000, 0x00000000c5a00000| Complete 
|  33|0x00000000c5b00000, 0x00000000c5c00000, 0x00000000c5c00000|100%|HS|  |TAMS 0x00000000c5b00000, 0x00000000c5b00000| Complete 
|  34|0x00000000c5c00000, 0x00000000c5d00000, 0x00000000c5d00000|100%|HC|  |TAMS 0x00000000c5c00000, 0x00000000c5c00000| Complete 
|  35|0x00000000c5d00000, 0x00000000c5e00000, 0x00000000c5e00000|100%|HS|  |TAMS 0x00000000c5d00000, 0x00000000c5d00000| Complete 
|  36|0x00000000c5e00000, 0x00000000c5f00000, 0x00000000c5f00000|100%|HC|  |TAMS 0x00000000c5e00000, 0x00000000c5e00000| Complete 
|  37|0x00000000c5f00000, 0x00000000c6000000, 0x00000000c6000000|100%|HS|  |TAMS 0x00000000c5f00000, 0x00000000c5f00000| Complete 
|  38|0x00000000c6000000, 0x00000000c6100000, 0x00000000c6100000|100%|HC|  |TAMS 0x00000000c6000000, 0x00000000c6000000| Complete 
|  39|0x00000000c6100000, 0x00000000c6200000, 0x00000000c6200000|100%|HS|  |TAMS 0x00000000c6100000, 0x00000000c6100000| Complete 
|  40|0x00000000c6200000, 0x00000000c6300000, 0x00000000c6300000|100%|HC|  |TAMS 0x00000000c6200000, 0x00000000c6200000| Complete 
|  41|0x00000000c6300000, 0x00000000c6400000, 0x00000000c6400000|100%|HS|  |TAMS 0x00000000c6300000, 0x00000000c6300000| Complete 
|  42|0x00000000c6400000, 0x00000000c6500000, 0x00000000c6500000|100%|HC|  |TAMS 0x00000000c6400000, 0x00000000c6400000| Complete 
|  43|0x00000000c6500000, 0x00000000c6600000, 0x00000000c6600000|100%|HS|  |TAMS 0x00000000c6500000, 0x00000000c6500000| Complete 
|  44|0x00000000c6600000, 0x00000000c6700000, 0x00000000c6700000|100%|HC|  |TAMS 0x00000000c6600000, 0x00000000c6600000| Complete 
|  45|0x00000000c6700000, 0x00000000c6726098, 0x00000000c6800000| 14%| S|CS|TAMS 0x00000000c6700000, 0x00000000c6700000| Complete 
|  46|0x00000000c6800000, 0x00000000c6800000, 0x00000000c6900000|  0%| F|  |TAMS 0x00000000c6800000, 0x00000000c6800000| Untracked 
|  47|0x00000000c6900000, 0x00000000c6a00000, 0x00000000c6a00000|100%|HS|  |TAMS 0x00000000c6900000, 0x00000000c6900000| Complete 
|  48|0x00000000c6a00000, 0x00000000c6b00000, 0x00000000c6b00000|100%|HC|  |TAMS 0x00000000c6a00000, 0x00000000c6a00000| Complete 
|  49|0x00000000c6b00000, 0x00000000c6c00000, 0x00000000c6c00000|100%|HS|  |TAMS 0x00000000c6b00000, 0x00000000c6b00000| Complete 
|  50|0x00000000c6c00000, 0x00000000c6d00000, 0x00000000c6d00000|100%|HC|  |TAMS 0x00000000c6c00000, 0x00000000c6c00000| Complete 
|  51|0x00000000c6d00000, 0x00000000c6e00000, 0x00000000c6e00000|100%|HS|  |TAMS 0x00000000c6d00000, 0x00000000c6d00000| Complete 
|  52|0x00000000c6e00000, 0x00000000c6f00000, 0x00000000c6f00000|100%|HC|  |TAMS 0x00000000c6e00000, 0x00000000c6e00000| Complete 
|  53|0x00000000c6f00000, 0x00000000c7000000, 0x00000000c7000000|100%|HS|  |TAMS 0x00000000c6f00000, 0x00000000c6f00000| Complete 
|  54|0x00000000c7000000, 0x00000000c7100000, 0x00000000c7100000|100%|HC|  |TAMS 0x00000000c7000000, 0x00000000c7000000| Complete 
|  55|0x00000000c7100000, 0x00000000c7200000, 0x00000000c7200000|100%|HS|  |TAMS 0x00000000c7100000, 0x00000000c7100000| Complete 
|  56|0x00000000c7200000, 0x00000000c7300000, 0x00000000c7300000|100%|HC|  |TAMS 0x00000000c7200000, 0x00000000c7200000| Complete 
|  57|0x00000000c7300000, 0x00000000c7400000, 0x00000000c7400000|100%|HS|  |TAMS 0x00000000c7300000, 0x00000000c7300000| Complete 
|  58|0x00000000c7400000, 0x00000000c7500000, 0x00000000c7500000|100%|HC|  |TAMS 0x00000000c7400000, 0x00000000c7400000| Complete 
|  59|0x00000000c7500000, 0x00000000c7600000, 0x00000000c7600000|100%|HS|  |TAMS 0x00000000c7500000, 0x00000000c7500000| Complete 
|  60|0x00000000c7600000, 0x00000000c7700000, 0x00000000c7700000|100%|HC|  |TAMS 0x00000000c7600000, 0x00000000c7600000| Complete 
|  61|0x00000000c7700000, 0x00000000c776a1f8, 0x00000000c7800000| 41%| E|  |TAMS 0x00000000c7700000, 0x00000000c7700000| Complete 
|  62|0x00000000c7800000, 0x00000000c7900000, 0x00000000c7900000|100%|HS|  |TAMS 0x00000000c7800000, 0x00000000c7800000| Complete 
|  63|0x00000000c7900000, 0x00000000c7a00000, 0x00000000c7a00000|100%|HC|  |TAMS 0x00000000c7900000, 0x00000000c7900000| Complete 
|  64|0x00000000c7a00000, 0x00000000c7b00000, 0x00000000c7b00000|100%|HS|  |TAMS 0x00000000c7a00000, 0x00000000c7a00000| Complete 
|  65|0x00000000c7b00000, 0x00000000c7c00000, 0x00000000c7c00000|100%|HC|  |TAMS 0x00000000c7b00000, 0x00000000c7b00000| Complete 
|  66|0x00000000c7c00000, 0x00000000c7d00000, 0x00000000c7d00000|100%|HS|  |TAMS 0x00000000c7c00000, 0x00000000c7c00000| Complete 
|  67|0x00000000c7d00000, 0x00000000c7e00000, 0x00000000c7e00000|100%|HC|  |TAMS 0x00000000c7d00000, 0x00000000c7d00000| Complete 
|  68|0x00000000c7e00000, 0x00000000c7f00000, 0x00000000c7f00000|100%|HS|  |TAMS 0x00000000c7e00000, 0x00000000c7e00000| Complete 
|  69|0x00000000c7f00000, 0x00000000c8000000, 0x00000000c8000000|100%|HC|  |TAMS 0x00000000c7f00000, 0x00000000c7f00000| Complete 
|  70|0x00000000c8000000, 0x00000000c8100000, 0x00000000c8100000|100%|HS|  |TAMS 0x00000000c8000000, 0x00000000c8000000| Complete 
|  71|0x00000000c8100000, 0x00000000c8200000, 0x00000000c8200000|100%|HC|  |TAMS 0x00000000c8100000, 0x00000000c8100000| Complete 
|  72|0x00000000c8200000, 0x00000000c8300000, 0x00000000c8300000|100%|HS|  |TAMS 0x00000000c8200000, 0x00000000c8200000| Complete 
|  73|0x00000000c8300000, 0x00000000c8400000, 0x00000000c8400000|100%|HC|  |TAMS 0x00000000c8300000, 0x00000000c8300000| Complete 
|  74|0x00000000c8400000, 0x00000000c8500000, 0x00000000c8500000|100%|HS|  |TAMS 0x00000000c8400000, 0x00000000c8400000| Complete 
|  75|0x00000000c8500000, 0x00000000c8600000, 0x00000000c8600000|100%|HC|  |TAMS 0x00000000c8500000, 0x00000000c8500000| Complete 
|  76|0x00000000c8600000, 0x00000000c8700000, 0x00000000c8700000|100%|HS|  |TAMS 0x00000000c8600000, 0x00000000c8600000| Complete 
|  77|0x00000000c8700000, 0x00000000c8800000, 0x00000000c8800000|100%|HC|  |TAMS 0x00000000c8700000, 0x00000000c8700000| Complete 
|  78|0x00000000c8800000, 0x00000000c8900000, 0x00000000c8900000|100%|HS|  |TAMS 0x00000000c8800000, 0x00000000c8800000| Complete 
|  79|0x00000000c8900000, 0x00000000c8a00000, 0x00000000c8a00000|100%|HC|  |TAMS 0x00000000c8900000, 0x00000000c8900000| Complete 
|  80|0x00000000c8a00000, 0x00000000c8b00000, 0x00000000c8b00000|100%|HS|  |TAMS 0x00000000c8a00000, 0x00000000c8a00000| Complete 
|  81|0x00000000c8b00000, 0x00000000c8c00000, 0x00000000c8c00000|100%|HC|  |TAMS 0x00000000c8b00000, 0x00000000c8b00000| Complete 
|  82|0x00000000c8c00000, 0x00000000c8d00000, 0x00000000c8d00000|100%|HS|  |TAMS 0x00000000c8c00000, 0x00000000c8c00000| Complete 
|  83|0x00000000c8d00000, 0x00000000c8e00000, 0x00000000c8e00000|100%|HC|  |TAMS 0x00000000c8d00000, 0x00000000c8d00000| Complete 
|  84|0x00000000c8e00000, 0x00000000c8f00000, 0x00000000c8f00000|100%|HS|  |TAMS 0x00000000c8e00000, 0x00000000c8e00000| Complete 
|  85|0x00000000c8f00000, 0x00000000c9000000, 0x00000000c9000000|100%|HC|  |TAMS 0x00000000c8f00000, 0x00000000c8f00000| Complete 
|  86|0x00000000c9000000, 0x00000000c9100000, 0x00000000c9100000|100%|HS|  |TAMS 0x00000000c9000000, 0x00000000c9000000| Complete 
|  87|0x00000000c9100000, 0x00000000c9200000, 0x00000000c9200000|100%|HC|  |TAMS 0x00000000c9100000, 0x00000000c9100000| Complete 
|  88|0x00000000c9200000, 0x00000000c9300000, 0x00000000c9300000|100%|HS|  |TAMS 0x00000000c9200000, 0x00000000c9200000| Complete 
|  89|0x00000000c9300000, 0x00000000c9400000, 0x00000000c9400000|100%|HC|  |TAMS 0x00000000c9300000, 0x00000000c9300000| Complete 
|  90|0x00000000c9400000, 0x00000000c9500000, 0x00000000c9500000|100%|HS|  |TAMS 0x00000000c9400000, 0x00000000c9400000| Complete 
|  91|0x00000000c9500000, 0x00000000c9600000, 0x00000000c9600000|100%|HC|  |TAMS 0x00000000c9500000, 0x00000000c9500000| Complete 
|  92|0x00000000c9600000, 0x00000000c9700000, 0x00000000c9700000|100%|HS|  |TAMS 0x00000000c9600000, 0x00000000c9600000| Complete 
|  93|0x00000000c9700000, 0x00000000c9800000, 0x00000000c9800000|100%|HC|  |TAMS 0x00000000c9700000, 0x00000000c9700000| Complete 
|  94|0x00000000c9800000, 0x00000000c9900000, 0x00000000c9900000|100%|HS|  |TAMS 0x00000000c9800000, 0x00000000c9800000| Complete 
|  95|0x00000000c9900000, 0x00000000c9a00000, 0x00000000c9a00000|100%|HC|  |TAMS 0x00000000c9900000, 0x00000000c9900000| Complete 
|  96|0x00000000c9a00000, 0x00000000c9b00000, 0x00000000c9b00000|100%|HS|  |TAMS 0x00000000c9a00000, 0x00000000c9a00000| Complete 
|  97|0x00000000c9b00000, 0x00000000c9c00000, 0x00000000c9c00000|100%|HC|  |TAMS 0x00000000c9b00000, 0x00000000c9b00000| Complete 
|  98|0x00000000c9c00000, 0x00000000c9d00000, 0x00000000c9d00000|100%|HC|  |TAMS 0x00000000c9c00000, 0x00000000c9c00000| Complete 
|  99|0x00000000c9d00000, 0x00000000c9e00000, 0x00000000c9e00000|100%|HS|  |TAMS 0x00000000c9d00000, 0x00000000c9d00000| Complete 
| 100|0x00000000c9e00000, 0x00000000c9f00000, 0x00000000c9f00000|100%|HC|  |TAMS 0x00000000c9e00000, 0x00000000c9e00000| Complete 
| 101|0x00000000c9f00000, 0x00000000ca000000, 0x00000000ca000000|100%|HC|  |TAMS 0x00000000c9f00000, 0x00000000c9f00000| Complete 
| 102|0x00000000ca000000, 0x00000000ca100000, 0x00000000ca100000|100%|HS|  |TAMS 0x00000000ca000000, 0x00000000ca000000| Complete 
| 103|0x00000000ca100000, 0x00000000ca200000, 0x00000000ca200000|100%|HC|  |TAMS 0x00000000ca100000, 0x00000000ca100000| Complete 
| 104|0x00000000ca200000, 0x00000000ca300000, 0x00000000ca300000|100%|HC|  |TAMS 0x00000000ca200000, 0x00000000ca200000| Complete 
| 105|0x00000000ca300000, 0x00000000ca400000, 0x00000000ca400000|100%|HS|  |TAMS 0x00000000ca300000, 0x00000000ca300000| Complete 
| 106|0x00000000ca400000, 0x00000000ca500000, 0x00000000ca500000|100%|HC|  |TAMS 0x00000000ca400000, 0x00000000ca400000| Complete 
| 107|0x00000000ca500000, 0x00000000ca600000, 0x00000000ca600000|100%|HC|  |TAMS 0x00000000ca500000, 0x00000000ca500000| Complete 
| 108|0x00000000ca600000, 0x00000000ca700000, 0x00000000ca700000|100%|HS|  |TAMS 0x00000000ca600000, 0x00000000ca600000| Complete 
| 109|0x00000000ca700000, 0x00000000ca800000, 0x00000000ca800000|100%|HC|  |TAMS 0x00000000ca700000, 0x00000000ca700000| Complete 
| 110|0x00000000ca800000, 0x00000000ca900000, 0x00000000ca900000|100%|HC|  |TAMS 0x00000000ca800000, 0x00000000ca800000| Complete 
| 111|0x00000000ca900000, 0x00000000caa00000, 0x00000000caa00000|100%|HS|  |TAMS 0x00000000ca900000, 0x00000000ca900000| Complete 
| 112|0x00000000caa00000, 0x00000000cab00000, 0x00000000cab00000|100%|HC|  |TAMS 0x00000000caa00000, 0x00000000caa00000| Complete 
| 113|0x00000000cab00000, 0x00000000cac00000, 0x00000000cac00000|100%|HC|  |TAMS 0x00000000cab00000, 0x00000000cab00000| Complete 
| 114|0x00000000cac00000, 0x00000000cad00000, 0x00000000cad00000|100%|HS|  |TAMS 0x00000000cac00000, 0x00000000cac00000| Complete 
| 115|0x00000000cad00000, 0x00000000cae00000, 0x00000000cae00000|100%|HC|  |TAMS 0x00000000cad00000, 0x00000000cad00000| Complete 
| 116|0x00000000cae00000, 0x00000000caf00000, 0x00000000caf00000|100%|HC|  |TAMS 0x00000000cae00000, 0x00000000cae00000| Complete 
| 117|0x00000000caf00000, 0x00000000cb000000, 0x00000000cb000000|100%|HS|  |TAMS 0x00000000caf00000, 0x00000000caf00000| Complete 
| 118|0x00000000cb000000, 0x00000000cb100000, 0x00000000cb100000|100%|HC|  |TAMS 0x00000000cb000000, 0x00000000cb000000| Complete 
| 119|0x00000000cb100000, 0x00000000cb200000, 0x00000000cb200000|100%|HC|  |TAMS 0x00000000cb100000, 0x00000000cb100000| Complete 
| 120|0x00000000cb200000, 0x00000000cb200000, 0x00000000cb300000|  0%| F|  |TAMS 0x00000000cb200000, 0x00000000cb200000| Untracked 

Card table byte_map: [0x000001837ecd0000,0x000001837eec0000] _byte_map_base: 0x000001837e6b3000

Marking Bits (Prev, Next): (CMBitMap*) 0x000001837ea4acd0, (CMBitMap*) 0x000001837ea4ac90
 Prev Bits: [0x00000183167f0000, 0x0000018317708000)
 Next Bits: [0x000001837f0b0000, 0x000001837ffc8000)

Polling page: 0x000001837ca00000

Metaspace:

Usage:
  Non-class:      6.01 MB used.
      Class:    703.29 KB used.
       Both:      6.70 MB used.

Virtual space:
  Non-class space:       64.00 MB reserved,       6.06 MB (  9%) committed,  1 nodes.
      Class space:        1.00 GB reserved,     832.00 KB ( <1%) committed,  1 nodes.
             Both:        1.06 GB reserved,       6.88 MB ( <1%) committed. 

Chunk freelists:
   Non-Class:  9.00 MB
       Class:  15.24 MB
        Both:  24.25 MB

MaxMetaspaceSize: unlimited
CompressedClassSpaceSize: 1.00 GB
Initial GC threshold: 21.00 MB
Current GC threshold: 21.00 MB
CDS: on
MetaspaceReclaimPolicy: balanced
 - commit_granule_bytes: 65536.
 - commit_granule_words: 8192.
 - virtual_space_node_default_size: 8388608.
 - enlarge_chunks_in_place: 1.
 - new_chunks_are_fully_committed: 0.
 - uncommit_free_chunks: 1.
 - use_allocation_guard: 0.
 - handle_deallocations: 1.


Internal statistics:

num_allocs_failed_limit: 0.
num_arena_births: 118.
num_arena_deaths: 0.
num_vsnodes_births: 2.
num_vsnodes_deaths: 0.
num_space_committed: 110.
num_space_uncommitted: 0.
num_chunks_returned_to_freelist: 0.
num_chunks_taken_from_freelist: 167.
num_chunk_merges: 0.
num_chunk_splits: 90.
num_chunks_enlarged: 20.
num_inconsistent_stats: 0.

CodeHeap 'non-profiled nmethods': size=120000Kb used=318Kb max_used=318Kb free=119681Kb
 bounds [0x000001830f2c0000, 0x000001830f530000, 0x00000183167f0000]
CodeHeap 'profiled nmethods': size=120000Kb used=2060Kb max_used=2060Kb free=117939Kb
 bounds [0x00000183077f0000, 0x0000018307a60000, 0x000001830ed20000]
CodeHeap 'non-nmethods': size=5760Kb used=1268Kb max_used=1284Kb free=4491Kb
 bounds [0x000001830ed20000, 0x000001830ef90000, 0x000001830f2c0000]
 total_blobs=1816 nmethods=1240 adapters=488
 compilation: enabled
              stopped_count=0, restarted_count=0
 full_count=0

Compilation events (20 events):
Event: 5.789 Thread 0x0000018319ba5bd0 1231       1       java.awt.image.SampleModel::getHeight (5 bytes)
Event: 5.789 Thread 0x0000018319ba5bd0 nmethod 1231 0x000001830f30e190 code [0x000001830f30e320, 0x000001830f30e3f8]
Event: 5.789 Thread 0x0000018319ba5bd0 1232       1       java.awt.image.DataBuffer::getNumBanks (5 bytes)
Event: 5.789 Thread 0x0000018319ba5bd0 nmethod 1232 0x000001830f30e490 code [0x000001830f30e620, 0x000001830f30e6f8]
Event: 5.811 Thread 0x0000018319ba5bd0 1233       1       java.awt.image.DataBuffer::getDataType (5 bytes)
Event: 5.811 Thread 0x0000018319ba5bd0 nmethod 1233 0x000001830f30e790 code [0x000001830f30e920, 0x000001830f30e9f8]
Event: 5.811 Thread 0x0000018319ba5bd0 1234       3       java.awt.Image::<init> (11 bytes)
Event: 5.811 Thread 0x0000018319ba5bd0 nmethod 1234 0x00000183079f2990 code [0x00000183079f2b20, 0x00000183079f2c98]
Event: 5.811 Thread 0x0000018319ba5bd0 1235       1       java.awt.image.ColorModel::getNumComponents (5 bytes)
Event: 5.812 Thread 0x0000018319ba5bd0 nmethod 1235 0x000001830f30ea90 code [0x000001830f30ec20, 0x000001830f30ecf8]
Event: 5.812 Thread 0x0000018319ba5bd0 1236       1       java.awt.image.SampleModel::getTransferType (5 bytes)
Event: 5.812 Thread 0x0000018319ba5bd0 nmethod 1236 0x000001830f30ed90 code [0x000001830f30ef20, 0x000001830f30eff8]
Event: 5.812 Thread 0x0000018319ba5bd0 1237       1       java.awt.image.Raster::getNumBands (5 bytes)
Event: 5.812 Thread 0x0000018319ba5bd0 nmethod 1237 0x000001830f30f090 code [0x000001830f30f220, 0x000001830f30f2f8]
Event: 5.812 Thread 0x0000018319ba5bd0 1238       1       java.awt.image.ColorModel::getColorSpace (5 bytes)
Event: 5.812 Thread 0x0000018319ba5bd0 nmethod 1238 0x000001830f30f390 code [0x000001830f30f520, 0x000001830f30f5f8]
Event: 5.814 Thread 0x0000018319ba5bd0 1239       3       sun.java2d.pipe.Region::getInstanceXYWH (16 bytes)
Event: 5.815 Thread 0x0000018319ba5bd0 nmethod 1239 0x00000183079f2d90 code [0x00000183079f2f40, 0x00000183079f3228]
Event: 5.852 Thread 0x0000018319ba5bd0 1240       1       java.awt.FlowLayout::getAlignOnBaseline (5 bytes)
Event: 5.852 Thread 0x0000018319ba5bd0 nmethod 1240 0x000001830f30f690 code [0x000001830f30f820, 0x000001830f30f8f8]

GC Heap History (6 events):
Event: 3.338 GC heap before
{Heap before GC invocations=0 (full 0):
 garbage-first heap   total 63488K, used 19456K [0x00000000c3a00000, 0x0000000100000000)
  region size 1024K, 13 young (13312K), 0 survivors (0K)
 Metaspace       used 6589K, committed 6784K, reserved 1114112K
  class space    used 703K, committed 832K, reserved 1048576K
}
Event: 3.349 GC heap after
{Heap after GC invocations=1 (full 0):
 garbage-first heap   total 63488K, used 10436K [0x00000000c3a00000, 0x0000000100000000)
  region size 1024K, 2 young (2048K), 2 survivors (2048K)
 Metaspace       used 6589K, committed 6784K, reserved 1114112K
  class space    used 703K, committed 832K, reserved 1048576K
}
Event: 4.860 GC heap before
{Heap before GC invocations=1 (full 0):
 garbage-first heap   total 63488K, used 41156K [0x00000000c3a00000, 0x0000000100000000)
  region size 1024K, 15 young (15360K), 2 survivors (2048K)
 Metaspace       used 6758K, committed 6976K, reserved 1114112K
  class space    used 703K, committed 832K, reserved 1048576K
}
Event: 4.867 GC heap after
{Heap after GC invocations=2 (full 0):
 garbage-first heap   total 63488K, used 30313K [0x00000000c3a00000, 0x0000000100000000)
  region size 1024K, 1 young (1024K), 1 survivors (1024K)
 Metaspace       used 6758K, committed 6976K, reserved 1114112K
  class space    used 703K, committed 832K, reserved 1048576K
}
Event: 5.271 GC heap before
{Heap before GC invocations=3 (full 0):
 garbage-first heap   total 63488K, used 58985K [0x00000000c3a00000, 0x0000000100000000)
  region size 1024K, 2 young (2048K), 1 survivors (1024K)
 Metaspace       used 6827K, committed 7040K, reserved 1114112K
  class space    used 703K, committed 832K, reserved 1048576K
}
Event: 5.272 GC heap after
{Heap after GC invocations=4 (full 0):
 garbage-first heap   total 63488K, used 51611K [0x00000000c3a00000, 0x0000000100000000)
  region size 1024K, 1 young (1024K), 1 survivors (1024K)
 Metaspace       used 6827K, committed 7040K, reserved 1114112K
  class space    used 703K, committed 832K, reserved 1048576K
}

Deoptimization events (20 events):
Event: 2.250 Thread 0x000001835f2d27e0 DEOPT PACKING pc=0x00000183078eae19 sp=0x0000005f846fe4e0
Event: 2.250 Thread 0x000001835f2d27e0 DEOPT UNPACKING pc=0x000001830ed766e3 sp=0x0000005f846fd970 mode 0
Event: 2.250 Thread 0x000001835f2d27e0 DEOPT PACKING pc=0x00000183078eae19 sp=0x0000005f846fe4e0
Event: 2.250 Thread 0x000001835f2d27e0 DEOPT UNPACKING pc=0x000001830ed766e3 sp=0x0000005f846fd970 mode 0
Event: 2.251 Thread 0x000001835f2d27e0 DEOPT PACKING pc=0x00000183078eae19 sp=0x0000005f846fe4e0
Event: 2.251 Thread 0x000001835f2d27e0 DEOPT UNPACKING pc=0x000001830ed766e3 sp=0x0000005f846fd970 mode 0
Event: 2.251 Thread 0x000001835f2d27e0 DEOPT PACKING pc=0x00000183078eae19 sp=0x0000005f846fe4e0
Event: 2.251 Thread 0x000001835f2d27e0 DEOPT UNPACKING pc=0x000001830ed766e3 sp=0x0000005f846fd970 mode 0
Event: 2.252 Thread 0x000001835f2d27e0 DEOPT PACKING pc=0x00000183078eae19 sp=0x0000005f846fe4e0
Event: 2.252 Thread 0x000001835f2d27e0 DEOPT UNPACKING pc=0x000001830ed766e3 sp=0x0000005f846fd970 mode 0
Event: 2.252 Thread 0x000001835f2d27e0 DEOPT PACKING pc=0x00000183078eae19 sp=0x0000005f846fe4e0
Event: 2.252 Thread 0x000001835f2d27e0 DEOPT UNPACKING pc=0x000001830ed766e3 sp=0x0000005f846fd970 mode 0
Event: 2.380 Thread 0x000001837ea0ee40 Uncommon trap: trap_request=0xffffff45 fr.pc=0x000001830f2e3240 relative=0x0000000000000340
Event: 2.380 Thread 0x000001837ea0ee40 Uncommon trap: reason=unstable_if action=reinterpret pc=0x000001830f2e3240 method=java.lang.StringUTF16.compress([CI[BII)I @ 20 c2
Event: 2.380 Thread 0x000001837ea0ee40 DEOPT PACKING pc=0x000001830f2e3240 sp=0x0000005f830fcd50
Event: 2.380 Thread 0x000001837ea0ee40 DEOPT UNPACKING pc=0x000001830ed75ba3 sp=0x0000005f830fccd0 mode 2
Event: 3.011 Thread 0x000001835f34bb40 Uncommon trap: trap_request=0xffffff45 fr.pc=0x000001830f2edfd4 relative=0x00000000000007f4
Event: 3.011 Thread 0x000001835f34bb40 Uncommon trap: reason=unstable_if action=reinterpret pc=0x000001830f2edfd4 method=java.util.HashMap.putVal(ILjava/lang/Object;Ljava/lang/Object;ZZ)Ljava/lang/Object; @ 181 c2
Event: 3.011 Thread 0x000001835f34bb40 DEOPT PACKING pc=0x000001830f2edfd4 sp=0x0000005f847fd2f0
Event: 3.011 Thread 0x000001835f34bb40 DEOPT UNPACKING pc=0x000001830ed75ba3 sp=0x0000005f847fd228 mode 2

Classes unloaded (0 events):
No events

Classes redefined (0 events):
No events

Internal exceptions (20 events):
Event: 1.931 Thread 0x000001837ea0ee40 Exception <a 'java/lang/NoSuchMethodError'{0x00000000c7583620}: 'void java.lang.invoke.DirectMethodHandle$Holder.invokeSpecial(java.lang.Object, java.lang.Object, java.lang.Object)'> (0x00000000c7583620) 
thrown [s\open\src\hotspot\share\interpreter\linkResolver.cpp, line 759]
Event: 1.963 Thread 0x000001837ea0ee40 Exception <a 'java/lang/NoSuchMethodError'{0x00000000c75f06b8}: 'java.lang.Object java.lang.invoke.DirectMethodHandle$Holder.newInvokeSpecial(java.lang.Object, java.lang.Object, java.lang.Object, java.lang.Object, java.lang.Object)'> (0x00000000c75f06b8) 
thrown [s\open\src\hotspot\share\interpreter\linkResolver.cpp, line 759]
Event: 1.966 Thread 0x000001837ea0ee40 Exception <a 'java/lang/NoSuchMethodError'{0x00000000c75fc080}: 'java.lang.Object java.lang.invoke.DirectMethodHandle$Holder.invokeStatic(java.lang.Object, int, java.lang.Object, java.lang.Object, java.lang.Object, java.lang.Object)'> (0x00000000c75fc080) 
thrown [s\open\src\hotspot\share\interpreter\linkResolver.cpp, line 759]
Event: 1.973 Thread 0x000001837ea0ee40 Exception <a 'java/lang/NoSuchMethodError'{0x00000000c7421ce0}: 'java.lang.Object java.lang.invoke.DirectMethodHandle$Holder.invokeStatic(java.lang.Object, int, java.lang.Object)'> (0x00000000c7421ce0) 
thrown [s\open\src\hotspot\share\interpreter\linkResolver.cpp, line 759]
Event: 2.005 Thread 0x000001837ea0ee40 Exception <a 'java/lang/ClassNotFoundException'{0x00000000c74d9c50}: com/sun/swing/internal/plaf/metal/resources/spi/metalProvider> (0x00000000c74d9c50) 
thrown [s\open\src\hotspot\share\classfile\systemDictionary.cpp, line 256]
Event: 2.007 Thread 0x000001837ea0ee40 Exception <a 'java/lang/ClassNotFoundException'{0x00000000c74ddad8}: com/sun/swing/internal/plaf/basic/resources/spi/basicProvider> (0x00000000c74ddad8) 
thrown [s\open\src\hotspot\share\classfile\systemDictionary.cpp, line 256]
Event: 2.177 Thread 0x000001835f2d27e0 Exception <a 'java/lang/NoSuchMethodError'{0x00000000c727f548}: 'java.lang.Object java.lang.invoke.DirectMethodHandle$Holder.newInvokeSpecial(java.lang.Object, java.lang.Object, java.lang.Object, int, int, int, int, int)'> (0x00000000c727f548) 
thrown [s\open\src\hotspot\share\interpreter\linkResolver.cpp, line 759]
Event: 2.274 Thread 0x000001835f268c10 Exception <a 'java/lang/NoSuchMethodError'{0x00000000c7595100}: 'void java.lang.invoke.DirectMethodHandle$Holder.invokeVirtual(java.lang.Object, java.lang.Object)'> (0x00000000c7595100) 
thrown [s\open\src\hotspot\share\interpreter\linkResolver.cpp, line 759]
Event: 2.316 Thread 0x000001837ea0ee40 Exception <a 'java/lang/NoSuchMethodError'{0x00000000c6ce5d90}: 'void java.lang.invoke.DirectMethodHandle$Holder.invokeStaticInit(java.lang.Object)'> (0x00000000c6ce5d90) 
thrown [s\open\src\hotspot\share\interpreter\linkResolver.cpp, line 759]
Event: 3.050 Thread 0x000001835f34bb40 Exception <a 'sun/java2d/InvalidPipeException'{0x00000000c6cac938}: GDIWindowSurfaceData: bounds changed> (0x00000000c6cac938) 
thrown [s\open\src\hotspot\share\prims\jni.cpp, line 535]
Event: 3.052 Thread 0x000001835f34bb40 Exception <a 'sun/java2d/InvalidPipeException'{0x00000000c6cacf48}: GDIWindowSurfaceData: bounds changed> (0x00000000c6cacf48) 
thrown [s\open\src\hotspot\share\prims\jni.cpp, line 535]
Event: 3.160 Thread 0x000001835f34bb40 Exception <a 'sun/java2d/InvalidPipeException'{0x00000000c6cbe768}: GDIWindowSurfaceData: bounds changed> (0x00000000c6cbe768) 
thrown [s\open\src\hotspot\share\prims\jni.cpp, line 535]
Event: 3.164 Thread 0x000001835f34bb40 Exception <a 'sun/java2d/InvalidPipeException'{0x00000000c6cbed78}: GDIWindowSurfaceData: bounds changed> (0x00000000c6cbed78) 
thrown [s\open\src\hotspot\share\prims\jni.cpp, line 535]
Event: 4.685 Thread 0x000001835f34bb40 Exception <a 'sun/java2d/InvalidPipeException'{0x00000000c70cdde8}: GDIWindowSurfaceData: bounds changed> (0x00000000c70cdde8) 
thrown [s\open\src\hotspot\share\prims\jni.cpp, line 535]
Event: 4.895 Thread 0x000001835f34bb40 Exception <a 'sun/java2d/InvalidPipeException'{0x00000000c7705140}: GDIWindowSurfaceData: bounds changed> (0x00000000c7705140) 
thrown [s\open\src\hotspot\share\prims\jni.cpp, line 535]
Event: 5.301 Thread 0x000001835f34bb40 Exception <a 'sun/java2d/InvalidPipeException'{0x00000000c7704b80}: GDIWindowSurfaceData: bounds changed> (0x00000000c7704b80) 
thrown [s\open\src\hotspot\share\prims\jni.cpp, line 535]
Event: 5.332 Thread 0x000001835f34bb40 Exception <a 'sun/java2d/InvalidPipeException'{0x00000000c77131e8}: GDIWindowSurfaceData: bounds changed> (0x00000000c77131e8) 
thrown [s\open\src\hotspot\share\prims\jni.cpp, line 535]
Event: 5.569 Thread 0x000001835f34bb40 Exception <a 'sun/java2d/InvalidPipeException'{0x00000000c773d658}: GDIWindowSurfaceData: bounds changed> (0x00000000c773d658) 
thrown [s\open\src\hotspot\share\prims\jni.cpp, line 535]
Event: 5.613 Thread 0x000001835f34bb40 Exception <a 'sun/java2d/InvalidPipeException'{0x00000000c7744660}: GDIWindowSurfaceData: bounds changed> (0x00000000c7744660) 
thrown [s\open\src\hotspot\share\prims\jni.cpp, line 535]
Event: 5.701 Thread 0x000001835f34bb40 Exception <a 'sun/java2d/InvalidPipeException'{0x00000000c7751c30}: GDIWindowSurfaceData: bounds changed> (0x00000000c7751c30) 
thrown [s\open\src\hotspot\share\prims\jni.cpp, line 535]

VM Operations (20 events):
Event: 2.224 Executing VM operation: HandshakeAllThreads
Event: 2.224 Executing VM operation: HandshakeAllThreads done
Event: 2.295 Executing VM operation: HandshakeAllThreads
Event: 2.295 Executing VM operation: HandshakeAllThreads done
Event: 2.295 Executing VM operation: Cleanup
Event: 2.295 Executing VM operation: Cleanup done
Event: 2.537 Executing VM operation: HandshakeAllThreads
Event: 2.537 Executing VM operation: HandshakeAllThreads done
Event: 3.335 Executing VM operation: G1CollectForAllocation
Event: 3.350 Executing VM operation: G1CollectForAllocation done
Event: 4.358 Executing VM operation: Cleanup
Event: 4.358 Executing VM operation: Cleanup done
Event: 4.860 Executing VM operation: G1TryInitiateConcMark
Event: 4.867 Executing VM operation: G1TryInitiateConcMark done
Event: 4.872 Executing VM operation: G1Concurrent
Event: 4.875 Executing VM operation: G1Concurrent done
Event: 4.880 Executing VM operation: G1Concurrent
Event: 4.881 Executing VM operation: G1Concurrent done
Event: 5.271 Executing VM operation: G1CollectForAllocation
Event: 5.272 Executing VM operation: G1CollectForAllocation done

Events (20 events):
Event: 3.014 loading class sun/font/FontScaler
Event: 3.014 loading class sun/font/FontScaler done
Event: 3.014 loading class sun/font/FreetypeFontScaler
Event: 3.015 loading class sun/font/FreetypeFontScaler done
Event: 3.028 loading class sun/font/TrueTypeGlyphMapper
Event: 3.028 loading class sun/font/TrueTypeGlyphMapper done
Event: 3.028 loading class sun/font/CMap
Event: 3.029 loading class sun/font/CMap done
Event: 3.029 loading class sun/font/CMap$NullCMapClass
Event: 3.029 loading class sun/font/CMap$NullCMapClass done
Event: 3.029 loading class sun/font/CMap$CMapFormat4
Event: 3.029 loading class sun/font/CMap$CMapFormat4 done
Event: 3.029 loading class java/nio/ByteBufferAsCharBufferB
Event: 3.030 loading class java/nio/ByteBufferAsCharBufferB done
Event: 3.031 loading class jdk/internal/misc/ScopedMemoryAccess$Scope
Event: 3.032 loading class jdk/internal/misc/ScopedMemoryAccess$Scope done
Event: 3.041 loading class sun/font/FontDesignMetrics$KeyReference
Event: 3.041 loading class sun/font/FontDesignMetrics$KeyReference done
Event: 3.042 loading class sun/awt/image/BufImgSurfaceManager
Event: 3.042 loading class sun/awt/image/BufImgSurfaceManager done


Dynamic libraries:
0x00007ff6a09a0000 - 0x00007ff6a09b0000 	E:\bin\javaw.exe
0x00007ff8efd10000 - 0x00007ff8eff27000 	C:\WINDOWS\SYSTEM32\ntdll.dll
0x00007ff8ef500000 - 0x00007ff8ef5c4000 	C:\WINDOWS\System32\KERNEL32.DLL
0x00007ff8ed550000 - 0x00007ff8ed8fd000 	C:\WINDOWS\System32\KERNELBASE.dll
0x00007ff8ed390000 - 0x00007ff8ed4a1000 	C:\WINDOWS\System32\ucrtbase.dll
0x00007ff8e7fd0000 - 0x00007ff8e7fe9000 	E:\bin\jli.dll
0x00007ff8e9e40000 - 0x00007ff8e9e5b000 	E:\bin\VCRUNTIME140.dll
0x00007ff8ee980000 - 0x00007ff8eea32000 	C:\WINDOWS\System32\ADVAPI32.dll
0x00007ff8ef1f0000 - 0x00007ff8ef297000 	C:\WINDOWS\System32\msvcrt.dll
0x00007ff8eeaa0000 - 0x00007ff8eeb49000 	C:\WINDOWS\System32\sechost.dll
0x00007ff8ed030000 - 0x00007ff8ed058000 	C:\WINDOWS\System32\bcrypt.dll
0x00007ff8ee860000 - 0x00007ff8ee974000 	C:\WINDOWS\System32\RPCRT4.dll
0x00007ff8efa40000 - 0x00007ff8efbee000 	C:\WINDOWS\System32\USER32.dll
0x00007ff8ca550000 - 0x00007ff8ca7e3000 	C:\WINDOWS\WinSxS\amd64_microsoft.windows.common-controls_6595b64144ccf1df_6.0.22621.3672_none_2713b9d173822955\COMCTL32.dll
0x00007ff8ed360000 - 0x00007ff8ed386000 	C:\WINDOWS\System32\win32u.dll
0x00007ff8ee830000 - 0x00007ff8ee859000 	C:\WINDOWS\System32\GDI32.dll
0x00007ff8ed060000 - 0x00007ff8ed179000 	C:\WINDOWS\System32\gdi32full.dll
0x00007ff8ed4b0000 - 0x00007ff8ed54a000 	C:\WINDOWS\System32\msvcp_win.dll
0x00007ff8e6160000 - 0x00007ff8e616a000 	C:\WINDOWS\SYSTEM32\VERSION.dll
0x00007ff8efc90000 - 0x00007ff8efcc1000 	C:\WINDOWS\System32\IMM32.DLL
0x00007ff8e9e30000 - 0x00007ff8e9e3c000 	E:\bin\vcruntime140_1.dll
0x00007ff8a2570000 - 0x00007ff8a25fe000 	E:\bin\msvcp140.dll
0x00007ff8790a0000 - 0x00007ff879c80000 	E:\bin\server\jvm.dll
0x00007ff8ef5f0000 - 0x00007ff8ef5f8000 	C:\WINDOWS\System32\PSAPI.DLL
0x00007ff8e5210000 - 0x00007ff8e5244000 	C:\WINDOWS\SYSTEM32\WINMM.dll
0x00007ff8db2a0000 - 0x00007ff8db2a9000 	C:\WINDOWS\SYSTEM32\WSOCK32.dll
0x00007ff8ef400000 - 0x00007ff8ef471000 	C:\WINDOWS\System32\WS2_32.dll
0x00007ff8ec080000 - 0x00007ff8ec098000 	C:\WINDOWS\SYSTEM32\kernel.appcore.dll
0x00007ff8e5540000 - 0x00007ff8e554a000 	E:\bin\jimage.dll
0x00007ff8eaa90000 - 0x00007ff8eacc2000 	C:\WINDOWS\SYSTEM32\DBGHELP.DLL
0x00007ff8eecb0000 - 0x00007ff8ef03e000 	C:\WINDOWS\System32\combase.dll
0x00007ff8ef820000 - 0x00007ff8ef8f7000 	C:\WINDOWS\System32\OLEAUT32.dll
0x00007ff8bfcc0000 - 0x00007ff8bfcf2000 	C:\WINDOWS\SYSTEM32\dbgcore.DLL
0x00007ff8ed900000 - 0x00007ff8ed97b000 	C:\WINDOWS\System32\bcryptPrimitives.dll
0x00007ff8b5ad0000 - 0x00007ff8b5af5000 	E:\bin\java.dll
0x00007ff8821f0000 - 0x00007ff8822c7000 	E:\bin\jsvml.dll
0x00007ff8eda40000 - 0x00007ff8ee2a7000 	C:\WINDOWS\System32\SHELL32.dll
0x00007ff8eafb0000 - 0x00007ff8eb8af000 	C:\WINDOWS\SYSTEM32\windows.storage.dll
0x00007ff8eacd0000 - 0x00007ff8eae0f000 	C:\WINDOWS\SYSTEM32\wintypes.dll
0x00007ff8eebb0000 - 0x00007ff8eeca9000 	C:\WINDOWS\System32\SHCORE.dll
0x00007ff8eeb50000 - 0x00007ff8eebae000 	C:\WINDOWS\System32\shlwapi.dll
0x00007ff8ecf60000 - 0x00007ff8ecf87000 	C:\WINDOWS\SYSTEM32\profapi.dll
0x00007ff8dbc50000 - 0x00007ff8dbc69000 	E:\bin\net.dll
0x00007ff8e5680000 - 0x00007ff8e57b6000 	C:\WINDOWS\SYSTEM32\WINHTTP.dll
0x00007ff8ec4f0000 - 0x00007ff8ec559000 	C:\WINDOWS\system32\mswsock.dll
0x00007ff8dbb20000 - 0x00007ff8dbb36000 	E:\bin\nio.dll
0x00007ff8b5ab0000 - 0x00007ff8b5ac8000 	E:\bin\zip.dll
0x00007ff8a8ba0000 - 0x00007ff8a8d31000 	E:\bin\awt.dll
0x00007ff8e9e80000 - 0x00007ff8e9f17000 	C:\WINDOWS\SYSTEM32\apphelp.dll
0x00007ff8ea470000 - 0x00007ff8ea49b000 	C:\WINDOWS\system32\DWMAPI.DLL
0x00007ff8ea130000 - 0x00007ff8ea1e1000 	C:\WINDOWS\system32\uxtheme.dll
0x00007ff8def00000 - 0x00007ff8df000000 	C:\WINDOWS\system32\opengl32.dll
0x00007ff8e1ba0000 - 0x00007ff8e1bcd000 	C:\WINDOWS\SYSTEM32\GLU32.dll
0x00007ff8ea220000 - 0x00007ff8ea257000 	C:\WINDOWS\SYSTEM32\dxcore.dll
0x00007ff8ef2a0000 - 0x00007ff8ef3fe000 	C:\WINDOWS\System32\MSCTF.dll
0x00007ff8ef040000 - 0x00007ff8ef1e5000 	C:\WINDOWS\System32\ole32.dll
0x00007ff8e2640000 - 0x00007ff8e266e000 	E:\bin\javajpeg.dll
0x00007ff8aea70000 - 0x00007ff8aeaf7000 	E:\bin\freetype.dll
0x00007ff8a8ab0000 - 0x00007ff8a8b91000 	E:\bin\fontmanager.dll
0x00007ff8de4f0000 - 0x00007ff8de633000 	C:\WINDOWS\SYSTEM32\textinputframework.dll
0x00007ff8e9a80000 - 0x00007ff8e9bb3000 	C:\WINDOWS\SYSTEM32\CoreMessaging.dll
0x00007ff8e3d70000 - 0x00007ff8e40dd000 	C:\WINDOWS\SYSTEM32\CoreUIComponents.dll
0x00007ff8ec760000 - 0x00007ff8ec76c000 	C:\WINDOWS\SYSTEM32\CRYPTBASE.DLL

dbghelp: loaded successfully - version: 4.0.5 - missing functions: none
symbol engine: initialized successfully - sym options: 0x614 - pdb path: .;E:\bin;C:\WINDOWS\SYSTEM32;C:\WINDOWS\WinSxS\amd64_microsoft.windows.common-controls_6595b64144ccf1df_6.0.22621.3672_none_2713b9d173822955;E:\bin\server

VM Arguments:
jvm_args: -Dfile.encoding=Cp1252 -XX:+ShowCodeDetailsInExceptionMessages 
java_command: Electricity.Billing.System.Splash1
java_class_path (initial): C:\Users\91976\OneDrive\Desktop\com.itep.corejava\Electricity Billing Management System\bin;C:\Users\91976\OneDrive\Desktop\com.itep.corejava\Electricity Billing Management System\Library\mysql-connector-java-8.0.28.jar;C:\Users\91976\OneDrive\Desktop\com.itep.corejava\Electricity Billing Management System\Library\rs2xml.jar
Launcher Type: SUN_STANDARD

[Global flags]
     intx CICompilerCount                          = 3                                         {product} {ergonomic}
     uint ConcGCThreads                            = 1                                         {product} {ergonomic}
     uint G1ConcRefinementThreads                  = 4                                         {product} {ergonomic}
   size_t G1HeapRegionSize                         = 1048576                                   {product} {ergonomic}
    uintx GCDrainStackTargetSize                   = 64                                        {product} {ergonomic}
   size_t InitialHeapSize                          = 65011712                                  {product} {ergonomic}
   size_t MarkStackSize                            = 4194304                                   {product} {ergonomic}
   size_t MaxHeapSize                              = 1012924416                                {product} {ergonomic}
   size_t MaxNewSize                               = 607125504                                 {product} {ergonomic}
   size_t MinHeapDeltaBytes                        = 1048576                                   {product} {ergonomic}
   size_t MinHeapSize                              = 8388608                                   {product} {ergonomic}
    uintx NonNMethodCodeHeapSize                   = 5832780                                {pd product} {ergonomic}
    uintx NonProfiledCodeHeapSize                  = 122912730                              {pd product} {ergonomic}
    uintx ProfiledCodeHeapSize                     = 122912730                              {pd product} {ergonomic}
    uintx ReservedCodeCacheSize                    = 251658240                              {pd product} {ergonomic}
     bool SegmentedCodeCache                       = true                                      {product} {ergonomic}
     bool ShowCodeDetailsInExceptionMessages       = true                                   {manageable} {command line}
   size_t SoftMaxHeapSize                          = 1012924416                             {manageable} {ergonomic}
     bool UseCompressedClassPointers               = true                           {product lp64_product} {ergonomic}
     bool UseCompressedOops                        = true                           {product lp64_product} {ergonomic}
     bool UseG1GC                                  = true                                      {product} {ergonomic}
     bool UseLargePagesIndividualAllocation        = false                                  {pd product} {ergonomic}

Logging:
Log output configuration:
 #0: stdout all=warning uptime,level,tags
 #1: stderr all=off uptime,level,tags

Environment Variables:
JAVA_HOME=C:\Program Files\Java\jdk-16
PATH=C:\Program Files\Common Files\Oracle\Java\javapath;C:\Program Files\Python310\Scripts\;C:\Program Files\Python310\;C:\WINDOWS\system32;C:\WINDOWS;C:\WINDOWS\System32\Wbem;C:\WINDOWS\System32\WindowsPowerShell\v1.0\;C:\WINDOWS\System32\OpenSSH\;C:\Program Files\Java\jdk-16\bin;C:\Program Files (x86)\Microsoft SQL Server\100\Tools\Binn\;C:\Program Files\Microsoft SQL Server\100\Tools\Binn\;C:\Program Files\Microsoft SQL Server\100\DTS\Binn\;C:\Program Files\dotnet\;C:\Program Files\MySQL\MySQL Server 8.0\bin;E:\bin;C:\Program Files\MySQL\MySQL Shell 8.0\bin\;C:\Users\91976\AppData\Local\Microsoft\WindowsApps;C:\Program Files\JetBrains\IntelliJ IDEA Community Edition 2021.2\bin;;C:\Users\91976\AppData\Local\Programs\Microsoft VS Code\bin;C:\xampp\php;
USERNAME=91976
OS=Windows_NT
PROCESSOR_IDENTIFIER=Intel64 Family 6 Model 126 Stepping 5, GenuineIntel



---------------  S Y S T E M  ---------------

OS:
 Windows 11 , 64 bit Build 22621 (10.0.22621.3958)
OS uptime: 1 days 0:05 hours

CPU: total 4 (initial active 4) (2 cores per cpu, 2 threads per core) family 6 model 126 stepping 5 microcode 0xc2, cx8, cmov, fxsr, ht, mmx, 3dnowpref, sse, sse2, sse3, ssse3, sse4.1, sse4.2, popcnt, lzcnt, tsc, tscinvbit, avx, avx2, aes, erms, clmul, bmi1, bmi2, adx, avx512f, avx512dq, avx512cd, avx512bw, avx512vl, sha, fma, vzeroupper, avx512_vpopcntdq, avx512_vpclmulqdq, avx512_vaes, avx512_vnni, clflush, clflushopt, avx512_vbmi2, avx512_vbmi

Memory: 4k page, system-wide physical 3863M (169M free)
TotalPageFile size 15639M (AvailPageFile size 4M)
current process WorkingSet (physical memory assigned to process): 203M, peak: 203M
current process commit charge ("private bytes"): 254M, peak: 255M

vm_info: Java HotSpot(TM) 64-Bit Server VM (17.0.11+7-LTS-207) for windows-amd64 JRE (17.0.11+7-LTS-207), built on Mar 11 2024 19:01:50 by "mach5one" with MS VC++ 17.6 (VS2022)

END.
