#
# There is insufficient memory for the Java Runtime Environment to continue.
# Native memory allocation (mmap) failed to map 65536 bytes for Failed to commit metaspace.
# Possible reasons:
#   The system is out of physical RAM or swap space
#   The process is running with CompressedOops enabled, and the Java Heap may be blocking the growth of the native heap
# Possible solutions:
#   Reduce memory load on the system
#   Increase physical memory or swap space
#   Check if swap backing store is full
#   Decrease Java heap size (-Xmx/-Xms)
#   Decrease number of Java threads
#   Decrease Java thread stack sizes (-Xss)
#   Set larger code cache with -XX:ReservedCodeCacheSize=
#   JVM is running with Unscaled Compressed Oops mode in which the Java heap is
#     placed in the first 4GB address space. The Java Heap base address is the
#     maximum limit for the native heap growth. Please use -XX:HeapBaseMinAddress
#     to set the Java Heap base and to place the Java Heap above 4GB virtual address.
# This output file may be truncated or incomplete.
#
#  Out of Memory Error (virtualSpaceNode.cpp:110), pid=9380, tid=1976
#
# JRE version: Java(TM) SE Runtime Environment (17.0.11+7) (build 17.0.11+7-LTS-207)
# Java VM: Java HotSpot(TM) 64-Bit Server VM (17.0.11+7-LTS-207, mixed mode, sharing, tiered, compressed oops, compressed class ptrs, g1 gc, windows-amd64)
# No core dump will be written. Minidumps are not enabled by default on client versions of Windows
#

---------------  S U M M A R Y ------------

Command Line: -Dfile.encoding=Cp1252 -XX:+ShowCodeDetailsInExceptionMessages Electricity.Billing.System.Payment

Host: Intel(R) Core(TM) i3-1005G1 CPU @ 1.20GHz, 4 cores, 3G,  Windows 11 , 64 bit Build 22621 (10.0.22621.3958)
Time: Tue Oct  1 03:16:24 2024 India Standard Time elapsed time: 3.483482 seconds (0d 0h 0m 3s)

---------------  T H R E A D  ---------------

Current thread (0x0000026fad19eb60):  JavaThread "main" [_thread_in_vm, id=1976, stack(0x0000008f58800000,0x0000008f58900000)]

Stack: [0x0000008f58800000,0x0000008f58900000]
Native frames: (J=compiled Java code, j=interpreted, Vv=VM code, C=native code)
V  [jvm.dll+0x679cca]
V  [jvm.dll+0x7da13d]
V  [jvm.dll+0x7dba83]
V  [jvm.dll+0x7dc0f3]
V  [jvm.dll+0x2449af]
V  [jvm.dll+0x7d5d0b]
V  [jvm.dll+0x6200b6]
V  [jvm.dll+0x1be687]
V  [jvm.dll+0x622a12]
V  [jvm.dll+0x620a76]
V  [jvm.dll+0x23a141]
V  [jvm.dll+0x1e8807]
V  [jvm.dll+0x1de3c1]
V  [jvm.dll+0x53f19c]
V  [jvm.dll+0x1eed6a]
V  [jvm.dll+0x7543bd]
V  [jvm.dll+0x7557d6]
V  [jvm.dll+0x755b08]
V  [jvm.dll+0x23ca5b]
V  [jvm.dll+0x23ccaf]
V  [jvm.dll+0x55d678]
V  [jvm.dll+0x56055e]
V  [jvm.dll+0x380943]
V  [jvm.dll+0x37ffaf]
C  0x0000026fbbfaa722

Java frames: (J=compiled Java code, j=interpreted, Vv=VM code)
j  sun.font.TrueTypeGlyphMapper.<init>(Lsun/font/TrueTypeFont;)V+11 java.desktop@17.0.11
j  sun.font.TrueTypeFont.getMapper()Lsun/font/CharToGlyphMapper;+13 java.desktop@17.0.11
j  sun.font.FileFontStrike.<init>(Lsun/font/FileFont;Lsun/font/FontStrikeDesc;)V+223 java.desktop@17.0.11
j  sun.font.FileFont.createStrike(Lsun/font/FontStrikeDesc;)Lsun/font/FontStrike;+6 java.desktop@17.0.11
j  sun.font.Font2D.getStrike(Lsun/font/FontStrikeDesc;Z)Lsun/font/FontStrike;+85 java.desktop@17.0.11
j  sun.font.Font2D.getStrike(Lsun/font/FontStrikeDesc;)Lsun/font/FontStrike;+3 java.desktop@17.0.11
j  sun.font.CompositeStrike.getStrikeForSlot(I)Lsun/font/PhysicalStrike;+34 java.desktop@17.0.11
j  sun.font.CompositeStrike.getFontMetrics()Lsun/font/StrikeMetrics;+31 java.desktop@17.0.11
j  sun.font.FontDesignMetrics.initMatrixAndMetrics()V+28 java.desktop@17.0.11
j  sun.font.FontDesignMetrics.<init>(Ljava/awt/Font;Ljava/awt/font/FontRenderContext;)V+62 java.desktop@17.0.11
j  sun.font.FontDesignMetrics.getMetrics(Ljava/awt/Font;Ljava/awt/font/FontRenderContext;)Lsun/font/FontDesignMetrics;+128 java.desktop@17.0.11
j  sun.swing.SwingUtilities2.getFontMetrics(Ljavax/swing/JComponent;Ljava/awt/Font;)Ljava/awt/FontMetrics;+15 java.desktop@17.0.11
j  javax.swing.JComponent.getFontMetrics(Ljava/awt/Font;)Ljava/awt/FontMetrics;+2 java.desktop@17.0.11
j  javax.swing.text.PlainView.calculateLongestLine()V+19 java.desktop@17.0.11
j  javax.swing.text.PlainView.updateMetrics()V+50 java.desktop@17.0.11
j  javax.swing.text.PlainView.updateDamage(Ljavax/swing/event/DocumentEvent;Ljava/awt/Shape;Ljavax/swing/text/ViewFactory;)V+7 java.desktop@17.0.11
j  javax.swing.text.PlainView.insertUpdate(Ljavax/swing/event/DocumentEvent;Ljava/awt/Shape;Ljavax/swing/text/ViewFactory;)V+4 java.desktop@17.0.11
j  javax.swing.text.FieldView.insertUpdate(Ljavax/swing/event/DocumentEvent;Ljava/awt/Shape;Ljavax/swing/text/ViewFactory;)V+8 java.desktop@17.0.11
j  javax.swing.plaf.basic.BasicTextUI$RootView.insertUpdate(Ljavax/swing/event/DocumentEvent;Ljava/awt/Shape;Ljavax/swing/text/ViewFactory;)V+14 java.desktop@17.0.11
j  javax.swing.plaf.basic.BasicTextUI$UpdateHandler.insertUpdate(Ljavax/swing/event/DocumentEvent;)V+101 java.desktop@17.0.11
j  javax.swing.text.AbstractDocument.fireInsertUpdate(Ljavax/swing/event/DocumentEvent;)V+39 java.desktop@17.0.11
j  javax.swing.text.AbstractDocument.handleInsertString(ILjava/lang/String;Ljavax/swing/text/AttributeSet;)V+150 java.desktop@17.0.11
j  javax.swing.text.AbstractDocument.insertString(ILjava/lang/String;Ljavax/swing/text/AttributeSet;)V+69 java.desktop@17.0.11
j  javax.swing.text.PlainDocument.insertString(ILjava/lang/String;Ljavax/swing/text/AttributeSet;)V+104 java.desktop@17.0.11
j  javax.swing.text.AbstractDocument.replace(IILjava/lang/String;Ljavax/swing/text/AttributeSet;)V+74 java.desktop@17.0.11
j  javax.swing.text.JTextComponent.setText(Ljava/lang/String;)V+25 java.desktop@17.0.11
j  javax.swing.JTextField.<init>(Ljavax/swing/text/Document;Ljava/lang/String;I)V+77 java.desktop@17.0.11
j  javax.swing.JTextField.<init>(Ljava/lang/String;)V+4 java.desktop@17.0.11
j  Electricity.Billing.System.Payment.<init>(Ljava/lang/String;)V+205
j  Electricity.Billing.System.Payment.main([Ljava/lang/String;)V+6
v  ~StubRoutines::call_stub

---------------  P R O C E S S  ---------------

Threads class SMR info:
_java_thread_list=0x0000026fc872ae60, length=14, elements={
0x0000026fad19eb60, 0x0000026fad260620, 0x0000026fad2611e0, 0x0000026fc82c6290,
0x0000026fc82c8d60, 0x0000026fc82cb730, 0x0000026fc82cd710, 0x0000026fc82d9910,
0x0000026fc82da7d0, 0x0000026fc82e59e0, 0x0000026fc850eee0, 0x0000026fc850f600,
0x0000026fc8713270, 0x0000026fc8765230
}

Java Threads: ( => current thread )
=>0x0000026fad19eb60 JavaThread "main" [_thread_in_vm, id=1976, stack(0x0000008f58800000,0x0000008f58900000)]
  0x0000026fad260620 JavaThread "Reference Handler" daemon [_thread_blocked, id=20360, stack(0x0000008f58f00000,0x0000008f59000000)]
  0x0000026fad2611e0 JavaThread "Finalizer" daemon [_thread_blocked, id=23584, stack(0x0000008f59000000,0x0000008f59100000)]
  0x0000026fc82c6290 JavaThread "Signal Dispatcher" daemon [_thread_blocked, id=24276, stack(0x0000008f59100000,0x0000008f59200000)]
  0x0000026fc82c8d60 JavaThread "Attach Listener" daemon [_thread_blocked, id=19268, stack(0x0000008f59200000,0x0000008f59300000)]
  0x0000026fc82cb730 JavaThread "Service Thread" daemon [_thread_blocked, id=20016, stack(0x0000008f59300000,0x0000008f59400000)]
  0x0000026fc82cd710 JavaThread "Monitor Deflation Thread" daemon [_thread_blocked, id=2320, stack(0x0000008f59400000,0x0000008f59500000)]
  0x0000026fc82d9910 JavaThread "C2 CompilerThread0" daemon [_thread_blocked, id=3176, stack(0x0000008f59500000,0x0000008f59600000)]
  0x0000026fc82da7d0 JavaThread "C1 CompilerThread0" daemon [_thread_blocked, id=25152, stack(0x0000008f59600000,0x0000008f59700000)]
  0x0000026fc82e59e0 JavaThread "Sweeper thread" daemon [_thread_blocked, id=11092, stack(0x0000008f59700000,0x0000008f59800000)]
  0x0000026fc850eee0 JavaThread "Notification Thread" daemon [_thread_blocked, id=17724, stack(0x0000008f59800000,0x0000008f59900000)]
  0x0000026fc850f600 JavaThread "Common-Cleaner" daemon [_thread_blocked, id=9724, stack(0x0000008f59a00000,0x0000008f59b00000)]
  0x0000026fc8713270 JavaThread "Java2D Disposer" daemon [_thread_blocked, id=24648, stack(0x0000008f59b00000,0x0000008f59c00000)]
  0x0000026fc8765230 JavaThread "AWT-Windows" daemon [_thread_in_native, id=14604, stack(0x0000008f59d00000,0x0000008f59e00000)]

Other Threads:
  0x0000026fad25ab70 VMThread "VM Thread" [stack: 0x0000008f58e00000,0x0000008f58f00000] [id=11116] _threads_hazard_ptr=0x0000026fc872ae60
  0x0000026fad1f0da0 WatcherThread [stack: 0x0000008f59900000,0x0000008f59a00000] [id=16176]
  0x0000026fad1da390 GCTaskThread "GC Thread#0" [stack: 0x0000008f58900000,0x0000008f58a00000] [id=19164]
  0x0000026fad1e3340 ConcurrentGCThread "G1 Main Marker" [stack: 0x0000008f58a00000,0x0000008f58b00000] [id=24636]
  0x0000026fad1e5160 ConcurrentGCThread "G1 Conc#0" [stack: 0x0000008f58b00000,0x0000008f58c00000] [id=9212]
  0x0000026fad224d20 ConcurrentGCThread "G1 Refine#0" [stack: 0x0000008f58c00000,0x0000008f58d00000] [id=12204]
  0x0000026fad225750 ConcurrentGCThread "G1 Service" [stack: 0x0000008f58d00000,0x0000008f58e00000] [id=17812]

Threads with active compile tasks:

VM state: synchronizing (normal execution)

VM Mutex/Monitor currently owned by a thread:  ([mutex/lock_event])
[0x0000026fad1996d0] Metaspace_lock - owner thread: 0x0000026fad19eb60
[0x0000026fad199de0] Threads_lock - owner thread: 0x0000026fad25ab70

Heap address: 0x00000000c3a00000, size: 966 MB, Compressed Oops mode: 32-bit

CDS archive(s) mapped at: [0x0000026fc9000000-0x0000026fc9bd0000-0x0000026fc9bd0000), size 12386304, SharedBaseAddress: 0x0000026fc9000000, ArchiveRelocationMode: 1.
Compressed class space mapped at: 0x0000026fca000000-0x000002700a000000, reserved size: 1073741824
Narrow klass base: 0x0000026fc9000000, Narrow klass shift: 0, Narrow klass range: 0x100000000

GC Precious Log:
 CPUs: 4 total, 4 available
 Memory: 3863M
 Large Page Support: Disabled
 NUMA Support: Disabled
 Compressed Oops: Enabled (32-bit)
 Heap Region Size: 1M
 Heap Min Capacity: 8M
 Heap Initial Capacity: 62M
 Heap Max Capacity: 966M
 Pre-touch: Disabled
 Parallel Workers: 4
 Concurrent Workers: 1
 Concurrent Refinement Workers: 4
 Periodic GC: Disabled

Heap:
 garbage-first heap   total 63488K, used 4096K [0x00000000c3a00000, 0x0000000100000000)
  region size 1024K, 5 young (5120K), 0 survivors (0K)
 Metaspace       used 5847K, committed 5952K, reserved 1114112K
  class space    used 660K, committed 704K, reserved 1048576K

Heap Regions: E=young(eden), S=young(survivor), O=old, HS=humongous(starts), HC=humongous(continues), CS=collection set, F=free, OA=open archive, CA=closed archive, TAMS=top-at-mark-start (previous, next)
|   0|0x00000000c3a00000, 0x00000000c3a00000, 0x00000000c3b00000|  0%| F|  |TAMS 0x00000000c3a00000, 0x00000000c3a00000| Untracked 
|   1|0x00000000c3b00000, 0x00000000c3b00000, 0x00000000c3c00000|  0%| F|  |TAMS 0x00000000c3b00000, 0x00000000c3b00000| Untracked 
|   2|0x00000000c3c00000, 0x00000000c3c00000, 0x00000000c3d00000|  0%| F|  |TAMS 0x00000000c3c00000, 0x00000000c3c00000| Untracked 
|   3|0x00000000c3d00000, 0x00000000c3d00000, 0x00000000c3e00000|  0%| F|  |TAMS 0x00000000c3d00000, 0x00000000c3d00000| Untracked 
|   4|0x00000000c3e00000, 0x00000000c3e00000, 0x00000000c3f00000|  0%| F|  |TAMS 0x00000000c3e00000, 0x00000000c3e00000| Untracked 
|   5|0x00000000c3f00000, 0x00000000c3f00000, 0x00000000c4000000|  0%| F|  |TAMS 0x00000000c3f00000, 0x00000000c3f00000| Untracked 
|   6|0x00000000c4000000, 0x00000000c4000000, 0x00000000c4100000|  0%| F|  |TAMS 0x00000000c4000000, 0x00000000c4000000| Untracked 
|   7|0x00000000c4100000, 0x00000000c4100000, 0x00000000c4200000|  0%| F|  |TAMS 0x00000000c4100000, 0x00000000c4100000| Untracked 
|   8|0x00000000c4200000, 0x00000000c4200000, 0x00000000c4300000|  0%| F|  |TAMS 0x00000000c4200000, 0x00000000c4200000| Untracked 
|   9|0x00000000c4300000, 0x00000000c4300000, 0x00000000c4400000|  0%| F|  |TAMS 0x00000000c4300000, 0x00000000c4300000| Untracked 
|  10|0x00000000c4400000, 0x00000000c4400000, 0x00000000c4500000|  0%| F|  |TAMS 0x00000000c4400000, 0x00000000c4400000| Untracked 
|  11|0x00000000c4500000, 0x00000000c4500000, 0x00000000c4600000|  0%| F|  |TAMS 0x00000000c4500000, 0x00000000c4500000| Untracked 
|  12|0x00000000c4600000, 0x00000000c4600000, 0x00000000c4700000|  0%| F|  |TAMS 0x00000000c4600000, 0x00000000c4600000| Untracked 
|  13|0x00000000c4700000, 0x00000000c4700000, 0x00000000c4800000|  0%| F|  |TAMS 0x00000000c4700000, 0x00000000c4700000| Untracked 
|  14|0x00000000c4800000, 0x00000000c4800000, 0x00000000c4900000|  0%| F|  |TAMS 0x00000000c4800000, 0x00000000c4800000| Untracked 
|  15|0x00000000c4900000, 0x00000000c4900000, 0x00000000c4a00000|  0%| F|  |TAMS 0x00000000c4900000, 0x00000000c4900000| Untracked 
|  16|0x00000000c4a00000, 0x00000000c4a00000, 0x00000000c4b00000|  0%| F|  |TAMS 0x00000000c4a00000, 0x00000000c4a00000| Untracked 
|  17|0x00000000c4b00000, 0x00000000c4b00000, 0x00000000c4c00000|  0%| F|  |TAMS 0x00000000c4b00000, 0x00000000c4b00000| Untracked 
|  18|0x00000000c4c00000, 0x00000000c4c00000, 0x00000000c4d00000|  0%| F|  |TAMS 0x00000000c4c00000, 0x00000000c4c00000| Untracked 
|  19|0x00000000c4d00000, 0x00000000c4d00000, 0x00000000c4e00000|  0%| F|  |TAMS 0x00000000c4d00000, 0x00000000c4d00000| Untracked 
|  20|0x00000000c4e00000, 0x00000000c4e00000, 0x00000000c4f00000|  0%| F|  |TAMS 0x00000000c4e00000, 0x00000000c4e00000| Untracked 
|  21|0x00000000c4f00000, 0x00000000c4f00000, 0x00000000c5000000|  0%| F|  |TAMS 0x00000000c4f00000, 0x00000000c4f00000| Untracked 
|  22|0x00000000c5000000, 0x00000000c5000000, 0x00000000c5100000|  0%| F|  |TAMS 0x00000000c5000000, 0x00000000c5000000| Untracked 
|  23|0x00000000c5100000, 0x00000000c5100000, 0x00000000c5200000|  0%| F|  |TAMS 0x00000000c5100000, 0x00000000c5100000| Untracked 
|  24|0x00000000c5200000, 0x00000000c5200000, 0x00000000c5300000|  0%| F|  |TAMS 0x00000000c5200000, 0x00000000c5200000| Untracked 
|  25|0x00000000c5300000, 0x00000000c5300000, 0x00000000c5400000|  0%| F|  |TAMS 0x00000000c5300000, 0x00000000c5300000| Untracked 
|  26|0x00000000c5400000, 0x00000000c5400000, 0x00000000c5500000|  0%| F|  |TAMS 0x00000000c5400000, 0x00000000c5400000| Untracked 
|  27|0x00000000c5500000, 0x00000000c5500000, 0x00000000c5600000|  0%| F|  |TAMS 0x00000000c5500000, 0x00000000c5500000| Untracked 
|  28|0x00000000c5600000, 0x00000000c5600000, 0x00000000c5700000|  0%| F|  |TAMS 0x00000000c5600000, 0x00000000c5600000| Untracked 
|  29|0x00000000c5700000, 0x00000000c5700000, 0x00000000c5800000|  0%| F|  |TAMS 0x00000000c5700000, 0x00000000c5700000| Untracked 
|  30|0x00000000c5800000, 0x00000000c5800000, 0x00000000c5900000|  0%| F|  |TAMS 0x00000000c5800000, 0x00000000c5800000| Untracked 
|  31|0x00000000c5900000, 0x00000000c5900000, 0x00000000c5a00000|  0%| F|  |TAMS 0x00000000c5900000, 0x00000000c5900000| Untracked 
|  32|0x00000000c5a00000, 0x00000000c5a00000, 0x00000000c5b00000|  0%| F|  |TAMS 0x00000000c5a00000, 0x00000000c5a00000| Untracked 
|  33|0x00000000c5b00000, 0x00000000c5b00000, 0x00000000c5c00000|  0%| F|  |TAMS 0x00000000c5b00000, 0x00000000c5b00000| Untracked 
|  34|0x00000000c5c00000, 0x00000000c5c00000, 0x00000000c5d00000|  0%| F|  |TAMS 0x00000000c5c00000, 0x00000000c5c00000| Untracked 
|  35|0x00000000c5d00000, 0x00000000c5d00000, 0x00000000c5e00000|  0%| F|  |TAMS 0x00000000c5d00000, 0x00000000c5d00000| Untracked 
|  36|0x00000000c5e00000, 0x00000000c5e00000, 0x00000000c5f00000|  0%| F|  |TAMS 0x00000000c5e00000, 0x00000000c5e00000| Untracked 
|  37|0x00000000c5f00000, 0x00000000c5f00000, 0x00000000c6000000|  0%| F|  |TAMS 0x00000000c5f00000, 0x00000000c5f00000| Untracked 
|  38|0x00000000c6000000, 0x00000000c6000000, 0x00000000c6100000|  0%| F|  |TAMS 0x00000000c6000000, 0x00000000c6000000| Untracked 
|  39|0x00000000c6100000, 0x00000000c6100000, 0x00000000c6200000|  0%| F|  |TAMS 0x00000000c6100000, 0x00000000c6100000| Untracked 
|  40|0x00000000c6200000, 0x00000000c6200000, 0x00000000c6300000|  0%| F|  |TAMS 0x00000000c6200000, 0x00000000c6200000| Untracked 
|  41|0x00000000c6300000, 0x00000000c6300000, 0x00000000c6400000|  0%| F|  |TAMS 0x00000000c6300000, 0x00000000c6300000| Untracked 
|  42|0x00000000c6400000, 0x00000000c6400000, 0x00000000c6500000|  0%| F|  |TAMS 0x00000000c6400000, 0x00000000c6400000| Untracked 
|  43|0x00000000c6500000, 0x00000000c6500000, 0x00000000c6600000|  0%| F|  |TAMS 0x00000000c6500000, 0x00000000c6500000| Untracked 
|  44|0x00000000c6600000, 0x00000000c6600000, 0x00000000c6700000|  0%| F|  |TAMS 0x00000000c6600000, 0x00000000c6600000| Untracked 
|  45|0x00000000c6700000, 0x00000000c6700000, 0x00000000c6800000|  0%| F|  |TAMS 0x00000000c6700000, 0x00000000c6700000| Untracked 
|  46|0x00000000c6800000, 0x00000000c6800000, 0x00000000c6900000|  0%| F|  |TAMS 0x00000000c6800000, 0x00000000c6800000| Untracked 
|  47|0x00000000c6900000, 0x00000000c6900000, 0x00000000c6a00000|  0%| F|  |TAMS 0x00000000c6900000, 0x00000000c6900000| Untracked 
|  48|0x00000000c6a00000, 0x00000000c6a00000, 0x00000000c6b00000|  0%| F|  |TAMS 0x00000000c6a00000, 0x00000000c6a00000| Untracked 
|  49|0x00000000c6b00000, 0x00000000c6b00000, 0x00000000c6c00000|  0%| F|  |TAMS 0x00000000c6b00000, 0x00000000c6b00000| Untracked 
|  50|0x00000000c6c00000, 0x00000000c6c00000, 0x00000000c6d00000|  0%| F|  |TAMS 0x00000000c6c00000, 0x00000000c6c00000| Untracked 
|  51|0x00000000c6d00000, 0x00000000c6d00000, 0x00000000c6e00000|  0%| F|  |TAMS 0x00000000c6d00000, 0x00000000c6d00000| Untracked 
|  52|0x00000000c6e00000, 0x00000000c6e00000, 0x00000000c6f00000|  0%| F|  |TAMS 0x00000000c6e00000, 0x00000000c6e00000| Untracked 
|  53|0x00000000c6f00000, 0x00000000c6f00000, 0x00000000c7000000|  0%| F|  |TAMS 0x00000000c6f00000, 0x00000000c6f00000| Untracked 
|  54|0x00000000c7000000, 0x00000000c7000000, 0x00000000c7100000|  0%| F|  |TAMS 0x00000000c7000000, 0x00000000c7000000| Untracked 
|  55|0x00000000c7100000, 0x00000000c7100000, 0x00000000c7200000|  0%| F|  |TAMS 0x00000000c7100000, 0x00000000c7100000| Untracked 
|  56|0x00000000c7200000, 0x00000000c7200000, 0x00000000c7300000|  0%| F|  |TAMS 0x00000000c7200000, 0x00000000c7200000| Untracked 
|  57|0x00000000c7300000, 0x00000000c73c8380, 0x00000000c7400000| 78%| E|  |TAMS 0x00000000c7300000, 0x00000000c7300000| Complete 
|  58|0x00000000c7400000, 0x00000000c7500000, 0x00000000c7500000|100%| E|CS|TAMS 0x00000000c7400000, 0x00000000c7400000| Complete 
|  59|0x00000000c7500000, 0x00000000c7600000, 0x00000000c7600000|100%| E|CS|TAMS 0x00000000c7500000, 0x00000000c7500000| Complete 
|  60|0x00000000c7600000, 0x00000000c7700000, 0x00000000c7700000|100%| E|CS|TAMS 0x00000000c7600000, 0x00000000c7600000| Complete 
|  61|0x00000000c7700000, 0x00000000c7800000, 0x00000000c7800000|100%| E|CS|TAMS 0x00000000c7700000, 0x00000000c7700000| Complete 

Card table byte_map: [0x0000026fc3c50000,0x0000026fc3e40000] _byte_map_base: 0x0000026fc3633000

Marking Bits (Prev, Next): (CMBitMap*) 0x0000026fad1da9b0, (CMBitMap*) 0x0000026fad1da9f0
 Prev Bits: [0x0000026fc4030000, 0x0000026fc4f48000)
 Next Bits: [0x0000026fc4f50000, 0x0000026fc5e68000)

Polling page: 0x0000026fab1b0000

Metaspace:

Usage:
  Non-class:      5.07 MB used.
      Class:    660.05 KB used.
       Both:      5.71 MB used.

Virtual space:
  Non-class space:       64.00 MB reserved,       5.12 MB (  8%) committed,  1 nodes.
      Class space:        1.00 GB reserved,     704.00 KB ( <1%) committed,  1 nodes.
             Both:        1.06 GB reserved,       5.81 MB ( <1%) committed. 

Chunk freelists:
   Non-Class:  10.41 MB
       Class:  15.25 MB
        Both:  25.66 MB

MaxMetaspaceSize: unlimited
CompressedClassSpaceSize: 1.00 GB
Initial GC threshold: 21.00 MB
Current GC threshold: 21.00 MB
CDS: on
MetaspaceReclaimPolicy: balanced
 - commit_granule_bytes: 65536.
 - commit_granule_words: 8192.
 - virtual_space_node_default_size: 8388608.
 - enlarge_chunks_in_place: 1.
 - new_chunks_are_fully_committed: 0.
 - uncommit_free_chunks: 1.
 - use_allocation_guard: 0.
 - handle_deallocations: 1.


Internal statistics:

num_allocs_failed_limit: 0.
num_arena_births: 88.
num_arena_deaths: 0.
num_vsnodes_births: 2.
num_vsnodes_deaths: 0.
num_space_committed: 93.
num_space_uncommitted: 0.
num_chunks_returned_to_freelist: 0.
num_chunks_taken_from_freelist: 120.
num_chunk_merges: 0.
num_chunk_splits: 68.
num_chunks_enlarged: 20.
num_inconsistent_stats: 0.

CodeHeap 'non-profiled nmethods': size=120000Kb used=139Kb max_used=139Kb free=119861Kb
 bounds [0x0000026fbc530000, 0x0000026fbc7a0000, 0x0000026fc3a60000]
CodeHeap 'profiled nmethods': size=120000Kb used=798Kb max_used=798Kb free=119201Kb
 bounds [0x0000026fb4a60000, 0x0000026fb4cd0000, 0x0000026fbbf90000]
CodeHeap 'non-nmethods': size=5760Kb used=1230Kb max_used=1234Kb free=4529Kb
 bounds [0x0000026fbbf90000, 0x0000026fbc200000, 0x0000026fbc530000]
 total_blobs=1077 nmethods=548 adapters=442
 compilation: enabled
              stopped_count=0, restarted_count=0
 full_count=0

Compilation events (20 events):
Event: 2.496 Thread 0x0000026fc82da7d0 nmethod 539 0x0000026fb4b24c90 code [0x0000026fb4b24e40, 0x0000026fb4b250d8]
Event: 2.496 Thread 0x0000026fc82da7d0  540       3       java.lang.Character::toUpperCase (6 bytes)
Event: 2.497 Thread 0x0000026fc82da7d0 nmethod 540 0x0000026fb4b25210 code [0x0000026fb4b253c0, 0x0000026fb4b25618]
Event: 2.497 Thread 0x0000026fc82da7d0  542       3       java.lang.Character::toUpperCase (9 bytes)
Event: 2.497 Thread 0x0000026fc82da7d0 nmethod 542 0x0000026fb4b25710 code [0x0000026fb4b258c0, 0x0000026fb4b25ab8]
Event: 2.497 Thread 0x0000026fc82da7d0  541       3       java.util.TreeMap::parentOf (13 bytes)
Event: 2.498 Thread 0x0000026fc82da7d0 nmethod 541 0x0000026fb4b25b90 code [0x0000026fb4b25d20, 0x0000026fb4b25e98]
Event: 2.505 Thread 0x0000026fc82d9910 nmethod 535 0x0000026fbc552210 code [0x0000026fbc552380, 0x0000026fbc5524b8]
Event: 2.505 Thread 0x0000026fc82d9910  538       4       java.lang.CharacterDataLatin1::getProperties (11 bytes)
Event: 2.505 Thread 0x0000026fc82d9910 nmethod 538 0x0000026fbc552510 code [0x0000026fbc552680, 0x0000026fbc552718]
Event: 2.536 Thread 0x0000026fc82da7d0  543       3       jdk.internal.loader.NativeLibraries$NativeLibraryImpl::find (6 bytes)
Event: 2.536 Thread 0x0000026fc82da7d0 nmethod 543 0x0000026fb4b25f90 code [0x0000026fb4b26120, 0x0000026fb4b26248]
Event: 3.387 Thread 0x0000026fc82da7d0  545       3       java.nio.Buffer::nextGetIndex (30 bytes)
Event: 3.387 Thread 0x0000026fc82da7d0 nmethod 545 0x0000026fb4b26310 code [0x0000026fb4b264c0, 0x0000026fb4b26688]
Event: 3.387 Thread 0x0000026fc82da7d0  546   !   3       jdk.internal.misc.ScopedMemoryAccess::getShortUnaligned (22 bytes)
Event: 3.388 Thread 0x0000026fc82da7d0 nmethod 546 0x0000026fb4b26790 code [0x0000026fb4b26980, 0x0000026fb4b26ee8]
Event: 3.388 Thread 0x0000026fc82da7d0  547   !   3       jdk.internal.misc.ScopedMemoryAccess::getShortUnalignedInternal (38 bytes)
Event: 3.388 Thread 0x0000026fc82da7d0 nmethod 547 0x0000026fb4b27110 code [0x0000026fb4b272e0, 0x0000026fb4b275f8]
Event: 3.448 Thread 0x0000026fc82da7d0  548       3       jdk.internal.access.SharedSecrets::getJavaLangAccess (4 bytes)
Event: 3.448 Thread 0x0000026fc82da7d0 nmethod 548 0x0000026fb4b27790 code [0x0000026fb4b27920, 0x0000026fb4b27a18]

GC Heap History (0 events):
No events

Deoptimization events (0 events):
No events

Classes unloaded (0 events):
No events

Classes redefined (0 events):
No events

Internal exceptions (10 events):
Event: 0.531 Thread 0x0000026fad19eb60 Exception <a 'java/lang/ClassNotFoundException'{0x00000000c766a668}: sun/awt/resources/spi/awtProvider> (0x00000000c766a668) 
thrown [s\open\src\hotspot\share\classfile\systemDictionary.cpp, line 256]
Event: 0.647 Thread 0x0000026fad19eb60 Exception <a 'java/io/FileNotFoundException'{0x00000000c76c2658}> (0x00000000c76c2658) 
thrown [s\open\src\hotspot\share\prims\jni.cpp, line 516]
Event: 0.656 Thread 0x0000026fad19eb60 Exception <a 'java/io/FileNotFoundException'{0x00000000c76ef800}> (0x00000000c76ef800) 
thrown [s\open\src\hotspot\share\prims\jni.cpp, line 516]
Event: 0.880 Thread 0x0000026fad19eb60 Exception <a 'java/lang/NoSuchMethodError'{0x00000000c75398b8}: 'java.lang.Object java.lang.invoke.DirectMethodHandle$Holder.invokeStaticInit(java.lang.Object)'> (0x00000000c75398b8) 
thrown [s\open\src\hotspot\share\interpreter\linkResolver.cpp, line 759]
Event: 1.055 Thread 0x0000026fad19eb60 Exception <a 'java/lang/NoSuchMethodError'{0x00000000c75c9168}: 'void java.lang.invoke.DirectMethodHandle$Holder.invokeSpecial(java.lang.Object, java.lang.Object, java.lang.Object)'> (0x00000000c75c9168) 
thrown [s\open\src\hotspot\share\interpreter\linkResolver.cpp, line 759]
Event: 1.090 Thread 0x0000026fad19eb60 Exception <a 'java/lang/NoSuchMethodError'{0x00000000c75f32b0}: 'java.lang.Object java.lang.invoke.DirectMethodHandle$Holder.newInvokeSpecial(java.lang.Object, java.lang.Object, java.lang.Object, java.lang.Object, java.lang.Object)'> (0x00000000c75f32b0) 
thrown [s\open\src\hotspot\share\interpreter\linkResolver.cpp, line 759]
Event: 1.093 Thread 0x0000026fad19eb60 Exception <a 'java/lang/NoSuchMethodError'{0x00000000c75fec78}: 'java.lang.Object java.lang.invoke.DirectMethodHandle$Holder.invokeStatic(java.lang.Object, int, java.lang.Object, java.lang.Object, java.lang.Object, java.lang.Object)'> (0x00000000c75fec78) 
thrown [s\open\src\hotspot\share\interpreter\linkResolver.cpp, line 759]
Event: 1.101 Thread 0x0000026fad19eb60 Exception <a 'java/lang/NoSuchMethodError'{0x00000000c7424a90}: 'java.lang.Object java.lang.invoke.DirectMethodHandle$Holder.invokeStatic(java.lang.Object, int, java.lang.Object)'> (0x00000000c7424a90) 
thrown [s\open\src\hotspot\share\interpreter\linkResolver.cpp, line 759]
Event: 1.153 Thread 0x0000026fad19eb60 Exception <a 'java/lang/ClassNotFoundException'{0x00000000c74dce68}: com/sun/swing/internal/plaf/metal/resources/spi/metalProvider> (0x00000000c74dce68) 
thrown [s\open\src\hotspot\share\classfile\systemDictionary.cpp, line 256]
Event: 1.157 Thread 0x0000026fad19eb60 Exception <a 'java/lang/ClassNotFoundException'{0x00000000c74e0cf0}: com/sun/swing/internal/plaf/basic/resources/spi/basicProvider> (0x00000000c74e0cf0) 
thrown [s\open\src\hotspot\share\classfile\systemDictionary.cpp, line 256]

VM Operations (12 events):
Event: 1.071 Executing VM operation: Cleanup
Event: 1.072 Executing VM operation: Cleanup done
Event: 1.152 Executing VM operation: HandshakeAllThreads
Event: 1.152 Executing VM operation: HandshakeAllThreads done
Event: 1.527 Executing VM operation: HandshakeAllThreads
Event: 1.527 Executing VM operation: HandshakeAllThreads done
Event: 1.544 Executing VM operation: HandshakeAllThreads
Event: 1.544 Executing VM operation: HandshakeAllThreads done
Event: 2.492 Executing VM operation: HandshakeAllThreads
Event: 2.492 Executing VM operation: HandshakeAllThreads done
Event: 2.492 Executing VM operation: Cleanup
Event: 2.492 Executing VM operation: Cleanup done

Events (20 events):
Event: 2.975 loading class java/nio/ByteBufferAsIntBufferB done
Event: 2.975 loading class sun/font/TrueTypeFont$DirectoryEntry
Event: 2.975 loading class sun/font/TrueTypeFont$DirectoryEntry done
Event: 2.978 loading class java/nio/ByteBufferAsShortBufferB
Event: 3.375 loading class java/nio/ShortBuffer
Event: 3.376 loading class java/nio/ShortBuffer done
Event: 3.376 loading class java/nio/ByteBufferAsShortBufferB done
Event: 3.377 loading class sun/nio/cs/UTF_16$Decoder
Event: 3.386 loading class sun/nio/cs/UnicodeDecoder
Event: 3.387 loading class sun/nio/cs/UnicodeDecoder done
Event: 3.387 loading class sun/nio/cs/UTF_16$Decoder done
Event: 3.387 loading class sun/font/FileFontStrike
Event: 3.388 loading class sun/font/FileFontStrike done
Event: 3.388 loading class sun/font/FontScaler
Event: 3.389 loading class sun/font/FontScaler done
Event: 3.389 loading class sun/font/FreetypeFontScaler
Event: 3.389 loading class sun/font/FreetypeFontScaler done
Event: 3.455 loading class sun/font/TrueTypeGlyphMapper
Event: 3.455 loading class sun/font/TrueTypeGlyphMapper done
Event: 3.455 loading class sun/font/CMap


Dynamic libraries:
0x00007ff7f63c0000 - 0x00007ff7f63d0000 	E:\bin\javaw.exe
0x00007fffa0070000 - 0x00007fffa0287000 	C:\WINDOWS\SYSTEM32\ntdll.dll
0x00007fff9e510000 - 0x00007fff9e5d4000 	C:\WINDOWS\System32\KERNEL32.DLL
0x00007fff9d420000 - 0x00007fff9d7d7000 	C:\WINDOWS\System32\KERNELBASE.dll
0x00007fff9db60000 - 0x00007fff9dc71000 	C:\WINDOWS\System32\ucrtbase.dll
0x00007fff98290000 - 0x00007fff982ab000 	E:\bin\VCRUNTIME140.dll
0x00007fff96f60000 - 0x00007fff96f79000 	E:\bin\jli.dll
0x00007fff9fa60000 - 0x00007fff9fb12000 	C:\WINDOWS\System32\ADVAPI32.dll
0x00007fff9f060000 - 0x00007fff9f107000 	C:\WINDOWS\System32\msvcrt.dll
0x00007fff9f9b0000 - 0x00007fff9fa58000 	C:\WINDOWS\System32\sechost.dll
0x00007fff9d3f0000 - 0x00007fff9d418000 	C:\WINDOWS\System32\bcrypt.dll
0x00007fff9e340000 - 0x00007fff9e454000 	C:\WINDOWS\System32\RPCRT4.dll
0x00007fff9f110000 - 0x00007fff9f2bf000 	C:\WINDOWS\System32\USER32.dll
0x00007fff9db30000 - 0x00007fff9db56000 	C:\WINDOWS\System32\win32u.dll
0x00007fff9dda0000 - 0x00007fff9ddc9000 	C:\WINDOWS\System32\GDI32.dll
0x00007fff9dc80000 - 0x00007fff9dd98000 	C:\WINDOWS\System32\gdi32full.dll
0x00007fff9d9d0000 - 0x00007fff9da6a000 	C:\WINDOWS\System32\msvcp_win.dll
0x00007fff80870000 - 0x00007fff80b03000 	C:\WINDOWS\WinSxS\amd64_microsoft.windows.common-controls_6595b64144ccf1df_6.0.22621.3672_none_2713b9d173822955\COMCTL32.dll
0x00007fff96900000 - 0x00007fff9690a000 	C:\WINDOWS\SYSTEM32\VERSION.dll
0x00007fff9e5e0000 - 0x00007fff9e611000 	C:\WINDOWS\System32\IMM32.DLL
0x00007fff95300000 - 0x00007fff9530c000 	E:\bin\vcruntime140_1.dll
0x00007fff86290000 - 0x00007fff8631e000 	E:\bin\msvcp140.dll
0x00007fff65030000 - 0x00007fff65c10000 	E:\bin\server\jvm.dll
0x00007fff9f420000 - 0x00007fff9f428000 	C:\WINDOWS\System32\PSAPI.DLL
0x00007fff94de0000 - 0x00007fff94e14000 	C:\WINDOWS\SYSTEM32\WINMM.dll
0x00007fff4fc10000 - 0x00007fff4fc19000 	C:\WINDOWS\SYSTEM32\WSOCK32.dll
0x00007fff9ddf0000 - 0x00007fff9de61000 	C:\WINDOWS\System32\ws2_32.DLL
0x00007fff9c3d0000 - 0x00007fff9c3e8000 	C:\WINDOWS\SYSTEM32\kernel.appcore.dll
0x00007fff8a290000 - 0x00007fff8a29a000 	E:\bin\jimage.dll
0x00007fff9ac60000 - 0x00007fff9ae92000 	C:\WINDOWS\SYSTEM32\DBGHELP.DLL
0x00007fff9dfb0000 - 0x00007fff9e33e000 	C:\WINDOWS\System32\combase.dll
0x00007fff9f490000 - 0x00007fff9f567000 	C:\WINDOWS\System32\OLEAUT32.dll
0x00007fff6e4a0000 - 0x00007fff6e4d2000 	C:\WINDOWS\SYSTEM32\dbgcore.DLL
0x00007fff9d950000 - 0x00007fff9d9cb000 	C:\WINDOWS\System32\bcryptPrimitives.dll
0x00007fff89f70000 - 0x00007fff89f95000 	E:\bin\java.dll
0x00007fff861b0000 - 0x00007fff86287000 	E:\bin\jsvml.dll
0x00007fff9e620000 - 0x00007fff9ee89000 	C:\WINDOWS\System32\SHELL32.dll
0x00007fff9b2f0000 - 0x00007fff9bbef000 	C:\WINDOWS\SYSTEM32\windows.storage.dll
0x00007fff9b1b0000 - 0x00007fff9b2ef000 	C:\WINDOWS\SYSTEM32\wintypes.dll
0x00007fff9f8b0000 - 0x00007fff9f9a9000 	C:\WINDOWS\System32\SHCORE.dll
0x00007fff9df50000 - 0x00007fff9dfae000 	C:\WINDOWS\System32\shlwapi.dll
0x00007fff9d2b0000 - 0x00007fff9d2d7000 	C:\WINDOWS\SYSTEM32\profapi.dll
0x00007fff86420000 - 0x00007fff86439000 	E:\bin\net.dll
0x00007fff953f0000 - 0x00007fff95526000 	C:\WINDOWS\SYSTEM32\WINHTTP.dll
0x00007fff9c840000 - 0x00007fff9c8a9000 	C:\WINDOWS\system32\mswsock.dll
0x00007fff86190000 - 0x00007fff861a6000 	E:\bin\nio.dll
0x00007fff86170000 - 0x00007fff86188000 	E:\bin\zip.dll
0x00007fff6f4d0000 - 0x00007fff6f661000 	E:\bin\awt.dll
0x00007fff9a1e0000 - 0x00007fff9a277000 	C:\WINDOWS\SYSTEM32\apphelp.dll
0x00007fff9a890000 - 0x00007fff9a8bb000 	C:\WINDOWS\system32\DWMAPI.DLL
0x00007fff9a460000 - 0x00007fff9a511000 	C:\WINDOWS\system32\uxtheme.dll
0x00007fff61e80000 - 0x00007fff61f80000 	C:\WINDOWS\system32\opengl32.dll
0x00007fff625b0000 - 0x00007fff625dd000 	C:\WINDOWS\SYSTEM32\GLU32.dll
0x00007fff9a560000 - 0x00007fff9a597000 	C:\WINDOWS\SYSTEM32\dxcore.dll
0x00007fff9f2c0000 - 0x00007fff9f41f000 	C:\WINDOWS\System32\MSCTF.dll
0x00007fff9f700000 - 0x00007fff9f8a5000 	C:\WINDOWS\System32\ole32.dll
0x00007fff79f40000 - 0x00007fff79fc7000 	E:\bin\freetype.dll
0x00007fff6f8a0000 - 0x00007fff6f981000 	E:\bin\fontmanager.dll

dbghelp: loaded successfully - version: 4.0.5 - missing functions: none
symbol engine: initialized successfully - sym options: 0x614 - pdb path: (cannot be retrieved)

VM Arguments:
jvm_args: -Dfile.encoding=Cp1252 -XX:+ShowCodeDetailsInExceptionMessages 
java_command: Electricity.Billing.System.Payment
java_class_path (initial): C:\Users\91976\OneDrive\Desktop\com.itep.corejava\Electricity Billing Management System\bin;C:\Users\91976\OneDrive\Desktop\com.itep.corejava\Electricity Billing Management System\Library\mysql-connector-java-8.0.28.jar;C:\Users\91976\OneDrive\Desktop\com.itep.corejava\Electricity Billing Management System\Library\rs2xml.jar
Launcher Type: SUN_STANDARD

[Global flags]

[error occurred during error reporting (printing flags), id 0xe0000001, Out of Memory Error (s\open\src\hotspot\share\memory\allocation.cpp:44)]

Logging:
Log output configuration:
 #0: stdout all=warning uptime,level,tags
 #1: stderr all=off uptime,level,tags

Environment Variables:
JAVA_HOME=C:\Program Files\Java\jdk-16
PATH=C:\Program Files\Common Files\Oracle\Java\javapath;C:\Program Files\Python310\Scripts\;C:\Program Files\Python310\;C:\WINDOWS\system32;C:\WINDOWS;C:\WINDOWS\System32\Wbem;C:\WINDOWS\System32\WindowsPowerShell\v1.0\;C:\WINDOWS\System32\OpenSSH\;C:\Program Files\Java\jdk-16\bin;C:\Program Files (x86)\Microsoft SQL Server\100\Tools\Binn\;C:\Program Files\Microsoft SQL Server\100\Tools\Binn\;C:\Program Files\Microsoft SQL Server\100\DTS\Binn\;C:\Program Files\dotnet\;C:\Program Files\MySQL\MySQL Server 8.0\bin;E:\bin;C:\Program Files\MySQL\MySQL Shell 8.0\bin\;C:\Users\91976\AppData\Local\Microsoft\WindowsApps;C:\Program Files\JetBrains\IntelliJ IDEA Community Edition 2021.2\bin;;C:\Users\91976\AppData\Local\Programs\Microsoft VS Code\bin;C:\xampp\php;
USERNAME=91976
OS=Windows_NT
PROCESSOR_IDENTIFIER=Intel64 Family 6 Model 126 Stepping 5, GenuineIntel



---------------  S Y S T E M  ---------------

OS:
 Windows 11 , 64 bit Build 22621 (10.0.22621.3958)
OS uptime: 0 days 13:51 hours

CPU: total 4 (initial active 4) (2 cores per cpu, 2 threads per core) family 6 model 126 stepping 5 microcode 0xc2, cx8, cmov, fxsr, ht, mmx, 3dnowpref, sse, sse2, sse3, ssse3, sse4.1, sse4.2, popcnt, lzcnt, tsc, tscinvbit, avx, avx2, aes, erms, clmul, bmi1, bmi2, adx, avx512f, avx512dq, avx512cd, avx512bw, avx512vl, sha, fma, vzeroupper, avx512_vpopcntdq, avx512_vpclmulqdq, avx512_vaes, avx512_vnni, clflush, clflushopt, avx512_vbmi2, avx512_vbmi

Memory: 4k page, system-wide physical 3863M (119M free)
TotalPageFile size 15639M (AvailPageFile size 0M)
current process WorkingSet (physical memory assigned to process): 49M, peak: 49M
current process commit charge ("private bytes"): 141M, peak: 141M

vm_info: Java HotSpot(TM) 64-Bit Server VM (17.0.11+7-LTS-207) for windows-amd64 JRE (17.0.11+7-LTS-207), built on Mar 11 2024 19:01:50 by "mach5one" with MS VC++ 17.6 (VS2022)

END.
