#
# There is insufficient memory for the Java Runtime Environment to continue.
# Native memory allocation (mmap) failed to map 12582912 bytes for G1 virtual space
# Possible reasons:
#   The system is out of physical RAM or swap space
#   The process is running with CompressedOops enabled, and the Java Heap may be blocking the growth of the native heap
# Possible solutions:
#   Reduce memory load on the system
#   Increase physical memory or swap space
#   Check if swap backing store is full
#   Decrease Java heap size (-Xmx/-Xms)
#   Decrease number of Java threads
#   Decrease Java thread stack sizes (-Xss)
#   Set larger code cache with -XX:ReservedCodeCacheSize=
#   JVM is running with Unscaled Compressed Oops mode in which the Java heap is
#     placed in the first 4GB address space. The Java Heap base address is the
#     maximum limit for the native heap growth. Please use -XX:HeapBaseMinAddress
#     to set the Java Heap base and to place the Java Heap above 4GB virtual address.
# This output file may be truncated or incomplete.
#
#  Out of Memory Error (os_windows.cpp:3548), pid=22140, tid=6868
#
# JRE version: Java(TM) SE Runtime Environment (17.0.11+7) (build 17.0.11+7-LTS-207)
# Java VM: Java HotSpot(TM) 64-Bit Server VM (17.0.11+7-LTS-207, mixed mode, sharing, tiered, compressed oops, compressed class ptrs, g1 gc, windows-amd64)
# No core dump will be written. Minidumps are not enabled by default on client versions of Windows
#

---------------  S U M M A R Y ------------

Command Line: -Dfile.encoding=Cp1252 -XX:+ShowCodeDetailsInExceptionMessages Electricity.Billing.System.Splash1

Host: Intel(R) Core(TM) i3-1005G1 CPU @ 1.20GHz, 4 cores, 3G,  Windows 11 , 64 bit Build 22621 (10.0.22621.3958)
Time: Thu Sep 26 22:25:58 2024 India Standard Time elapsed time: 642.633002 seconds (0d 0h 10m 42s)

---------------  T H R E A D  ---------------

Current thread (0x000001beb9b1d100):  VMThread "VM Thread" [stack: 0x0000008b0c300000,0x0000008b0c400000] [id=6868]

Stack: [0x0000008b0c300000,0x0000008b0c400000]
Native frames: (J=compiled Java code, j=interpreted, Vv=VM code, C=native code)
V  [jvm.dll+0x679cca]
V  [jvm.dll+0x7da13d]
V  [jvm.dll+0x7dba83]
V  [jvm.dll+0x7dc0f3]
V  [jvm.dll+0x2449af]
V  [jvm.dll+0x676ce9]
V  [jvm.dll+0x66b852]
V  [jvm.dll+0x3018d6]
V  [jvm.dll+0x308e76]
V  [jvm.dll+0x3596ee]
V  [jvm.dll+0x35991f]
V  [jvm.dll+0x2d89a8]
V  [jvm.dll+0x2dba16]
V  [jvm.dll+0x2e611b]
V  [jvm.dll+0x31a1a0]
V  [jvm.dll+0x7e09eb]
V  [jvm.dll+0x7e1724]
V  [jvm.dll+0x7e1c3d]
V  [jvm.dll+0x7e2014]
V  [jvm.dll+0x7e20e0]
V  [jvm.dll+0x78a85a]
V  [jvm.dll+0x678bb5]
C  [ucrtbase.dll+0x29333]
C  [KERNEL32.DLL+0x1257d]
C  [ntdll.dll+0x5af28]

VM_Operation (0x0000008b0bfff710): G1Concurrent, mode: safepoint, requested by thread 0x000001beb9aa5ab0


---------------  P R O C E S S  ---------------

Threads class SMR info:
_java_thread_list=0x000001bf20120e60, length=18, elements={
0x000001beb9b22bb0, 0x000001beb9b23770, 0x000001bed4b8a650, 0x000001bed4b8b010,
0x000001bed4b8e9f0, 0x000001bed4b91580, 0x000001bed4ba5720, 0x000001bed4ba8e10,
0x000001bed4b924b0, 0x000001bed4b90b60, 0x000001bed4b90140, 0x000001bed4b91fa0,
0x000001bed4b90650, 0x000001bed4b91a90, 0x000001bed4b929c0, 0x000001bf1c466f10,
0x000001bf1c461e10, 0x000001bf1c467420
}

Java Threads: ( => current thread )
  0x000001beb9b22bb0 JavaThread "Reference Handler" daemon [_thread_blocked, id=18268, stack(0x0000008b0c400000,0x0000008b0c500000)]
  0x000001beb9b23770 JavaThread "Finalizer" daemon [_thread_blocked, id=1612, stack(0x0000008b0c500000,0x0000008b0c600000)]
  0x000001bed4b8a650 JavaThread "Signal Dispatcher" daemon [_thread_blocked, id=7996, stack(0x0000008b0c600000,0x0000008b0c700000)]
  0x000001bed4b8b010 JavaThread "Attach Listener" daemon [_thread_blocked, id=15564, stack(0x0000008b0c700000,0x0000008b0c800000)]
  0x000001bed4b8e9f0 JavaThread "Service Thread" daemon [_thread_blocked, id=23804, stack(0x0000008b0c800000,0x0000008b0c900000)]
  0x000001bed4b91580 JavaThread "Monitor Deflation Thread" daemon [_thread_blocked, id=20864, stack(0x0000008b0c900000,0x0000008b0ca00000)]
  0x000001bed4ba5720 JavaThread "C2 CompilerThread0" daemon [_thread_blocked, id=20232, stack(0x0000008b0ca00000,0x0000008b0cb00000)]
  0x000001bed4ba8e10 JavaThread "C1 CompilerThread0" daemon [_thread_blocked, id=12228, stack(0x0000008b0cb00000,0x0000008b0cc00000)]
  0x000001bed4b924b0 JavaThread "Sweeper thread" daemon [_thread_blocked, id=2116, stack(0x0000008b0cc00000,0x0000008b0cd00000)]
  0x000001bed4b90b60 JavaThread "Notification Thread" daemon [_thread_blocked, id=9496, stack(0x0000008b0cd00000,0x0000008b0ce00000)]
  0x000001bed4b90140 JavaThread "Common-Cleaner" daemon [_thread_blocked, id=2644, stack(0x0000008b0cf00000,0x0000008b0d000000)]
  0x000001bed4b91fa0 JavaThread "Java2D Disposer" daemon [_thread_blocked, id=22744, stack(0x0000008b0d000000,0x0000008b0d100000)]
  0x000001bed4b90650 JavaThread "AWT-Shutdown" [_thread_blocked, id=24528, stack(0x0000008b0d100000,0x0000008b0d200000)]
  0x000001bed4b91a90 JavaThread "AWT-Windows" daemon [_thread_in_native, id=11768, stack(0x0000008b0d200000,0x0000008b0d300000)]
  0x000001bed4b929c0 JavaThread "AWT-EventQueue-0" [_thread_blocked, id=18208, stack(0x0000008b0d400000,0x0000008b0d500000)]
  0x000001bf1c466f10 JavaThread "DestroyJavaVM" [_thread_blocked, id=11140, stack(0x0000008b0bd00000,0x0000008b0be00000)]
  0x000001bf1c461e10 JavaThread "TimerQueue" daemon [_thread_blocked, id=23776, stack(0x0000008b0d800000,0x0000008b0d900000)]
  0x000001bf1c467420 JavaThread "mysql-cj-abandoned-connection-cleanup" daemon [_thread_blocked, id=6176, stack(0x0000008b0d300000,0x0000008b0d400000)]

Other Threads:
=>0x000001beb9b1d100 VMThread "VM Thread" [stack: 0x0000008b0c300000,0x0000008b0c400000] [id=6868]
  0x000001beb9ab3570 WatcherThread [stack: 0x0000008b0ce00000,0x0000008b0cf00000] [id=21028]
  0x000001beb9a9d2a0 GCTaskThread "GC Thread#0" [stack: 0x0000008b0be00000,0x0000008b0bf00000] [id=24300]
  0x000001bf1c2edcb0 GCTaskThread "GC Thread#1" [stack: 0x0000008b0d500000,0x0000008b0d600000] [id=10852]
  0x000001bf1c2edf70 GCTaskThread "GC Thread#2" [stack: 0x0000008b0d600000,0x0000008b0d700000] [id=2068]
  0x000001bf1c2ee230 GCTaskThread "GC Thread#3" [stack: 0x0000008b0d700000,0x0000008b0d800000] [id=22444]
  0x000001beb9aa5ab0 ConcurrentGCThread "G1 Main Marker" [stack: 0x0000008b0bf00000,0x0000008b0c000000] [id=2952]
  0x000001beb9aa6c60 ConcurrentGCThread "G1 Conc#0" [stack: 0x0000008b0c000000,0x0000008b0c100000] [id=11036]
  0x000001beb9ae6900 ConcurrentGCThread "G1 Refine#0" [stack: 0x0000008b0c100000,0x0000008b0c200000] [id=25224]
  0x000001beb9ae7330 ConcurrentGCThread "G1 Service" [stack: 0x0000008b0c200000,0x0000008b0c300000] [id=24412]

Threads with active compile tasks:

VM state: at safepoint (normal execution)

VM Mutex/Monitor currently owned by a thread:  ([mutex/lock_event])
[0x000001beb9a62f10] Threads_lock - owner thread: 0x000001beb9b1d100
[0x000001beb9a630c0] Heap_lock - owner thread: 0x000001beb9aa5ab0

Heap address: 0x00000000c3a00000, size: 966 MB, Compressed Oops mode: 32-bit

CDS archive(s) mapped at: [0x000001bed5000000-0x000001bed5bd0000-0x000001bed5bd0000), size 12386304, SharedBaseAddress: 0x000001bed5000000, ArchiveRelocationMode: 1.
Compressed class space mapped at: 0x000001bed6000000-0x000001bf16000000, reserved size: 1073741824
Narrow klass base: 0x000001bed5000000, Narrow klass shift: 0, Narrow klass range: 0x100000000

GC Precious Log:
 CPUs: 4 total, 4 available
 Memory: 3863M
 Large Page Support: Disabled
 NUMA Support: Disabled
 Compressed Oops: Enabled (32-bit)
 Heap Region Size: 1M
 Heap Min Capacity: 8M
 Heap Initial Capacity: 62M
 Heap Max Capacity: 966M
 Pre-touch: Disabled
 Parallel Workers: 4
 Concurrent Workers: 1
 Concurrent Refinement Workers: 4
 Periodic GC: Disabled

Heap:
 garbage-first heap   total 122880K, used 78778K [0x00000000c3a00000, 0x0000000100000000)
  region size 1024K, 5 young (5120K), 4 survivors (4096K)
 Metaspace       used 19316K, committed 19584K, reserved 1114112K
  class space    used 2120K, committed 2240K, reserved 1048576K

Heap Regions: E=young(eden), S=young(survivor), O=old, HS=humongous(starts), HC=humongous(continues), CS=collection set, F=free, OA=open archive, CA=closed archive, TAMS=top-at-mark-start (previous, next)
|   0|0x00000000c3a00000, 0x00000000c3b00000, 0x00000000c3b00000|100%|HS|  |TAMS 0x00000000c3b00000, 0x00000000c3a00000| Complete 
|   1|0x00000000c3b00000, 0x00000000c3c00000, 0x00000000c3c00000|100%|HC|  |TAMS 0x00000000c3c00000, 0x00000000c3b00000| Complete 
|   2|0x00000000c3c00000, 0x00000000c3d00000, 0x00000000c3d00000|100%|HC|  |TAMS 0x00000000c3d00000, 0x00000000c3c00000| Complete 
|   3|0x00000000c3d00000, 0x00000000c3e00000, 0x00000000c3e00000|100%|HC|  |TAMS 0x00000000c3e00000, 0x00000000c3d00000| Complete 
|   4|0x00000000c3e00000, 0x00000000c3f00000, 0x00000000c3f00000|100%|HC|  |TAMS 0x00000000c3f00000, 0x00000000c3e00000| Complete 
|   5|0x00000000c3f00000, 0x00000000c4000000, 0x00000000c4000000|100%|HS|  |TAMS 0x00000000c4000000, 0x00000000c3f00000| Complete 
|   6|0x00000000c4000000, 0x00000000c4100000, 0x00000000c4100000|100%|HC|  |TAMS 0x00000000c4100000, 0x00000000c4000000| Complete 
|   7|0x00000000c4100000, 0x00000000c4200000, 0x00000000c4200000|100%|HS|  |TAMS 0x00000000c4200000, 0x00000000c4100000| Complete 
|   8|0x00000000c4200000, 0x00000000c4300000, 0x00000000c4300000|100%| O|  |TAMS 0x00000000c4300000, 0x00000000c4200000| Untracked 
|   9|0x00000000c4300000, 0x00000000c4400000, 0x00000000c4400000|100%|HS|  |TAMS 0x00000000c4400000, 0x00000000c4300000| Complete 
|  10|0x00000000c4400000, 0x00000000c4500000, 0x00000000c4500000|100%|HC|  |TAMS 0x00000000c4500000, 0x00000000c4400000| Complete 
|  11|0x00000000c4500000, 0x00000000c4600000, 0x00000000c4600000|100%|HC|  |TAMS 0x00000000c4600000, 0x00000000c4500000| Complete 
|  12|0x00000000c4600000, 0x00000000c4700000, 0x00000000c4700000|100%|HC|  |TAMS 0x00000000c4700000, 0x00000000c4600000| Complete 
|  13|0x00000000c4700000, 0x00000000c4800000, 0x00000000c4800000|100%|HS|  |TAMS 0x00000000c4800000, 0x00000000c4700000| Complete 
|  14|0x00000000c4800000, 0x00000000c4900000, 0x00000000c4900000|100%|HS|  |TAMS 0x00000000c4900000, 0x00000000c4800000| Complete 
|  15|0x00000000c4900000, 0x00000000c4a00000, 0x00000000c4a00000|100%|HC|  |TAMS 0x00000000c4a00000, 0x00000000c4900000| Complete 
|  16|0x00000000c4a00000, 0x00000000c4b00000, 0x00000000c4b00000|100%|HC|  |TAMS 0x00000000c4b00000, 0x00000000c4a00000| Complete 
|  17|0x00000000c4b00000, 0x00000000c4c00000, 0x00000000c4c00000|100%|HC|  |TAMS 0x00000000c4c00000, 0x00000000c4b00000| Complete 
|  18|0x00000000c4c00000, 0x00000000c4d00000, 0x00000000c4d00000|100%|HS|  |TAMS 0x00000000c4d00000, 0x00000000c4c00000| Complete 
|  19|0x00000000c4d00000, 0x00000000c4e00000, 0x00000000c4e00000|100%|HC|  |TAMS 0x00000000c4e00000, 0x00000000c4d00000| Complete 
|  20|0x00000000c4e00000, 0x00000000c4f00000, 0x00000000c4f00000|100%|HC|  |TAMS 0x00000000c4f00000, 0x00000000c4e00000| Complete 
|  21|0x00000000c4f00000, 0x00000000c5000000, 0x00000000c5000000|100%|HC|  |TAMS 0x00000000c5000000, 0x00000000c4f00000| Complete 
|  22|0x00000000c5000000, 0x00000000c5100000, 0x00000000c5100000|100%|HC|  |TAMS 0x00000000c5100000, 0x00000000c5000000| Complete 
|  23|0x00000000c5100000, 0x00000000c5200000, 0x00000000c5200000|100%|HC|  |TAMS 0x00000000c5200000, 0x00000000c5100000| Complete 
|  24|0x00000000c5200000, 0x00000000c5300000, 0x00000000c5300000|100%|HS|  |TAMS 0x00000000c5300000, 0x00000000c5200000| Complete 
|  25|0x00000000c5300000, 0x00000000c5400000, 0x00000000c5400000|100%|HC|  |TAMS 0x00000000c5400000, 0x00000000c5300000| Complete 
|  26|0x00000000c5400000, 0x00000000c5500000, 0x00000000c5500000|100%|HS|  |TAMS 0x00000000c5500000, 0x00000000c5400000| Complete 
|  27|0x00000000c5500000, 0x00000000c5600000, 0x00000000c5600000|100%|HC|  |TAMS 0x00000000c5600000, 0x00000000c5500000| Complete 
|  28|0x00000000c5600000, 0x00000000c5700000, 0x00000000c5700000|100%| O|  |TAMS 0x00000000c5700000, 0x00000000c5600000| Untracked 
|  29|0x00000000c5700000, 0x00000000c5800000, 0x00000000c5800000|100%| O|  |TAMS 0x00000000c5800000, 0x00000000c5700000| Untracked 
|  30|0x00000000c5800000, 0x00000000c5900000, 0x00000000c5900000|100%|HS|  |TAMS 0x00000000c5900000, 0x00000000c5800000| Complete 
|  31|0x00000000c5900000, 0x00000000c5a00000, 0x00000000c5a00000|100%|HC|  |TAMS 0x00000000c5a00000, 0x00000000c5900000| Complete 
|  32|0x00000000c5a00000, 0x00000000c5b00000, 0x00000000c5b00000|100%|HS|  |TAMS 0x00000000c5b00000, 0x00000000c5a00000| Complete 
|  33|0x00000000c5b00000, 0x00000000c5c00000, 0x00000000c5c00000|100%|HC|  |TAMS 0x00000000c5c00000, 0x00000000c5b00000| Complete 
|  34|0x00000000c5c00000, 0x00000000c5d00000, 0x00000000c5d00000|100%|HC|  |TAMS 0x00000000c5d00000, 0x00000000c5c00000| Complete 
|  35|0x00000000c5d00000, 0x00000000c5e00000, 0x00000000c5e00000|100%|HC|  |TAMS 0x00000000c5e00000, 0x00000000c5d00000| Complete 
|  36|0x00000000c5e00000, 0x00000000c5f00000, 0x00000000c5f00000|100%|HC|  |TAMS 0x00000000c5f00000, 0x00000000c5e00000| Complete 
|  37|0x00000000c5f00000, 0x00000000c6000000, 0x00000000c6000000|100%|HC|  |TAMS 0x00000000c6000000, 0x00000000c5f00000| Complete 
|  38|0x00000000c6000000, 0x00000000c6100000, 0x00000000c6100000|100%|HC|  |TAMS 0x00000000c6100000, 0x00000000c6000000| Complete 
|  39|0x00000000c6100000, 0x00000000c6200000, 0x00000000c6200000|100%|HC|  |TAMS 0x00000000c6200000, 0x00000000c6100000| Complete 
|  40|0x00000000c6200000, 0x00000000c6300000, 0x00000000c6300000|100%| O|  |TAMS 0x00000000c6300000, 0x00000000c6200000| Untracked 
|  41|0x00000000c6300000, 0x00000000c6400000, 0x00000000c6400000|100%| O|  |TAMS 0x00000000c6400000, 0x00000000c6300000| Untracked 
|  42|0x00000000c6400000, 0x00000000c6500000, 0x00000000c6500000|100%|HS|  |TAMS 0x00000000c6500000, 0x00000000c6400000| Complete 
|  43|0x00000000c6500000, 0x00000000c6600000, 0x00000000c6600000|100%|HS|  |TAMS 0x00000000c6600000, 0x00000000c6500000| Complete 
|  44|0x00000000c6600000, 0x00000000c6600000, 0x00000000c6700000|  0%| F|  |TAMS 0x00000000c6600000, 0x00000000c6600000| Untracked 
|  45|0x00000000c6700000, 0x00000000c6800000, 0x00000000c6800000|100%|HS|  |TAMS 0x00000000c6800000, 0x00000000c6700000| Complete 
|  46|0x00000000c6800000, 0x00000000c6900000, 0x00000000c6900000|100%|HC|  |TAMS 0x00000000c6900000, 0x00000000c6800000| Complete 
|  47|0x00000000c6900000, 0x00000000c6a00000, 0x00000000c6a00000|100%|HC|  |TAMS 0x00000000c6a00000, 0x00000000c6900000| Complete 
|  48|0x00000000c6a00000, 0x00000000c6b00000, 0x00000000c6b00000|100%|HC|  |TAMS 0x00000000c6b00000, 0x00000000c6a00000| Complete 
|  49|0x00000000c6b00000, 0x00000000c6c00000, 0x00000000c6c00000|100%|HC|  |TAMS 0x00000000c6c00000, 0x00000000c6b00000| Complete 
|  50|0x00000000c6c00000, 0x00000000c6d00000, 0x00000000c6d00000|100%|HC|  |TAMS 0x00000000c6d00000, 0x00000000c6c00000| Complete 
|  51|0x00000000c6d00000, 0x00000000c6e00000, 0x00000000c6e00000|100%|HC|  |TAMS 0x00000000c6e00000, 0x00000000c6d00000| Complete 
|  52|0x00000000c6e00000, 0x00000000c6f00000, 0x00000000c6f00000|100%|HC|  |TAMS 0x00000000c6f00000, 0x00000000c6e00000| Complete 
|  53|0x00000000c6f00000, 0x00000000c7000000, 0x00000000c7000000|100%|HC|  |TAMS 0x00000000c7000000, 0x00000000c6f00000| Complete 
|  54|0x00000000c7000000, 0x00000000c7100000, 0x00000000c7100000|100%|HC|  |TAMS 0x00000000c7100000, 0x00000000c7000000| Complete 
|  55|0x00000000c7100000, 0x00000000c7200000, 0x00000000c7200000|100%|HC|  |TAMS 0x00000000c7200000, 0x00000000c7100000| Complete 
|  56|0x00000000c7200000, 0x00000000c7300000, 0x00000000c7300000|100%|HC|  |TAMS 0x00000000c7300000, 0x00000000c7200000| Complete 
|  57|0x00000000c7300000, 0x00000000c7400000, 0x00000000c7400000|100%|HC|  |TAMS 0x00000000c7400000, 0x00000000c7300000| Complete 
|  58|0x00000000c7400000, 0x00000000c7500000, 0x00000000c7500000|100%|HC|  |TAMS 0x00000000c7500000, 0x00000000c7400000| Complete 
|  59|0x00000000c7500000, 0x00000000c7600000, 0x00000000c7600000|100%|HC|  |TAMS 0x00000000c7600000, 0x00000000c7500000| Complete 
|  60|0x00000000c7600000, 0x00000000c7700000, 0x00000000c7700000|100%|HC|  |TAMS 0x00000000c7700000, 0x00000000c7600000| Complete 
|  61|0x00000000c7700000, 0x00000000c7800000, 0x00000000c7800000|100%|HC|  |TAMS 0x00000000c7800000, 0x00000000c7700000| Complete 
|  62|0x00000000c7800000, 0x00000000c78bea00, 0x00000000c7900000| 74%| O|  |TAMS 0x00000000c78bea00, 0x00000000c7800000| Updating 
|  63|0x00000000c7900000, 0x00000000c7a00000, 0x00000000c7a00000|100%|HS|  |TAMS 0x00000000c7a00000, 0x00000000c7900000| Complete 
|  64|0x00000000c7a00000, 0x00000000c7b00000, 0x00000000c7b00000|100%|HS|  |TAMS 0x00000000c7b00000, 0x00000000c7a00000| Complete 
|  65|0x00000000c7b00000, 0x00000000c7c00000, 0x00000000c7c00000|100%|HC|  |TAMS 0x00000000c7c00000, 0x00000000c7b00000| Complete 
|  66|0x00000000c7c00000, 0x00000000c7d00000, 0x00000000c7d00000|100%|HC|  |TAMS 0x00000000c7d00000, 0x00000000c7c00000| Complete 
|  67|0x00000000c7d00000, 0x00000000c7e00000, 0x00000000c7e00000|100%|HS|  |TAMS 0x00000000c7d00000, 0x00000000c7d00000| Complete 
|  68|0x00000000c7e00000, 0x00000000c7f00000, 0x00000000c7f00000|100%|HC|  |TAMS 0x00000000c7e00000, 0x00000000c7e00000| Complete 
|  69|0x00000000c7f00000, 0x00000000c8000000, 0x00000000c8000000|100%|HC|  |TAMS 0x00000000c7f00000, 0x00000000c7f00000| Complete 
|  70|0x00000000c8000000, 0x00000000c8100000, 0x00000000c8100000|100%|HC|  |TAMS 0x00000000c8000000, 0x00000000c8000000| Complete 
|  71|0x00000000c8100000, 0x00000000c8200000, 0x00000000c8200000|100%|HC|  |TAMS 0x00000000c8100000, 0x00000000c8100000| Complete 
|  72|0x00000000c8200000, 0x00000000c8300000, 0x00000000c8300000|100%|HC|  |TAMS 0x00000000c8200000, 0x00000000c8200000| Complete 
|  73|0x00000000c8300000, 0x00000000c8400000, 0x00000000c8400000|100%|HC|  |TAMS 0x00000000c8300000, 0x00000000c8300000| Complete 
|  74|0x00000000c8400000, 0x00000000c8500000, 0x00000000c8500000|100%|HC|  |TAMS 0x00000000c8400000, 0x00000000c8400000| Complete 
|  75|0x00000000c8500000, 0x00000000c8500000, 0x00000000c8600000|  0%| F|  |TAMS 0x00000000c8500000, 0x00000000c8500000| Untracked 
|  76|0x00000000c8600000, 0x00000000c8600000, 0x00000000c8700000|  0%| F|  |TAMS 0x00000000c8600000, 0x00000000c8600000| Untracked 
|  77|0x00000000c8700000, 0x00000000c8700000, 0x00000000c8800000|  0%| F|  |TAMS 0x00000000c8700000, 0x00000000c8700000| Untracked 
|  78|0x00000000c8800000, 0x00000000c8800000, 0x00000000c8900000|  0%| F|  |TAMS 0x00000000c8800000, 0x00000000c8800000| Untracked 
|  79|0x00000000c8900000, 0x00000000c8900000, 0x00000000c8a00000|  0%| F|  |TAMS 0x00000000c8900000, 0x00000000c8900000| Untracked 
|  80|0x00000000c8a00000, 0x00000000c8a00000, 0x00000000c8b00000|  0%| F|  |TAMS 0x00000000c8a00000, 0x00000000c8a00000| Untracked 
|  81|0x00000000c8b00000, 0x00000000c8b00000, 0x00000000c8c00000|  0%| F|  |TAMS 0x00000000c8b00000, 0x00000000c8b00000| Untracked 
|  82|0x00000000c8c00000, 0x00000000c8c00000, 0x00000000c8d00000|  0%| F|  |TAMS 0x00000000c8c00000, 0x00000000c8c00000| Untracked 
|  83|0x00000000c8d00000, 0x00000000c8d00000, 0x00000000c8e00000|  0%| F|  |TAMS 0x00000000c8d00000, 0x00000000c8d00000| Untracked 
|  84|0x00000000c8e00000, 0x00000000c8e00000, 0x00000000c8f00000|  0%| F|  |TAMS 0x00000000c8e00000, 0x00000000c8e00000| Untracked 
|  85|0x00000000c8f00000, 0x00000000c8f00000, 0x00000000c9000000|  0%| F|  |TAMS 0x00000000c8f00000, 0x00000000c8f00000| Untracked 
|  86|0x00000000c9000000, 0x00000000c9000000, 0x00000000c9100000|  0%| F|  |TAMS 0x00000000c9000000, 0x00000000c9000000| Untracked 
|  87|0x00000000c9100000, 0x00000000c9100000, 0x00000000c9200000|  0%| F|  |TAMS 0x00000000c9100000, 0x00000000c9100000| Untracked 
|  88|0x00000000c9200000, 0x00000000c9200000, 0x00000000c9300000|  0%| F|  |TAMS 0x00000000c9200000, 0x00000000c9200000| Untracked 
|  89|0x00000000c9300000, 0x00000000c9300000, 0x00000000c9400000|  0%| F|  |TAMS 0x00000000c9300000, 0x00000000c9300000| Untracked 
|  90|0x00000000c9400000, 0x00000000c9400000, 0x00000000c9500000|  0%| F|  |TAMS 0x00000000c9400000, 0x00000000c9400000| Untracked 
|  91|0x00000000c9500000, 0x00000000c9500000, 0x00000000c9600000|  0%| F|  |TAMS 0x00000000c9500000, 0x00000000c9500000| Untracked 
|  92|0x00000000c9600000, 0x00000000c9600000, 0x00000000c9700000|  0%| F|  |TAMS 0x00000000c9600000, 0x00000000c9600000| Untracked 
|  93|0x00000000c9700000, 0x00000000c9700000, 0x00000000c9800000|  0%| F|  |TAMS 0x00000000c9700000, 0x00000000c9700000| Untracked 
|  94|0x00000000c9800000, 0x00000000c9800000, 0x00000000c9900000|  0%| F|  |TAMS 0x00000000c9800000, 0x00000000c9800000| Untracked 
|  95|0x00000000c9900000, 0x00000000c9900000, 0x00000000c9a00000|  0%| F|  |TAMS 0x00000000c9900000, 0x00000000c9900000| Untracked 
|  96|0x00000000c9a00000, 0x00000000c9a00000, 0x00000000c9b00000|  0%| F|  |TAMS 0x00000000c9a00000, 0x00000000c9a00000| Untracked 
|  97|0x00000000c9b00000, 0x00000000c9b00000, 0x00000000c9c00000|  0%| F|  |TAMS 0x00000000c9b00000, 0x00000000c9b00000| Untracked 
|  98|0x00000000c9c00000, 0x00000000c9c30080, 0x00000000c9d00000| 18%| S|CS|TAMS 0x00000000c9c00000, 0x00000000c9c00000| Complete 
|  99|0x00000000c9d00000, 0x00000000c9e00000, 0x00000000c9e00000|100%| S|CS|TAMS 0x00000000c9d00000, 0x00000000c9d00000| Complete 
| 100|0x00000000c9e00000, 0x00000000c9f00000, 0x00000000c9f00000|100%| S|CS|TAMS 0x00000000c9e00000, 0x00000000c9e00000| Complete 
| 101|0x00000000c9f00000, 0x00000000ca000000, 0x00000000ca000000|100%| S|CS|TAMS 0x00000000c9f00000, 0x00000000c9f00000| Complete 
| 102|0x00000000ca000000, 0x00000000ca000000, 0x00000000ca100000|  0%| F|  |TAMS 0x00000000ca000000, 0x00000000ca000000| Untracked 
| 103|0x00000000ca100000, 0x00000000ca100000, 0x00000000ca200000|  0%| F|  |TAMS 0x00000000ca100000, 0x00000000ca100000| Untracked 
| 104|0x00000000ca200000, 0x00000000ca200000, 0x00000000ca300000|  0%| F|  |TAMS 0x00000000ca200000, 0x00000000ca200000| Untracked 
| 105|0x00000000ca300000, 0x00000000ca300000, 0x00000000ca400000|  0%| F|  |TAMS 0x00000000ca300000, 0x00000000ca300000| Untracked 
| 106|0x00000000ca400000, 0x00000000ca400000, 0x00000000ca500000|  0%| F|  |TAMS 0x00000000ca400000, 0x00000000ca400000| Untracked 
| 107|0x00000000ca500000, 0x00000000ca500000, 0x00000000ca600000|  0%| F|  |TAMS 0x00000000ca500000, 0x00000000ca500000| Untracked 
| 108|0x00000000ca600000, 0x00000000ca600000, 0x00000000ca700000|  0%| F|  |TAMS 0x00000000ca600000, 0x00000000ca600000| Untracked 
| 109|0x00000000ca700000, 0x00000000ca700000, 0x00000000ca800000|  0%| F|  |TAMS 0x00000000ca700000, 0x00000000ca700000| Untracked 
| 110|0x00000000ca800000, 0x00000000ca800000, 0x00000000ca900000|  0%| F|  |TAMS 0x00000000ca800000, 0x00000000ca800000| Untracked 
| 111|0x00000000ca900000, 0x00000000ca900000, 0x00000000caa00000|  0%| F|  |TAMS 0x00000000ca900000, 0x00000000ca900000| Untracked 
| 112|0x00000000caa00000, 0x00000000caa00000, 0x00000000cab00000|  0%| F|  |TAMS 0x00000000caa00000, 0x00000000caa00000| Untracked 
| 113|0x00000000cab00000, 0x00000000cab00000, 0x00000000cac00000|  0%| F|  |TAMS 0x00000000cab00000, 0x00000000cab00000| Untracked 
| 114|0x00000000cac00000, 0x00000000cac00000, 0x00000000cad00000|  0%| F|  |TAMS 0x00000000cac00000, 0x00000000cac00000| Untracked 
| 115|0x00000000cad00000, 0x00000000cad00000, 0x00000000cae00000|  0%| F|  |TAMS 0x00000000cad00000, 0x00000000cad00000| Untracked 
| 116|0x00000000cae00000, 0x00000000cae00000, 0x00000000caf00000|  0%| F|  |TAMS 0x00000000cae00000, 0x00000000cae00000| Untracked 
| 117|0x00000000caf00000, 0x00000000caf00000, 0x00000000cb000000|  0%| F|  |TAMS 0x00000000caf00000, 0x00000000caf00000| Untracked 
| 118|0x00000000cb000000, 0x00000000cb000000, 0x00000000cb100000|  0%| F|  |TAMS 0x00000000cb000000, 0x00000000cb000000| Untracked 
| 119|0x00000000cb100000, 0x00000000cb164860, 0x00000000cb200000| 39%| E|  |TAMS 0x00000000cb100000, 0x00000000cb100000| Complete 

Card table byte_map: [0x000001bed0510000,0x000001bed0700000] _byte_map_base: 0x000001becfef3000

Marking Bits (Prev, Next): (CMBitMap*) 0x000001beb9a9d8c0, (CMBitMap*) 0x000001beb9a9d900
 Prev Bits: [0x000001bed08f0000, 0x000001bed1808000)
 Next Bits: [0x000001bed1810000, 0x000001bed2728000)

Polling page: 0x000001beb7a60000

Metaspace:

Usage:
  Non-class:     16.79 MB used.
      Class:      2.07 MB used.
       Both:     18.86 MB used.

Virtual space:
  Non-class space:       64.00 MB reserved,      16.94 MB ( 26%) committed,  1 nodes.
      Class space:        1.00 GB reserved,       2.19 MB ( <1%) committed,  1 nodes.
             Both:        1.06 GB reserved,      19.12 MB (  2%) committed. 

Chunk freelists:
   Non-Class:  14.96 MB
       Class:  13.73 MB
        Both:  28.69 MB

MaxMetaspaceSize: unlimited
CompressedClassSpaceSize: 1.00 GB
Initial GC threshold: 21.00 MB
Current GC threshold: 31.50 MB
CDS: on
MetaspaceReclaimPolicy: balanced
 - commit_granule_bytes: 65536.
 - commit_granule_words: 8192.
 - virtual_space_node_default_size: 8388608.
 - enlarge_chunks_in_place: 1.
 - new_chunks_are_fully_committed: 0.
 - uncommit_free_chunks: 1.
 - use_allocation_guard: 0.
 - handle_deallocations: 1.


Internal statistics:

num_allocs_failed_limit: 0.
num_arena_births: 168.
num_arena_deaths: 0.
num_vsnodes_births: 2.
num_vsnodes_deaths: 0.
num_space_committed: 306.
num_space_uncommitted: 0.
num_chunks_returned_to_freelist: 0.
num_chunks_taken_from_freelist: 381.
num_chunk_merges: 0.
num_chunk_splits: 222.
num_chunks_enlarged: 110.
num_inconsistent_stats: 0.

CodeHeap 'non-profiled nmethods': size=120000Kb used=1849Kb max_used=1849Kb free=118150Kb
 bounds [0x000001bec8df0000, 0x000001bec9060000, 0x000001bed0320000]
CodeHeap 'profiled nmethods': size=120000Kb used=7207Kb max_used=7207Kb free=112792Kb
 bounds [0x000001bec1320000, 0x000001bec1a30000, 0x000001bec8850000]
CodeHeap 'non-nmethods': size=5760Kb used=1391Kb max_used=1460Kb free=4368Kb
 bounds [0x000001bec8850000, 0x000001bec8ac0000, 0x000001bec8df0000]
 total_blobs=4311 nmethods=3590 adapters=631
 compilation: enabled
              stopped_count=0, restarted_count=0
 full_count=0

Compilation events (20 events):
Event: 632.419 Thread 0x000001bed4ba8e10 3582       3       java.util.WeakHashMap$HashIterator::nextEntry (81 bytes)
Event: 632.419 Thread 0x000001bed4ba8e10 nmethod 3582 0x000001bec1a25190 code [0x000001bec1a25380, 0x000001bec1a258a8]
Event: 635.134 Thread 0x000001bed4ba8e10 3583       3       sun.awt.image.VolatileSurfaceManager::displayChanged (102 bytes)
Event: 635.209 Thread 0x000001bed4ba8e10 nmethod 3583 0x000001bec1a25a10 code [0x000001bec1a25c40, 0x000001bec1a26608]
Event: 635.209 Thread 0x000001bed4ba8e10 3584       3       sun.awt.image.SunVolatileImage::updateGraphicsConfig (25 bytes)
Event: 635.209 Thread 0x000001bed4ba8e10 nmethod 3584 0x000001bec1a26890 code [0x000001bec1a26a40, 0x000001bec1a26d18]
Event: 635.707 Thread 0x000001bed4ba8e10 3585       1       sun.awt.NullComponentPeer::updateGraphicsData (2 bytes)
Event: 635.707 Thread 0x000001bed4ba8e10 nmethod 3585 0x000001bec8fbd210 code [0x000001bec8fbd3a0, 0x000001bec8fbd478]
Event: 635.750 Thread 0x000001bed4ba8e10 3586       3       sun.java2d.windows.GDIWindowSurfaceData::createData (18 bytes)
Event: 637.721 Thread 0x000001bed4ba8e10 nmethod 3586 0x000001bec1a26e10 code [0x000001bec1a27020, 0x000001bec1a27a28]
Event: 637.721 Thread 0x000001bed4ba8e10 3592       3       sun.java2d.SurfaceData::setBlitProxyKey (12 bytes)
Event: 637.721 Thread 0x000001bed4ba8e10 nmethod 3592 0x000001bec1a27d10 code [0x000001bec1a27ec0, 0x000001bec1a280b8]
Event: 637.721 Thread 0x000001bed4ba8e10 3587       3       sun.java2d.windows.GDIWindowSurfaceData::getSurfaceType (183 bytes)
Event: 637.962 Thread 0x000001bed4ba8e10 nmethod 3587 0x000001bec1a28190 code [0x000001bec1a28420, 0x000001bec1a294e8]
Event: 638.208 Thread 0x000001bed4ba8e10 3593       3       com.sun.crypto.provider.GaloisCounterMode$GCMEngine::getBufferedLength (19 bytes)
Event: 638.265 Thread 0x000001bed4ba8e10 nmethod 3593 0x000001bec1a29810 code [0x000001bec1a299a0, 0x000001bec1a29c78]
Event: 641.345 Thread 0x000001bed4ba5720 3594       4       java.util.LinkedList$ListItr::next (56 bytes)
Event: 641.379 Thread 0x000001bed4ba5720 nmethod 3594 0x000001bec8fbd910 code [0x000001bec8fbdaa0, 0x000001bec8fbdd58]
Event: 641.397 Thread 0x000001bed4ba5720 3595       4       java.awt.RenderingHints::put (39 bytes)
Event: 641.463 Thread 0x000001bed4ba5720 nmethod 3595 0x000001bec8fbde90 code [0x000001bec8fbe040, 0x000001bec8fbe2a8]

GC Heap History (20 events):
Event: 3.944 GC heap before
{Heap before GC invocations=5 (full 0):
 garbage-first heap   total 102400K, used 60227K [0x00000000c3a00000, 0x0000000100000000)
  region size 1024K, 2 young (2048K), 1 survivors (1024K)
 Metaspace       used 6895K, committed 7104K, reserved 1114112K
  class space    used 703K, committed 832K, reserved 1048576K
}
Event: 3.945 GC heap after
{Heap after GC invocations=6 (full 0):
 garbage-first heap   total 102400K, used 15154K [0x00000000c3a00000, 0x0000000100000000)
  region size 1024K, 1 young (1024K), 1 survivors (1024K)
 Metaspace       used 6895K, committed 7104K, reserved 1114112K
  class space    used 703K, committed 832K, reserved 1048576K
}
Event: 5.518 GC heap before
{Heap before GC invocations=6 (full 0):
 garbage-first heap   total 102400K, used 46898K [0x00000000c3a00000, 0x0000000100000000)
  region size 1024K, 3 young (3072K), 1 survivors (1024K)
 Metaspace       used 8199K, committed 8384K, reserved 1114112K
  class space    used 886K, committed 1024K, reserved 1048576K
}
Event: 5.519 GC heap after
{Heap after GC invocations=7 (full 0):
 garbage-first heap   total 102400K, used 43997K [0x00000000c3a00000, 0x0000000100000000)
  region size 1024K, 1 young (1024K), 1 survivors (1024K)
 Metaspace       used 8199K, committed 8384K, reserved 1114112K
  class space    used 886K, committed 1024K, reserved 1048576K
}
Event: 5.557 GC heap before
{Heap before GC invocations=7 (full 0):
 garbage-first heap   total 102400K, used 47069K [0x00000000c3a00000, 0x0000000100000000)
  region size 1024K, 4 young (4096K), 1 survivors (1024K)
 Metaspace       used 8205K, committed 8384K, reserved 1114112K
  class space    used 886K, committed 1024K, reserved 1048576K
}
Event: 5.558 GC heap after
{Heap after GC invocations=8 (full 0):
 garbage-first heap   total 102400K, used 14492K [0x00000000c3a00000, 0x0000000100000000)
  region size 1024K, 1 young (1024K), 1 survivors (1024K)
 Metaspace       used 8205K, committed 8384K, reserved 1114112K
  class space    used 886K, committed 1024K, reserved 1048576K
}
Event: 40.750 GC heap before
{Heap before GC invocations=8 (full 0):
 garbage-first heap   total 102400K, used 61596K [0x00000000c3a00000, 0x0000000100000000)
  region size 1024K, 31 young (31744K), 1 survivors (1024K)
 Metaspace       used 18004K, committed 18176K, reserved 1114112K
  class space    used 2018K, committed 2112K, reserved 1048576K
}
Event: 40.756 GC heap after
{Heap after GC invocations=9 (full 0):
 garbage-first heap   total 122880K, used 34755K [0x00000000c3a00000, 0x0000000100000000)
  region size 1024K, 4 young (4096K), 4 survivors (4096K)
 Metaspace       used 18004K, committed 18176K, reserved 1114112K
  class space    used 2018K, committed 2112K, reserved 1048576K
}
Event: 42.319 GC heap before
{Heap before GC invocations=9 (full 0):
 garbage-first heap   total 122880K, used 76739K [0x00000000c3a00000, 0x0000000100000000)
  region size 1024K, 26 young (26624K), 4 survivors (4096K)
 Metaspace       used 18064K, committed 18240K, reserved 1114112K
  class space    used 2021K, committed 2112K, reserved 1048576K
}
Event: 42.326 GC heap after
{Heap after GC invocations=10 (full 0):
 garbage-first heap   total 122880K, used 57017K [0x00000000c3a00000, 0x0000000100000000)
  region size 1024K, 4 young (4096K), 4 survivors (4096K)
 Metaspace       used 18064K, committed 18240K, reserved 1114112K
  class space    used 2021K, committed 2112K, reserved 1048576K
}
Event: 88.041 GC heap before
{Heap before GC invocations=10 (full 0):
 garbage-first heap   total 122880K, used 67257K [0x00000000c3a00000, 0x0000000100000000)
  region size 1024K, 7 young (7168K), 4 survivors (4096K)
 Metaspace       used 18373K, committed 18560K, reserved 1114112K
  class space    used 2062K, committed 2176K, reserved 1048576K
}
Event: 88.073 GC heap after
{Heap after GC invocations=11 (full 0):
 garbage-first heap   total 122880K, used 65588K [0x00000000c3a00000, 0x0000000100000000)
  region size 1024K, 2 young (2048K), 2 survivors (2048K)
 Metaspace       used 18373K, committed 18560K, reserved 1114112K
  class space    used 2062K, committed 2176K, reserved 1048576K
}
Event: 146.987 GC heap before
{Heap before GC invocations=12 (full 0):
 garbage-first heap   total 122880K, used 72756K [0x00000000c3a00000, 0x0000000100000000)
  region size 1024K, 9 young (9216K), 2 survivors (2048K)
 Metaspace       used 18888K, committed 19136K, reserved 1114112K
  class space    used 2115K, committed 2240K, reserved 1048576K
}
Event: 146.988 GC heap after
{Heap after GC invocations=13 (full 0):
 garbage-first heap   total 122880K, used 67229K [0x00000000c3a00000, 0x0000000100000000)
  region size 1024K, 2 young (2048K), 2 survivors (2048K)
 Metaspace       used 18888K, committed 19136K, reserved 1114112K
  class space    used 2115K, committed 2240K, reserved 1048576K
}
Event: 147.050 GC heap before
{Heap before GC invocations=14 (full 0):
 garbage-first heap   total 122880K, used 69277K [0x00000000c3a00000, 0x0000000100000000)
  region size 1024K, 5 young (5120K), 2 survivors (2048K)
 Metaspace       used 18896K, committed 19136K, reserved 1114112K
  class space    used 2115K, committed 2240K, reserved 1048576K
}
Event: 147.052 GC heap after
{Heap after GC invocations=15 (full 0):
 garbage-first heap   total 122880K, used 67063K [0x00000000c3a00000, 0x0000000100000000)
  region size 1024K, 2 young (2048K), 2 survivors (2048K)
 Metaspace       used 18896K, committed 19136K, reserved 1114112K
  class space    used 2115K, committed 2240K, reserved 1048576K
}
Event: 172.725 GC heap before
{Heap before GC invocations=16 (full 0):
 garbage-first heap   total 122880K, used 74231K [0x00000000c3a00000, 0x0000000100000000)
  region size 1024K, 9 young (9216K), 2 survivors (2048K)
 Metaspace       used 19057K, committed 19328K, reserved 1114112K
  class space    used 2116K, committed 2240K, reserved 1048576K
}
Event: 172.726 GC heap after
{Heap after GC invocations=17 (full 0):
 garbage-first heap   total 122880K, used 68881K [0x00000000c3a00000, 0x0000000100000000)
  region size 1024K, 3 young (3072K), 3 survivors (3072K)
 Metaspace       used 19057K, committed 19328K, reserved 1114112K
  class space    used 2116K, committed 2240K, reserved 1048576K
}
Event: 635.930 GC heap before
{Heap before GC invocations=18 (full 0):
 garbage-first heap   total 122880K, used 84241K [0x00000000c3a00000, 0x0000000100000000)
  region size 1024K, 18 young (18432K), 3 survivors (3072K)
 Metaspace       used 19311K, committed 19584K, reserved 1114112K
  class space    used 2120K, committed 2240K, reserved 1048576K
}
Event: 637.695 GC heap after
{Heap after GC invocations=19 (full 0):
 garbage-first heap   total 122880K, used 70586K [0x00000000c3a00000, 0x0000000100000000)
  region size 1024K, 4 young (4096K), 4 survivors (4096K)
 Metaspace       used 19311K, committed 19584K, reserved 1114112K
  class space    used 2120K, committed 2240K, reserved 1048576K
}

Deoptimization events (20 events):
Event: 184.221 Thread 0x000001bed4b929c0 DEOPT PACKING pc=0x000001bec8f910b4 sp=0x0000008b0d4fd390
Event: 184.221 Thread 0x000001bed4b929c0 DEOPT UNPACKING pc=0x000001bec88a5ba3 sp=0x0000008b0d4fd318 mode 2
Event: 184.221 Thread 0x000001bed4b929c0 Uncommon trap: trap_request=0xffffffde fr.pc=0x000001bec8f910b4 relative=0x0000000000000114
Event: 184.221 Thread 0x000001bed4b929c0 Uncommon trap: reason=class_check action=maybe_recompile pc=0x000001bec8f910b4 method=jdk.internal.misc.Unsafe.allocateUninitializedArray(Ljava/lang/Class;I)Ljava/lang/Object; @ 51 c2
Event: 184.221 Thread 0x000001bed4b929c0 DEOPT PACKING pc=0x000001bec8f910b4 sp=0x0000008b0d4fd390
Event: 184.221 Thread 0x000001bed4b929c0 DEOPT UNPACKING pc=0x000001bec88a5ba3 sp=0x0000008b0d4fd318 mode 2
Event: 185.983 Thread 0x000001bed4b929c0 Uncommon trap: trap_request=0xffffff6e fr.pc=0x000001bec8f93bb0 relative=0x0000000000000790
Event: 185.983 Thread 0x000001bed4b929c0 Uncommon trap: reason=loop_limit_check action=maybe_recompile pc=0x000001bec8f93bb0 method=java.awt.geom.AffineTransform.transform([DI[DII)V @ 454 c2
Event: 185.983 Thread 0x000001bed4b929c0 DEOPT PACKING pc=0x000001bec8f93bb0 sp=0x0000008b0d4fd240
Event: 185.983 Thread 0x000001bed4b929c0 DEOPT UNPACKING pc=0x000001bec88a5ba3 sp=0x0000008b0d4fd190 mode 2
Event: 413.771 Thread 0x000001bed4b929c0 DEOPT PACKING pc=0x000001bec14c231d sp=0x0000008b0d4feb40
Event: 413.771 Thread 0x000001bed4b929c0 DEOPT UNPACKING pc=0x000001bec88a66e3 sp=0x0000008b0d4fdfd0 mode 0
Event: 415.189 Thread 0x000001bed4b929c0 DEOPT PACKING pc=0x000001bec17460ad sp=0x0000008b0d4fcaf0
Event: 415.190 Thread 0x000001bed4b929c0 DEOPT UNPACKING pc=0x000001bec88a66e3 sp=0x0000008b0d4fbf78 mode 0
Event: 415.204 Thread 0x000001bed4b929c0 DEOPT PACKING pc=0x000001bec17460ad sp=0x0000008b0d4fcee0
Event: 415.204 Thread 0x000001bed4b929c0 DEOPT UNPACKING pc=0x000001bec88a66e3 sp=0x0000008b0d4fc368 mode 0
Event: 415.392 Thread 0x000001bf1c462830 Uncommon trap: trap_request=0xffffffbe fr.pc=0x000001bec8f286c8 relative=0x0000000000006288
Event: 415.393 Thread 0x000001bf1c462830 Uncommon trap: reason=profile_predicate action=maybe_recompile pc=0x000001bec8f286c8 method=sun.awt.image.PNGImageDecoder.produceImage()V @ 867 c2
Event: 415.394 Thread 0x000001bf1c462830 DEOPT PACKING pc=0x000001bec8f286c8 sp=0x0000008b0d9fefc0
Event: 415.394 Thread 0x000001bf1c462830 DEOPT UNPACKING pc=0x000001bec88a5ba3 sp=0x0000008b0d9fef00 mode 2

Classes unloaded (0 events):
No events

Classes redefined (0 events):
No events

Internal exceptions (20 events):
Event: 3.862 Thread 0x000001bed4b929c0 Exception <a 'sun/java2d/InvalidPipeException'{0x00000000c7742800}: GDIWindowSurfaceData: bounds changed> (0x00000000c7742800) 
thrown [s\open\src\hotspot\share\prims\jni.cpp, line 535]
Event: 4.000 Thread 0x000001bed4b929c0 Exception <a 'sun/java2d/InvalidPipeException'{0x00000000c9b08440}: GDIWindowSurfaceData: bounds changed> (0x00000000c9b08440) 
thrown [s\open\src\hotspot\share\prims\jni.cpp, line 535]
Event: 5.527 Thread 0x000001bed4b91070 Implicit null exception at 0x000001bec8e1a38d to 0x000001bec8e1a9ac
Event: 36.283 Thread 0x000001bed4b929c0 Implicit null exception at 0x000001bec8e6c904 to 0x000001bec8e6cb2d
Event: 36.350 Thread 0x000001bed4b929c0 Exception <a 'java/lang/NoSuchMethodError'{0x00000000c954ef00}: 'java.lang.Object java.lang.invoke.DirectMethodHandle$Holder.invokeInterface(java.lang.Object, java.lang.Object)'> (0x00000000c954ef00) 
thrown [s\open\src\hotspot\share\interpreter\linkResolver.cpp, line 759]
Event: 36.449 Thread 0x000001bed4b929c0 Exception <a 'java/lang/NoSuchMethodError'{0x00000000c95d0038}: 'void java.lang.invoke.DirectMethodHandle$Holder.invokeStatic(java.lang.Object, java.lang.Object, java.lang.Object)'> (0x00000000c95d0038) 
thrown [s\open\src\hotspot\share\interpreter\linkResolver.cpp, line 759]
Event: 36.450 Thread 0x000001bed4b929c0 Exception <a 'java/lang/NoSuchMethodError'{0x00000000c95da570}: 'java.lang.Object java.lang.invoke.DirectMethodHandle$Holder.invokeVirtual(java.lang.Object, java.lang.Object, java.lang.Object)'> (0x00000000c95da570) 
thrown [s\open\src\hotspot\share\interpreter\linkResolver.cpp, line 759]
Event: 36.764 Thread 0x000001bed4b929c0 Exception <a 'java/lang/NoSuchMethodError'{0x00000000c911a458}: 'void java.lang.invoke.DirectMethodHandle$Holder.invokeStatic(java.lang.Object, java.lang.Object)'> (0x00000000c911a458) 
thrown [s\open\src\hotspot\share\interpreter\linkResolver.cpp, line 759]
Event: 37.058 Thread 0x000001bed4b929c0 Exception <a 'java/lang/NoSuchMethodError'{0x00000000c8f10950}: 'void java.lang.invoke.DirectMethodHandle$Holder.invokeStaticInit(java.lang.Object, java.lang.Object)'> (0x00000000c8f10950) 
thrown [s\open\src\hotspot\share\interpreter\linkResolver.cpp, line 759]
Event: 37.252 Thread 0x000001bed4b929c0 Exception <a 'sun/nio/fs/WindowsException'{0x00000000c8e334f8}> (0x00000000c8e334f8) 
thrown [s\open\src\hotspot\share\prims\jni.cpp, line 516]
Event: 37.302 Thread 0x000001bed4b929c0 Exception <a 'java/lang/NoSuchMethodError'{0x00000000c8e59bb8}: 'int java.lang.invoke.DirectMethodHandle$Holder.invokeStaticInit(java.lang.Object, java.lang.Object, java.lang.Object, java.lang.Object)'> (0x00000000c8e59bb8) 
thrown [s\open\src\hotspot\share\interpreter\linkResolver.cpp, line 759]
Event: 37.303 Thread 0x000001bed4b929c0 Exception <a 'java/lang/IncompatibleClassChangeError'{0x00000000c8e631e8}: Found class java.lang.Object, but interface was expected> (0x00000000c8e631e8) 
thrown [s\open\src\hotspot\share\interpreter\linkResolver.cpp, line 826]
Event: 37.305 Thread 0x000001bed4b929c0 Exception <a 'java/lang/NoSuchMethodError'{0x00000000c8e69018}: 'int java.lang.invoke.DirectMethodHandle$Holder.invokeStaticInit(java.lang.Object, java.lang.Object)'> (0x00000000c8e69018) 
thrown [s\open\src\hotspot\share\interpreter\linkResolver.cpp, line 759]
Event: 37.445 Thread 0x000001bed4b929c0 Exception <a 'java/lang/NoSuchMethodError'{0x00000000c8d2b3f0}: 'java.lang.Object java.lang.invoke.DirectMethodHandle$Holder.invokeStaticInit(java.lang.Object, int, int, int, int)'> (0x00000000c8d2b3f0) 
thrown [s\open\src\hotspot\share\interpreter\linkResolver.cpp, line 759]
Event: 37.569 Thread 0x000001bed4b929c0 Exception <a 'java/lang/NoSuchMethodError'{0x00000000c8d9cfb0}: 'java.lang.Object java.lang.invoke.DirectMethodHandle$Holder.invokeStaticInit(java.lang.Object, java.lang.Object, int, int, int, int)'> (0x00000000c8d9cfb0) 
thrown [s\open\src\hotspot\share\interpreter\linkResolver.cpp, line 759]
Event: 40.455 Thread 0x000001bf1c462320 Implicit null exception at 0x000001bec8e49a6a to 0x000001bec8e4cce8
Event: 136.954 Thread 0x000001bf1c464690 Implicit null exception at 0x000001bec8eb40a5 to 0x000001bec8eb56b0
Event: 137.079 Thread 0x000001bed4b929c0 Exception <a 'java/lang/NoSuchMethodError'{0x00000000cab8db78}: 'int java.lang.invoke.DirectMethodHandle$Holder.invokeStatic(java.lang.Object)'> (0x00000000cab8db78) 
thrown [s\open\src\hotspot\share\interpreter\linkResolver.cpp, line 759]
Event: 154.637 Thread 0x000001bf1c4609d0 Implicit null exception at 0x000001bec8f236f5 to 0x000001bec8f28638
Event: 415.390 Thread 0x000001bf1c462830 Implicit null exception at 0x000001bec8f236f5 to 0x000001bec8f28638

VM Operations (20 events):
Event: 477.669 Executing VM operation: Cleanup done
Event: 479.681 Executing VM operation: Cleanup
Event: 479.681 Executing VM operation: Cleanup done
Event: 481.697 Executing VM operation: Cleanup
Event: 481.698 Executing VM operation: Cleanup done
Event: 485.725 Executing VM operation: Cleanup
Event: 485.740 Executing VM operation: Cleanup done
Event: 519.055 Executing VM operation: Cleanup
Event: 519.055 Executing VM operation: Cleanup done
Event: 620.662 Executing VM operation: HandshakeAllThreads
Event: 620.666 Executing VM operation: HandshakeAllThreads done
Event: 629.757 Executing VM operation: Cleanup
Event: 629.757 Executing VM operation: Cleanup done
Event: 635.823 Executing VM operation: Cleanup
Event: 635.870 Executing VM operation: Cleanup done
Event: 635.899 Executing VM operation: G1TryInitiateConcMark
Event: 637.705 Executing VM operation: G1TryInitiateConcMark done
Event: 638.712 Executing VM operation: Cleanup
Event: 641.143 Executing VM operation: Cleanup done
Event: 642.271 Executing VM operation: G1Concurrent

Events (20 events):
Event: 146.920 Thread 0x000001bf1c4613f0 Thread added: 0x000001bf1c4613f0
Event: 147.048 Thread 0x000001bf1c4664f0 Thread added: 0x000001bf1c4664f0
Event: 151.841 loading class java/security/DomainCombiner
Event: 151.876 loading class java/security/DomainCombiner done
Event: 152.056 Thread 0x000001bf1c4664f0 Thread exited: 0x000001bf1c4664f0
Event: 152.087 Thread 0x000001bf1c4613f0 Thread exited: 0x000001bf1c4613f0
Event: 154.632 Thread 0x000001bf1c4609d0 Thread added: 0x000001bf1c4609d0
Event: 159.650 Thread 0x000001bf1c4609d0 Thread exited: 0x000001bf1c4609d0
Event: 172.714 Thread 0x000001bf1c464180 Thread added: 0x000001bf1c464180
Event: 177.806 Thread 0x000001bf1c464180 Thread exited: 0x000001bf1c464180
Event: 415.369 Thread 0x000001bf1c462830 Thread added: 0x000001bf1c462830
Event: 420.591 Thread 0x000001bf1c462830 Thread exited: 0x000001bf1c462830
Event: 440.140 loading class java/awt/KeyboardFocusManager$4
Event: 440.194 loading class java/awt/KeyboardFocusManager$4 done
Event: 629.967 loading class java/util/WeakHashMap$KeyIterator
Event: 630.285 loading class java/util/WeakHashMap$HashIterator
Event: 630.565 loading class java/util/WeakHashMap$HashIterator done
Event: 630.565 loading class java/util/WeakHashMap$KeyIterator done
Event: 634.744 loading class javax/swing/RepaintManager$DisplayChangedRunnable
Event: 635.075 loading class javax/swing/RepaintManager$DisplayChangedRunnable done


Dynamic libraries:
0x00007ff6a09a0000 - 0x00007ff6a09b0000 	E:\bin\javaw.exe
0x00007ff8efd10000 - 0x00007ff8eff27000 	C:\WINDOWS\SYSTEM32\ntdll.dll
0x00007ff8ef500000 - 0x00007ff8ef5c4000 	C:\WINDOWS\System32\KERNEL32.DLL
0x00007ff8ed550000 - 0x00007ff8ed8fd000 	C:\WINDOWS\System32\KERNELBASE.dll
0x00007ff8ed390000 - 0x00007ff8ed4a1000 	C:\WINDOWS\System32\ucrtbase.dll
0x00007ff8e9e40000 - 0x00007ff8e9e5b000 	E:\bin\VCRUNTIME140.dll
0x00007ff8e7fd0000 - 0x00007ff8e7fe9000 	E:\bin\jli.dll
0x00007ff8ee980000 - 0x00007ff8eea32000 	C:\WINDOWS\System32\ADVAPI32.dll
0x00007ff8ef1f0000 - 0x00007ff8ef297000 	C:\WINDOWS\System32\msvcrt.dll
0x00007ff8eeaa0000 - 0x00007ff8eeb49000 	C:\WINDOWS\System32\sechost.dll
0x00007ff8ed030000 - 0x00007ff8ed058000 	C:\WINDOWS\System32\bcrypt.dll
0x00007ff8ee860000 - 0x00007ff8ee974000 	C:\WINDOWS\System32\RPCRT4.dll
0x00007ff8efa40000 - 0x00007ff8efbee000 	C:\WINDOWS\System32\USER32.dll
0x00007ff8ed360000 - 0x00007ff8ed386000 	C:\WINDOWS\System32\win32u.dll
0x00007ff8ee830000 - 0x00007ff8ee859000 	C:\WINDOWS\System32\GDI32.dll
0x00007ff8ca550000 - 0x00007ff8ca7e3000 	C:\WINDOWS\WinSxS\amd64_microsoft.windows.common-controls_6595b64144ccf1df_6.0.22621.3672_none_2713b9d173822955\COMCTL32.dll
0x00007ff8ed060000 - 0x00007ff8ed179000 	C:\WINDOWS\System32\gdi32full.dll
0x00007ff8ed4b0000 - 0x00007ff8ed54a000 	C:\WINDOWS\System32\msvcp_win.dll
0x00007ff8e6160000 - 0x00007ff8e616a000 	C:\WINDOWS\SYSTEM32\VERSION.dll
0x00007ff8efc90000 - 0x00007ff8efcc1000 	C:\WINDOWS\System32\IMM32.DLL
0x00007ff8e9e30000 - 0x00007ff8e9e3c000 	E:\bin\vcruntime140_1.dll
0x00007ff8a2570000 - 0x00007ff8a25fe000 	E:\bin\msvcp140.dll
0x00007ff8790a0000 - 0x00007ff879c80000 	E:\bin\server\jvm.dll
0x00007ff8ef5f0000 - 0x00007ff8ef5f8000 	C:\WINDOWS\System32\PSAPI.DLL
0x00007ff8e5210000 - 0x00007ff8e5244000 	C:\WINDOWS\SYSTEM32\WINMM.dll
0x00007ff8db2a0000 - 0x00007ff8db2a9000 	C:\WINDOWS\SYSTEM32\WSOCK32.dll
0x00007ff8ef400000 - 0x00007ff8ef471000 	C:\WINDOWS\System32\ws2_32.DLL
0x00007ff8ec080000 - 0x00007ff8ec098000 	C:\WINDOWS\SYSTEM32\kernel.appcore.dll
0x00007ff8e5540000 - 0x00007ff8e554a000 	E:\bin\jimage.dll
0x00007ff8eaa90000 - 0x00007ff8eacc2000 	C:\WINDOWS\SYSTEM32\DBGHELP.DLL
0x00007ff8eecb0000 - 0x00007ff8ef03e000 	C:\WINDOWS\System32\combase.dll
0x00007ff8ef820000 - 0x00007ff8ef8f7000 	C:\WINDOWS\System32\OLEAUT32.dll
0x00007ff8bfcc0000 - 0x00007ff8bfcf2000 	C:\WINDOWS\SYSTEM32\dbgcore.DLL
0x00007ff8ed900000 - 0x00007ff8ed97b000 	C:\WINDOWS\System32\bcryptPrimitives.dll
0x00007ff8b5ad0000 - 0x00007ff8b5af5000 	E:\bin\java.dll
0x00007ff8821f0000 - 0x00007ff8822c7000 	E:\bin\jsvml.dll
0x00007ff8eda40000 - 0x00007ff8ee2a7000 	C:\WINDOWS\System32\SHELL32.dll
0x00007ff8eafb0000 - 0x00007ff8eb8af000 	C:\WINDOWS\SYSTEM32\windows.storage.dll
0x00007ff8eacd0000 - 0x00007ff8eae0f000 	C:\WINDOWS\SYSTEM32\wintypes.dll
0x00007ff8eebb0000 - 0x00007ff8eeca9000 	C:\WINDOWS\System32\SHCORE.dll
0x00007ff8eeb50000 - 0x00007ff8eebae000 	C:\WINDOWS\System32\shlwapi.dll
0x00007ff8ecf60000 - 0x00007ff8ecf87000 	C:\WINDOWS\SYSTEM32\profapi.dll
0x00007ff8dbc50000 - 0x00007ff8dbc69000 	E:\bin\net.dll
0x00007ff8e5680000 - 0x00007ff8e57b6000 	C:\WINDOWS\SYSTEM32\WINHTTP.dll
0x00007ff8ec4f0000 - 0x00007ff8ec559000 	C:\WINDOWS\system32\mswsock.dll
0x00007ff8dbb20000 - 0x00007ff8dbb36000 	E:\bin\nio.dll
0x00007ff8b5ab0000 - 0x00007ff8b5ac8000 	E:\bin\zip.dll
0x00007ff8a8ba0000 - 0x00007ff8a8d31000 	E:\bin\awt.dll
0x00007ff8e9e80000 - 0x00007ff8e9f17000 	C:\WINDOWS\SYSTEM32\apphelp.dll
0x00007ff8ea470000 - 0x00007ff8ea49b000 	C:\WINDOWS\system32\DWMAPI.DLL
0x00007ff8ea130000 - 0x00007ff8ea1e1000 	C:\WINDOWS\system32\uxtheme.dll
0x00007ff8def00000 - 0x00007ff8df000000 	C:\WINDOWS\system32\opengl32.dll
0x00007ff8e1ba0000 - 0x00007ff8e1bcd000 	C:\WINDOWS\SYSTEM32\GLU32.dll
0x00007ff8ea220000 - 0x00007ff8ea257000 	C:\WINDOWS\SYSTEM32\dxcore.dll
0x00007ff8ef2a0000 - 0x00007ff8ef3fe000 	C:\WINDOWS\System32\MSCTF.dll
0x00007ff8ef040000 - 0x00007ff8ef1e5000 	C:\WINDOWS\System32\ole32.dll
0x00007ff8e2640000 - 0x00007ff8e266e000 	E:\bin\javajpeg.dll
0x00007ff8aea70000 - 0x00007ff8aeaf7000 	E:\bin\freetype.dll
0x00007ff8a8ab0000 - 0x00007ff8a8b91000 	E:\bin\fontmanager.dll
0x00007ff8de4f0000 - 0x00007ff8de633000 	C:\WINDOWS\SYSTEM32\textinputframework.dll
0x00007ff8e9a80000 - 0x00007ff8e9bb3000 	C:\WINDOWS\SYSTEM32\CoreMessaging.dll
0x00007ff8e3d70000 - 0x00007ff8e40dd000 	C:\WINDOWS\SYSTEM32\CoreUIComponents.dll
0x00007ff8ec760000 - 0x00007ff8ec76c000 	C:\WINDOWS\SYSTEM32\CRYPTBASE.DLL
0x00007ff8ef990000 - 0x00007ff8efa40000 	C:\WINDOWS\System32\clbcatq.dll
0x00007ff8e9f70000 - 0x00007ff8ea121000 	C:\WINDOWS\SYSTEM32\WindowsCodecs.dll
0x00007ff8bcec0000 - 0x00007ff8bcf1e000 	C:\WINDOWS\system32\dataexchange.dll
0x00007ff8e6d20000 - 0x00007ff8e6faa000 	C:\WINDOWS\system32\twinapi.appcore.dll
0x00007ff8ebb80000 - 0x00007ff8ebc78000 	C:\WINDOWS\SYSTEM32\DNSAPI.dll
0x00007ff8ebb50000 - 0x00007ff8ebb7d000 	C:\WINDOWS\SYSTEM32\IPHLPAPI.DLL
0x00007ff8ef900000 - 0x00007ff8ef909000 	C:\WINDOWS\System32\NSI.dll
0x00007ff8e3810000 - 0x00007ff8e381a000 	C:\Windows\System32\rasadhlp.dll
0x00007ff8e3460000 - 0x00007ff8e34e3000 	C:\WINDOWS\System32\fwpuclnt.dll
0x00007ff8ec740000 - 0x00007ff8ec75b000 	C:\WINDOWS\SYSTEM32\CRYPTSP.dll
0x00007ff8ebfe0000 - 0x00007ff8ec015000 	C:\WINDOWS\system32\rsaenh.dll
0x00007ff8ec5e0000 - 0x00007ff8ec608000 	C:\WINDOWS\SYSTEM32\USERENV.dll
0x00007ff8e5290000 - 0x00007ff8e52a9000 	C:\WINDOWS\SYSTEM32\dhcpcsvc6.DLL
0x00007ff8e4b60000 - 0x00007ff8e4b7f000 	C:\WINDOWS\SYSTEM32\dhcpcsvc.DLL
0x00007ff8e6930000 - 0x00007ff8e693e000 	E:\bin\sunmscapi.dll
0x00007ff8ed180000 - 0x00007ff8ed2e6000 	C:\WINDOWS\System32\CRYPT32.dll
0x00007ff8ec8e0000 - 0x00007ff8ec90e000 	C:\WINDOWS\SYSTEM32\ncrypt.dll
0x00007ff8ec8a0000 - 0x00007ff8ec8d7000 	C:\WINDOWS\SYSTEM32\NTASN1.dll

dbghelp: loaded successfully - version: 4.0.5 - missing functions: none
symbol engine: initialized successfully - sym options: 0x614 - pdb path: .;E:\bin;C:\WINDOWS\SYSTEM32;C:\WINDOWS\WinSxS\amd64_microsoft.windows.common-controls_6595b64144ccf1df_6.0.22621.3672_none_2713b9d173822955;E:\bin\server

VM Arguments:
jvm_args: -Dfile.encoding=Cp1252 -XX:+ShowCodeDetailsInExceptionMessages 
java_command: Electricity.Billing.System.Splash1
java_class_path (initial): C:\Users\91976\OneDrive\Desktop\com.itep.corejava\Electricity Billing Management System\bin;C:\Users\91976\OneDrive\Desktop\com.itep.corejava\Electricity Billing Management System\Library\mysql-connector-java-8.0.28.jar;C:\Users\91976\OneDrive\Desktop\com.itep.corejava\Electricity Billing Management System\Library\rs2xml.jar
Launcher Type: SUN_STANDARD

[Global flags]
     intx CICompilerCount                          = 3                                         {product} {ergonomic}
     uint ConcGCThreads                            = 1                                         {product} {ergonomic}
     uint G1ConcRefinementThreads                  = 4                                         {product} {ergonomic}
   size_t G1HeapRegionSize                         = 1048576                                   {product} {ergonomic}
    uintx GCDrainStackTargetSize                   = 64                                        {product} {ergonomic}
   size_t InitialHeapSize                          = 65011712                                  {product} {ergonomic}
   size_t MarkStackSize                            = 4194304                                   {product} {ergonomic}
   size_t MaxHeapSize                              = 1012924416                                {product} {ergonomic}
   size_t MaxNewSize                               = 607125504                                 {product} {ergonomic}
   size_t MinHeapDeltaBytes                        = 1048576                                   {product} {ergonomic}
   size_t MinHeapSize                              = 8388608                                   {product} {ergonomic}
    uintx NonNMethodCodeHeapSize                   = 5832780                                {pd product} {ergonomic}
    uintx NonProfiledCodeHeapSize                  = 122912730                              {pd product} {ergonomic}
    uintx ProfiledCodeHeapSize                     = 122912730                              {pd product} {ergonomic}
    uintx ReservedCodeCacheSize                    = 251658240                              {pd product} {ergonomic}
     bool SegmentedCodeCache                       = true                                      {product} {ergonomic}
     bool ShowCodeDetailsInExceptionMessages       = true                                   {manageable} {command line}
   size_t SoftMaxHeapSize                          = 1012924416                             {manageable} {ergonomic}
     bool UseCompressedClassPointers               = true                           {product lp64_product} {ergonomic}
     bool UseCompressedOops                        = true                           {product lp64_product} {ergonomic}
     bool UseG1GC                                  = true                                      {product} {ergonomic}
     bool UseLargePagesIndividualAllocation        = false                                  {pd product} {ergonomic}

Logging:
Log output configuration:
 #0: stdout all=warning uptime,level,tags
 #1: stderr all=off uptime,level,tags

Environment Variables:
JAVA_HOME=C:\Program Files\Java\jdk-16
PATH=C:\Program Files\Common Files\Oracle\Java\javapath;C:\Program Files\Python310\Scripts\;C:\Program Files\Python310\;C:\WINDOWS\system32;C:\WINDOWS;C:\WINDOWS\System32\Wbem;C:\WINDOWS\System32\WindowsPowerShell\v1.0\;C:\WINDOWS\System32\OpenSSH\;C:\Program Files\Java\jdk-16\bin;C:\Program Files (x86)\Microsoft SQL Server\100\Tools\Binn\;C:\Program Files\Microsoft SQL Server\100\Tools\Binn\;C:\Program Files\Microsoft SQL Server\100\DTS\Binn\;C:\Program Files\dotnet\;C:\Program Files\MySQL\MySQL Server 8.0\bin;E:\bin;C:\Program Files\MySQL\MySQL Shell 8.0\bin\;C:\Users\91976\AppData\Local\Microsoft\WindowsApps;C:\Program Files\JetBrains\IntelliJ IDEA Community Edition 2021.2\bin;;C:\Users\91976\AppData\Local\Programs\Microsoft VS Code\bin;C:\xampp\php;
USERNAME=91976
OS=Windows_NT
PROCESSOR_IDENTIFIER=Intel64 Family 6 Model 126 Stepping 5, GenuineIntel



---------------  S Y S T E M  ---------------

OS:
 Windows 11 , 64 bit Build 22621 (10.0.22621.3958)
OS uptime: 1 days 0:17 hours

CPU: total 4 (initial active 4) (2 cores per cpu, 2 threads per core) family 6 model 126 stepping 5 microcode 0xc2, cx8, cmov, fxsr, ht, mmx, 3dnowpref, sse, sse2, sse3, ssse3, sse4.1, sse4.2, popcnt, lzcnt, tsc, tscinvbit, avx, avx2, aes, erms, clmul, bmi1, bmi2, adx, avx512f, avx512dq, avx512cd, avx512bw, avx512vl, sha, fma, vzeroupper, avx512_vpopcntdq, avx512_vpclmulqdq, avx512_vaes, avx512_vnni, clflush, clflushopt, avx512_vbmi2, avx512_vbmi

Memory: 4k page, system-wide physical 3863M (197M free)
TotalPageFile size 15639M (AvailPageFile size 29M)
current process WorkingSet (physical memory assigned to process): 77M, peak: 200M
current process commit charge ("private bytes"): 240M, peak: 279M

vm_info: Java HotSpot(TM) 64-Bit Server VM (17.0.11+7-LTS-207) for windows-amd64 JRE (17.0.11+7-LTS-207), built on Mar 11 2024 19:01:50 by "mach5one" with MS VC++ 17.6 (VS2022)

END.
