#
# There is insufficient memory for the Java Runtime Environment to continue.
# Native memory allocation (malloc) failed to allocate 3864 bytes for AllocateHeap
# Possible reasons:
#   The system is out of physical RAM or swap space
#   The process is running with CompressedOops enabled, and the Java Heap may be blocking the growth of the native heap
# Possible solutions:
#   Reduce memory load on the system
#   Increase physical memory or swap space
#   Check if swap backing store is full
#   Decrease Java heap size (-Xmx/-Xms)
#   Decrease number of Java threads
#   Decrease Java thread stack sizes (-Xss)
#   Set larger code cache with -XX:ReservedCodeCacheSize=
#   JVM is running with Unscaled Compressed Oops mode in which the Java heap is
#     placed in the first 4GB address space. The Java Heap base address is the
#     maximum limit for the native heap growth. Please use -XX:HeapBaseMinAddress
#     to set the Java Heap base and to place the Java Heap above 4GB virtual address.
# This output file may be truncated or incomplete.
#
#  Out of Memory Error (allocation.cpp:44), pid=21860, tid=25164
#
# JRE version: Java(TM) SE Runtime Environment (17.0.11+7) (build 17.0.11+7-LTS-207)
# Java VM: Java HotSpot(TM) 64-Bit Server VM (17.0.11+7-LTS-207, mixed mode, sharing, tiered, compressed oops, compressed class ptrs, g1 gc, windows-amd64)
# No core dump will be written. Minidumps are not enabled by default on client versions of Windows
#

---------------  S U M M A R Y ------------

Command Line: -Dfile.encoding=Cp1252 -XX:+ShowCodeDetailsInExceptionMessages Electricity.Billing.System.Splash1

Host: Intel(R) Core(TM) i3-1005G1 CPU @ 1.20GHz, 4 cores, 3G,  Windows 11 , 64 bit Build 22621 (10.0.22621.3958)
Time: Tue Oct  1 03:39:30 2024 India Standard Time elapsed time: 1.967242 seconds (0d 0h 0m 1s)

---------------  T H R E A D  ---------------

Current thread (0x0000026ee21eece0):  VMThread "VM Thread" [stack: 0x000000d1f0000000,0x000000d1f0100000] [id=25164]

Stack: [0x000000d1f0000000,0x000000d1f0100000]
Native frames: (J=compiled Java code, j=interpreted, Vv=VM code, C=native code)
V  [jvm.dll+0x679cca]
V  [jvm.dll+0x7da13d]
V  [jvm.dll+0x7dba83]
V  [jvm.dll+0x7dc0f3]
V  [jvm.dll+0x2449af]
V  [jvm.dll+0xa5e73]
V  [jvm.dll+0x30ed04]
V  [jvm.dll+0x3108f1]
V  [jvm.dll+0x2d6bca]
V  [jvm.dll+0x2d642c]
V  [jvm.dll+0x319f8b]
V  [jvm.dll+0x7e09eb]
V  [jvm.dll+0x7e1724]
V  [jvm.dll+0x7e1c3d]
V  [jvm.dll+0x7e2014]
V  [jvm.dll+0x7e20e0]
V  [jvm.dll+0x78a85a]
V  [jvm.dll+0x678bb5]
C  [ucrtbase.dll+0x29333]
C  [KERNEL32.DLL+0x1257d]
C  [ntdll.dll+0x5af08]

VM_Operation (0x000000d1f11fd870): G1CollectForAllocation, mode: safepoint, requested by thread 0x0000026efed3dff0


---------------  P R O C E S S  ---------------

Threads class SMR info:
_java_thread_list=0x0000026efd6c6e70, length=17, elements={
0x0000026ee2134dc0, 0x0000026ee21f46a0, 0x0000026ee21f5170, 0x0000026efd258080,
0x0000026efd258b50, 0x0000026efd25f450, 0x0000026efd264230, 0x0000026efd26cef0,
0x0000026efd26e0c0, 0x0000026efd2811d0, 0x0000026efd4ba110, 0x0000026efd4bd870,
0x0000026efd704f30, 0x0000026efd708220, 0x0000026efd70c1d0, 0x0000026efd78db10,
0x0000026efed3dff0
}

Java Threads: ( => current thread )
  0x0000026ee2134dc0 JavaThread "main" [_thread_blocked, id=9364, stack(0x000000d1efa00000,0x000000d1efb00000)]
  0x0000026ee21f46a0 JavaThread "Reference Handler" daemon [_thread_blocked, id=10188, stack(0x000000d1f0100000,0x000000d1f0200000)]
  0x0000026ee21f5170 JavaThread "Finalizer" daemon [_thread_blocked, id=20024, stack(0x000000d1f0200000,0x000000d1f0300000)]
  0x0000026efd258080 JavaThread "Signal Dispatcher" daemon [_thread_blocked, id=24632, stack(0x000000d1f0300000,0x000000d1f0400000)]
  0x0000026efd258b50 JavaThread "Attach Listener" daemon [_thread_blocked, id=25260, stack(0x000000d1f0400000,0x000000d1f0500000)]
  0x0000026efd25f450 JavaThread "Service Thread" daemon [_thread_blocked, id=22972, stack(0x000000d1f0500000,0x000000d1f0600000)]
  0x0000026efd264230 JavaThread "Monitor Deflation Thread" daemon [_thread_blocked, id=24996, stack(0x000000d1f0600000,0x000000d1f0700000)]
  0x0000026efd26cef0 JavaThread "C2 CompilerThread0" daemon [_thread_blocked, id=21028, stack(0x000000d1f0700000,0x000000d1f0800000)]
  0x0000026efd26e0c0 JavaThread "C1 CompilerThread0" daemon [_thread_blocked, id=7844, stack(0x000000d1f0800000,0x000000d1f0900000)]
  0x0000026efd2811d0 JavaThread "Sweeper thread" daemon [_thread_blocked, id=24396, stack(0x000000d1f0900000,0x000000d1f0a00000)]
  0x0000026efd4ba110 JavaThread "Notification Thread" daemon [_thread_blocked, id=22652, stack(0x000000d1f0a00000,0x000000d1f0b00000)]
  0x0000026efd4bd870 JavaThread "Common-Cleaner" daemon [_thread_blocked, id=3904, stack(0x000000d1f0c00000,0x000000d1f0d00000)]
  0x0000026efd704f30 JavaThread "Java2D Disposer" daemon [_thread_blocked, id=25240, stack(0x000000d1f0d00000,0x000000d1f0e00000)]
  0x0000026efd708220 JavaThread "AWT-Shutdown" [_thread_blocked, id=10848, stack(0x000000d1f0e00000,0x000000d1f0f00000)]
  0x0000026efd70c1d0 JavaThread "AWT-Windows" daemon [_thread_in_native, id=23916, stack(0x000000d1f0f00000,0x000000d1f1000000)]
  0x0000026efd78db10 JavaThread "Image Fetcher 0" daemon [_thread_blocked, id=25560, stack(0x000000d1f1000000,0x000000d1f1100000)]
  0x0000026efed3dff0 JavaThread "AWT-EventQueue-0" [_thread_blocked, id=22936, stack(0x000000d1f1100000,0x000000d1f1200000)]

Other Threads:
=>0x0000026ee21eece0 VMThread "VM Thread" [stack: 0x000000d1f0000000,0x000000d1f0100000] [id=25164]
  0x0000026efd4ba5f0 WatcherThread [stack: 0x000000d1f0b00000,0x000000d1f0c00000] [id=22940]
  0x0000026ee2170300 GCTaskThread "GC Thread#0" [stack: 0x000000d1efb00000,0x000000d1efc00000] [id=14856]
  0x0000026ee2178a20 ConcurrentGCThread "G1 Main Marker" [stack: 0x000000d1efc00000,0x000000d1efd00000] [id=4856]
  0x0000026ee217aaf0 ConcurrentGCThread "G1 Conc#0" [stack: 0x000000d1efd00000,0x000000d1efe00000] [id=3192]
  0x0000026ee21bcf80 ConcurrentGCThread "G1 Refine#0" [stack: 0x000000d1efe00000,0x000000d1eff00000] [id=12620]
  0x0000026ee21bd8c0 ConcurrentGCThread "G1 Service" [stack: 0x000000d1eff00000,0x000000d1f0000000] [id=23004]

Threads with active compile tasks:
C1 CompilerThread0     2227  860       1       sun.awt.image.SunVolatileImage::getWidth (5 bytes)

VM state: at safepoint (normal execution)

VM Mutex/Monitor currently owned by a thread:  ([mutex/lock_event])
[0x0000026ee2130320] Threads_lock - owner thread: 0x0000026ee21eece0
[0x0000026ee2131760] Heap_lock - owner thread: 0x0000026efed3dff0

Heap address: 0x00000000c3a00000, size: 966 MB, Compressed Oops mode: 32-bit

CDS archive(s) mapped at: [0x0000026e80000000-0x0000026e80bd0000-0x0000026e80bd0000), size 12386304, SharedBaseAddress: 0x0000026e80000000, ArchiveRelocationMode: 1.
Compressed class space mapped at: 0x0000026e81000000-0x0000026ec1000000, reserved size: 1073741824
Narrow klass base: 0x0000026e80000000, Narrow klass shift: 0, Narrow klass range: 0x100000000

GC Precious Log:
 CPUs: 4 total, 4 available
 Memory: 3863M
 Large Page Support: Disabled
 NUMA Support: Disabled
 Compressed Oops: Enabled (32-bit)
 Heap Region Size: 1M
 Heap Min Capacity: 8M
 Heap Initial Capacity: 62M
 Heap Max Capacity: 966M
 Pre-touch: Disabled
 Parallel Workers: 4
 Concurrent Workers: 1
 Concurrent Refinement Workers: 4
 Periodic GC: Disabled

Heap:
 garbage-first heap   total 63488K, used 20480K [0x00000000c3a00000, 0x0000000100000000)
  region size 1024K, 13 young (13312K), 0 survivors (0K)
 Metaspace       used 6606K, committed 6784K, reserved 1114112K
  class space    used 705K, committed 832K, reserved 1048576K

Heap Regions: E=young(eden), S=young(survivor), O=old, HS=humongous(starts), HC=humongous(continues), CS=collection set, F=free, OA=open archive, CA=closed archive, TAMS=top-at-mark-start (previous, next)
|   0|0x00000000c3a00000, 0x00000000c3b00000, 0x00000000c3b00000|100%|HS|  |TAMS 0x00000000c3a00000, 0x00000000c3a00000| Complete 
|   1|0x00000000c3b00000, 0x00000000c3c00000, 0x00000000c3c00000|100%|HC|  |TAMS 0x00000000c3b00000, 0x00000000c3b00000| Complete 
|   2|0x00000000c3c00000, 0x00000000c3d00000, 0x00000000c3d00000|100%|HC|  |TAMS 0x00000000c3c00000, 0x00000000c3c00000| Complete 
|   3|0x00000000c3d00000, 0x00000000c3e00000, 0x00000000c3e00000|100%|HC|  |TAMS 0x00000000c3d00000, 0x00000000c3d00000| Complete 
|   4|0x00000000c3e00000, 0x00000000c3f00000, 0x00000000c3f00000|100%|HC|  |TAMS 0x00000000c3e00000, 0x00000000c3e00000| Complete 
|   5|0x00000000c3f00000, 0x00000000c4000000, 0x00000000c4000000|100%|HS|  |TAMS 0x00000000c3f00000, 0x00000000c3f00000| Complete 
|   6|0x00000000c4000000, 0x00000000c4100000, 0x00000000c4100000|100%|HC|  |TAMS 0x00000000c4000000, 0x00000000c4000000| Complete 
|   7|0x00000000c4100000, 0x00000000c4100000, 0x00000000c4200000|  0%| F|  |TAMS 0x00000000c4100000, 0x00000000c4100000| Untracked 
|   8|0x00000000c4200000, 0x00000000c4200000, 0x00000000c4300000|  0%| F|  |TAMS 0x00000000c4200000, 0x00000000c4200000| Untracked 
|   9|0x00000000c4300000, 0x00000000c4300000, 0x00000000c4400000|  0%| F|  |TAMS 0x00000000c4300000, 0x00000000c4300000| Untracked 
|  10|0x00000000c4400000, 0x00000000c4400000, 0x00000000c4500000|  0%| F|  |TAMS 0x00000000c4400000, 0x00000000c4400000| Untracked 
|  11|0x00000000c4500000, 0x00000000c4500000, 0x00000000c4600000|  0%| F|  |TAMS 0x00000000c4500000, 0x00000000c4500000| Untracked 
|  12|0x00000000c4600000, 0x00000000c4600000, 0x00000000c4700000|  0%| F|  |TAMS 0x00000000c4600000, 0x00000000c4600000| Untracked 
|  13|0x00000000c4700000, 0x00000000c4700000, 0x00000000c4800000|  0%| F|  |TAMS 0x00000000c4700000, 0x00000000c4700000| Untracked 
|  14|0x00000000c4800000, 0x00000000c4800000, 0x00000000c4900000|  0%| F|  |TAMS 0x00000000c4800000, 0x00000000c4800000| Untracked 
|  15|0x00000000c4900000, 0x00000000c4900000, 0x00000000c4a00000|  0%| F|  |TAMS 0x00000000c4900000, 0x00000000c4900000| Untracked 
|  16|0x00000000c4a00000, 0x00000000c4a00000, 0x00000000c4b00000|  0%| F|  |TAMS 0x00000000c4a00000, 0x00000000c4a00000| Untracked 
|  17|0x00000000c4b00000, 0x00000000c4b00000, 0x00000000c4c00000|  0%| F|  |TAMS 0x00000000c4b00000, 0x00000000c4b00000| Untracked 
|  18|0x00000000c4c00000, 0x00000000c4c00000, 0x00000000c4d00000|  0%| F|  |TAMS 0x00000000c4c00000, 0x00000000c4c00000| Untracked 
|  19|0x00000000c4d00000, 0x00000000c4d00000, 0x00000000c4e00000|  0%| F|  |TAMS 0x00000000c4d00000, 0x00000000c4d00000| Untracked 
|  20|0x00000000c4e00000, 0x00000000c4e00000, 0x00000000c4f00000|  0%| F|  |TAMS 0x00000000c4e00000, 0x00000000c4e00000| Untracked 
|  21|0x00000000c4f00000, 0x00000000c4f00000, 0x00000000c5000000|  0%| F|  |TAMS 0x00000000c4f00000, 0x00000000c4f00000| Untracked 
|  22|0x00000000c5000000, 0x00000000c5000000, 0x00000000c5100000|  0%| F|  |TAMS 0x00000000c5000000, 0x00000000c5000000| Untracked 
|  23|0x00000000c5100000, 0x00000000c5100000, 0x00000000c5200000|  0%| F|  |TAMS 0x00000000c5100000, 0x00000000c5100000| Untracked 
|  24|0x00000000c5200000, 0x00000000c5200000, 0x00000000c5300000|  0%| F|  |TAMS 0x00000000c5200000, 0x00000000c5200000| Untracked 
|  25|0x00000000c5300000, 0x00000000c5300000, 0x00000000c5400000|  0%| F|  |TAMS 0x00000000c5300000, 0x00000000c5300000| Untracked 
|  26|0x00000000c5400000, 0x00000000c5400000, 0x00000000c5500000|  0%| F|  |TAMS 0x00000000c5400000, 0x00000000c5400000| Untracked 
|  27|0x00000000c5500000, 0x00000000c5500000, 0x00000000c5600000|  0%| F|  |TAMS 0x00000000c5500000, 0x00000000c5500000| Untracked 
|  28|0x00000000c5600000, 0x00000000c5600000, 0x00000000c5700000|  0%| F|  |TAMS 0x00000000c5600000, 0x00000000c5600000| Untracked 
|  29|0x00000000c5700000, 0x00000000c5700000, 0x00000000c5800000|  0%| F|  |TAMS 0x00000000c5700000, 0x00000000c5700000| Untracked 
|  30|0x00000000c5800000, 0x00000000c5800000, 0x00000000c5900000|  0%| F|  |TAMS 0x00000000c5800000, 0x00000000c5800000| Untracked 
|  31|0x00000000c5900000, 0x00000000c5900000, 0x00000000c5a00000|  0%| F|  |TAMS 0x00000000c5900000, 0x00000000c5900000| Untracked 
|  32|0x00000000c5a00000, 0x00000000c5a00000, 0x00000000c5b00000|  0%| F|  |TAMS 0x00000000c5a00000, 0x00000000c5a00000| Untracked 
|  33|0x00000000c5b00000, 0x00000000c5b00000, 0x00000000c5c00000|  0%| F|  |TAMS 0x00000000c5b00000, 0x00000000c5b00000| Untracked 
|  34|0x00000000c5c00000, 0x00000000c5c00000, 0x00000000c5d00000|  0%| F|  |TAMS 0x00000000c5c00000, 0x00000000c5c00000| Untracked 
|  35|0x00000000c5d00000, 0x00000000c5d00000, 0x00000000c5e00000|  0%| F|  |TAMS 0x00000000c5d00000, 0x00000000c5d00000| Untracked 
|  36|0x00000000c5e00000, 0x00000000c5e00000, 0x00000000c5f00000|  0%| F|  |TAMS 0x00000000c5e00000, 0x00000000c5e00000| Untracked 
|  37|0x00000000c5f00000, 0x00000000c5f00000, 0x00000000c6000000|  0%| F|  |TAMS 0x00000000c5f00000, 0x00000000c5f00000| Untracked 
|  38|0x00000000c6000000, 0x00000000c6000000, 0x00000000c6100000|  0%| F|  |TAMS 0x00000000c6000000, 0x00000000c6000000| Untracked 
|  39|0x00000000c6100000, 0x00000000c6100000, 0x00000000c6200000|  0%| F|  |TAMS 0x00000000c6100000, 0x00000000c6100000| Untracked 
|  40|0x00000000c6200000, 0x00000000c6200000, 0x00000000c6300000|  0%| F|  |TAMS 0x00000000c6200000, 0x00000000c6200000| Untracked 
|  41|0x00000000c6300000, 0x00000000c6300000, 0x00000000c6400000|  0%| F|  |TAMS 0x00000000c6300000, 0x00000000c6300000| Untracked 
|  42|0x00000000c6400000, 0x00000000c6400000, 0x00000000c6500000|  0%| F|  |TAMS 0x00000000c6400000, 0x00000000c6400000| Untracked 
|  43|0x00000000c6500000, 0x00000000c6500000, 0x00000000c6600000|  0%| F|  |TAMS 0x00000000c6500000, 0x00000000c6500000| Untracked 
|  44|0x00000000c6600000, 0x00000000c6600000, 0x00000000c6700000|  0%| F|  |TAMS 0x00000000c6600000, 0x00000000c6600000| Untracked 
|  45|0x00000000c6700000, 0x00000000c6700000, 0x00000000c6800000|  0%| F|  |TAMS 0x00000000c6700000, 0x00000000c6700000| Untracked 
|  46|0x00000000c6800000, 0x00000000c6800000, 0x00000000c6900000|  0%| F|  |TAMS 0x00000000c6800000, 0x00000000c6800000| Untracked 
|  47|0x00000000c6900000, 0x00000000c6900000, 0x00000000c6a00000|  0%| F|  |TAMS 0x00000000c6900000, 0x00000000c6900000| Untracked 
|  48|0x00000000c6a00000, 0x00000000c6a00000, 0x00000000c6b00000|  0%| F|  |TAMS 0x00000000c6a00000, 0x00000000c6a00000| Untracked 
|  49|0x00000000c6b00000, 0x00000000c6c00000, 0x00000000c6c00000|100%| E|CS|TAMS 0x00000000c6b00000, 0x00000000c6b00000| Complete 
|  50|0x00000000c6c00000, 0x00000000c6d00000, 0x00000000c6d00000|100%| E|CS|TAMS 0x00000000c6c00000, 0x00000000c6c00000| Complete 
|  51|0x00000000c6d00000, 0x00000000c6e00000, 0x00000000c6e00000|100%| E|CS|TAMS 0x00000000c6d00000, 0x00000000c6d00000| Complete 
|  52|0x00000000c6e00000, 0x00000000c6f00000, 0x00000000c6f00000|100%| E|CS|TAMS 0x00000000c6e00000, 0x00000000c6e00000| Complete 
|  53|0x00000000c6f00000, 0x00000000c7000000, 0x00000000c7000000|100%| E|CS|TAMS 0x00000000c6f00000, 0x00000000c6f00000| Complete 
|  54|0x00000000c7000000, 0x00000000c7100000, 0x00000000c7100000|100%| E|CS|TAMS 0x00000000c7000000, 0x00000000c7000000| Complete 
|  55|0x00000000c7100000, 0x00000000c7200000, 0x00000000c7200000|100%| E|CS|TAMS 0x00000000c7100000, 0x00000000c7100000| Complete 
|  56|0x00000000c7200000, 0x00000000c7300000, 0x00000000c7300000|100%| E|CS|TAMS 0x00000000c7200000, 0x00000000c7200000| Complete 
|  57|0x00000000c7300000, 0x00000000c7400000, 0x00000000c7400000|100%| E|CS|TAMS 0x00000000c7300000, 0x00000000c7300000| Complete 
|  58|0x00000000c7400000, 0x00000000c7500000, 0x00000000c7500000|100%| E|CS|TAMS 0x00000000c7400000, 0x00000000c7400000| Complete 
|  59|0x00000000c7500000, 0x00000000c7600000, 0x00000000c7600000|100%| E|CS|TAMS 0x00000000c7500000, 0x00000000c7500000| Complete 
|  60|0x00000000c7600000, 0x00000000c7700000, 0x00000000c7700000|100%| E|CS|TAMS 0x00000000c7600000, 0x00000000c7600000| Complete 
|  61|0x00000000c7700000, 0x00000000c7800000, 0x00000000c7800000|100%| E|CS|TAMS 0x00000000c7700000, 0x00000000c7700000| Complete 

Card table byte_map: [0x0000026ef8be0000,0x0000026ef8dd0000] _byte_map_base: 0x0000026ef85c3000

Marking Bits (Prev, Next): (CMBitMap*) 0x0000026ee2170830, (CMBitMap*) 0x0000026ee2170870
 Prev Bits: [0x0000026ef8fc0000, 0x0000026ef9ed8000)
 Next Bits: [0x0000026ef9ee0000, 0x0000026efadf8000)

Polling page: 0x0000026ee0140000

Metaspace:

Usage:
  Non-class:      5.76 MB used.
      Class:    705.51 KB used.
       Both:      6.45 MB used.

Virtual space:
  Non-class space:       64.00 MB reserved,       5.81 MB (  9%) committed,  1 nodes.
      Class space:        1.00 GB reserved,     832.00 KB ( <1%) committed,  1 nodes.
             Both:        1.06 GB reserved,       6.62 MB ( <1%) committed. 

Chunk freelists:
   Non-Class:  10.13 MB
       Class:  15.24 MB
        Both:  25.38 MB

MaxMetaspaceSize: unlimited
CompressedClassSpaceSize: 1.00 GB
Initial GC threshold: 21.00 MB
Current GC threshold: 21.00 MB
CDS: on
MetaspaceReclaimPolicy: balanced
 - commit_granule_bytes: 65536.
 - commit_granule_words: 8192.
 - virtual_space_node_default_size: 8388608.
 - enlarge_chunks_in_place: 1.
 - new_chunks_are_fully_committed: 0.
 - uncommit_free_chunks: 1.
 - use_allocation_guard: 0.
 - handle_deallocations: 1.


Internal statistics:

num_allocs_failed_limit: 0.
num_arena_births: 118.
num_arena_deaths: 0.
num_vsnodes_births: 2.
num_vsnodes_deaths: 0.
num_space_committed: 106.
num_space_uncommitted: 0.
num_chunks_returned_to_freelist: 0.
num_chunks_taken_from_freelist: 164.
num_chunk_merges: 0.
num_chunk_splits: 89.
num_chunks_enlarged: 20.
num_inconsistent_stats: 0.

CodeHeap 'non-profiled nmethods': size=120000Kb used=235Kb max_used=235Kb free=119765Kb
 bounds [0x0000026ef14c0000, 0x0000026ef1730000, 0x0000026ef89f0000]
CodeHeap 'profiled nmethods': size=120000Kb used=1349Kb max_used=1349Kb free=118650Kb
 bounds [0x0000026ee99f0000, 0x0000026ee9c60000, 0x0000026ef0f20000]
CodeHeap 'non-nmethods': size=5760Kb used=1265Kb max_used=1279Kb free=4494Kb
 bounds [0x0000026ef0f20000, 0x0000026ef1190000, 0x0000026ef14c0000]
 total_blobs=1433 nmethods=858 adapters=488
 compilation: enabled
              stopped_count=0, restarted_count=0
 full_count=0

Compilation events (20 events):
Event: 1.892 Thread 0x0000026efd26e0c0 nmethod 849 0x0000026ee9b3e590 code [0x0000026ee9b3e740, 0x0000026ee9b3ea38]
Event: 1.892 Thread 0x0000026efd26e0c0  851       3       sun.java2d.SunGraphics2D::validateColor (102 bytes)
Event: 1.893 Thread 0x0000026efd26e0c0 nmethod 851 0x0000026ee9b3eb10 code [0x0000026ee9b3ece0, 0x0000026ee9b3f218]
Event: 1.893 Thread 0x0000026efd26e0c0  852       3       sun.java2d.SurfaceData::pixelFor (13 bytes)
Event: 1.893 Thread 0x0000026efd26e0c0 nmethod 852 0x0000026ee9b3f390 code [0x0000026ee9b3f540, 0x0000026ee9b3f788]
Event: 1.893 Thread 0x0000026efd26e0c0  853       3       java.awt.Component::getFont (5 bytes)
Event: 1.893 Thread 0x0000026efd26e0c0 nmethod 853 0x0000026ee9b3f890 code [0x0000026ee9b3fa60, 0x0000026ee9b3fda8]
Event: 1.893 Thread 0x0000026efd26e0c0  854       1       java.awt.geom.AffineTransform::getTranslateX (5 bytes)
Event: 1.893 Thread 0x0000026efd26e0c0 nmethod 854 0x0000026ef14fa610 code [0x0000026ef14fa7a0, 0x0000026ef14fa878]
Event: 1.893 Thread 0x0000026efd26e0c0  855       1       java.awt.geom.AffineTransform::getTranslateY (5 bytes)
Event: 1.893 Thread 0x0000026efd26e0c0 nmethod 855 0x0000026ef14fa910 code [0x0000026ef14faaa0, 0x0000026ef14fab78]
Event: 1.899 Thread 0x0000026efd26e0c0  856       3       java.util.concurrent.locks.ReentrantLock$NonfairSync::initialTryLock (58 bytes)
Event: 1.899 Thread 0x0000026efd26e0c0 nmethod 856 0x0000026ee9b3ff10 code [0x0000026ee9b400e0, 0x0000026ee9b404f8]
Event: 1.899 Thread 0x0000026efd26e0c0  857       3       java.util.concurrent.locks.ReentrantLock::unlock (10 bytes)
Event: 1.900 Thread 0x0000026efd26e0c0 nmethod 857 0x0000026ee9b40610 code [0x0000026ee9b407e0, 0x0000026ee9b40ab8]
Event: 1.902 Thread 0x0000026efd26e0c0  858       3       javax.swing.RepaintManager::currentManager (37 bytes)
Event: 1.902 Thread 0x0000026efd26e0c0 nmethod 858 0x0000026ee9b40c10 code [0x0000026ee9b40de0, 0x0000026ee9b41148]
Event: 1.907 Thread 0x0000026efd26e0c0  859       3       java.awt.Rectangle::isEmpty (20 bytes)
Event: 1.907 Thread 0x0000026efd26e0c0 nmethod 859 0x0000026ee9b41290 code [0x0000026ee9b41420, 0x0000026ee9b415d8]
Event: 1.907 Thread 0x0000026efd26e0c0  860       1       sun.awt.image.SunVolatileImage::getWidth (5 bytes)

GC Heap History (1 events):
Event: 1.907 GC heap before
{Heap before GC invocations=0 (full 0):
 garbage-first heap   total 63488K, used 20480K [0x00000000c3a00000, 0x0000000100000000)
  region size 1024K, 13 young (13312K), 0 survivors (0K)
 Metaspace       used 6606K, committed 6784K, reserved 1114112K
  class space    used 705K, committed 832K, reserved 1048576K
}

Deoptimization events (20 events):
Event: 1.293 Thread 0x0000026efd78db10 DEOPT PACKING pc=0x0000026ee9af4999 sp=0x000000d1f10fe0c0
Event: 1.293 Thread 0x0000026efd78db10 DEOPT UNPACKING pc=0x0000026ef0f766e3 sp=0x000000d1f10fd550 mode 0
Event: 1.293 Thread 0x0000026efd78db10 DEOPT PACKING pc=0x0000026ee9af4999 sp=0x000000d1f10fe0c0
Event: 1.293 Thread 0x0000026efd78db10 DEOPT UNPACKING pc=0x0000026ef0f766e3 sp=0x000000d1f10fd550 mode 0
Event: 1.293 Thread 0x0000026efd78db10 DEOPT PACKING pc=0x0000026ee9af4999 sp=0x000000d1f10fe0c0
Event: 1.293 Thread 0x0000026efd78db10 DEOPT UNPACKING pc=0x0000026ef0f766e3 sp=0x000000d1f10fd550 mode 0
Event: 1.293 Thread 0x0000026efd78db10 DEOPT PACKING pc=0x0000026ee9af4999 sp=0x000000d1f10fe0c0
Event: 1.293 Thread 0x0000026efd78db10 DEOPT UNPACKING pc=0x0000026ef0f766e3 sp=0x000000d1f10fd550 mode 0
Event: 1.293 Thread 0x0000026efd78db10 DEOPT PACKING pc=0x0000026ee9af4999 sp=0x000000d1f10fe0c0
Event: 1.293 Thread 0x0000026efd78db10 DEOPT UNPACKING pc=0x0000026ef0f766e3 sp=0x000000d1f10fd550 mode 0
Event: 1.294 Thread 0x0000026efd78db10 DEOPT PACKING pc=0x0000026ee9af4999 sp=0x000000d1f10fe0c0
Event: 1.294 Thread 0x0000026efd78db10 DEOPT UNPACKING pc=0x0000026ef0f766e3 sp=0x000000d1f10fd550 mode 0
Event: 1.363 Thread 0x0000026ee2134dc0 Uncommon trap: trap_request=0xffffff45 fr.pc=0x0000026ef14e3c40 relative=0x0000000000000340
Event: 1.363 Thread 0x0000026ee2134dc0 Uncommon trap: reason=unstable_if action=reinterpret pc=0x0000026ef14e3c40 method=java.lang.StringUTF16.compress([CI[BII)I @ 20 c2
Event: 1.363 Thread 0x0000026ee2134dc0 DEOPT PACKING pc=0x0000026ef14e3c40 sp=0x000000d1efafd2d0
Event: 1.363 Thread 0x0000026ee2134dc0 DEOPT UNPACKING pc=0x0000026ef0f75ba3 sp=0x000000d1efafd250 mode 2
Event: 1.651 Thread 0x0000026efed3dff0 Uncommon trap: trap_request=0xffffff45 fr.pc=0x0000026ef14edae4 relative=0x0000000000000804
Event: 1.651 Thread 0x0000026efed3dff0 Uncommon trap: reason=unstable_if action=reinterpret pc=0x0000026ef14edae4 method=java.util.HashMap.putVal(ILjava/lang/Object;Ljava/lang/Object;ZZ)Ljava/lang/Object; @ 181 c2
Event: 1.651 Thread 0x0000026efed3dff0 DEOPT PACKING pc=0x0000026ef14edae4 sp=0x000000d1f11fcc00
Event: 1.652 Thread 0x0000026efed3dff0 DEOPT UNPACKING pc=0x0000026ef0f75ba3 sp=0x000000d1f11fcb38 mode 2

Classes unloaded (0 events):
No events

Classes redefined (0 events):
No events

Internal exceptions (15 events):
Event: 0.631 Thread 0x0000026ee2134dc0 Exception <a 'java/lang/ClassNotFoundException'{0x00000000c7667250}: sun/awt/resources/spi/awtProvider> (0x00000000c7667250) 
thrown [s\open\src\hotspot\share\classfile\systemDictionary.cpp, line 256]
Event: 0.737 Thread 0x0000026ee2134dc0 Exception <a 'java/io/FileNotFoundException'{0x00000000c76bf228}> (0x00000000c76bf228) 
thrown [s\open\src\hotspot\share\prims\jni.cpp, line 516]
Event: 0.749 Thread 0x0000026ee2134dc0 Exception <a 'java/io/FileNotFoundException'{0x00000000c76ec598}> (0x00000000c76ec598) 
thrown [s\open\src\hotspot\share\prims\jni.cpp, line 516]
Event: 0.855 Thread 0x0000026ee2134dc0 Exception <a 'java/lang/NoSuchMethodError'{0x00000000c7536750}: 'java.lang.Object java.lang.invoke.DirectMethodHandle$Holder.invokeStaticInit(java.lang.Object)'> (0x00000000c7536750) 
thrown [s\open\src\hotspot\share\interpreter\linkResolver.cpp, line 759]
Event: 0.943 Thread 0x0000026ee2134dc0 Exception <a 'java/lang/NoSuchMethodError'{0x00000000c7583520}: 'void java.lang.invoke.DirectMethodHandle$Holder.invokeSpecial(java.lang.Object, java.lang.Object, java.lang.Object)'> (0x00000000c7583520) 
thrown [s\open\src\hotspot\share\interpreter\linkResolver.cpp, line 759]
Event: 0.978 Thread 0x0000026ee2134dc0 Exception <a 'java/lang/NoSuchMethodError'{0x00000000c75f0298}: 'java.lang.Object java.lang.invoke.DirectMethodHandle$Holder.newInvokeSpecial(java.lang.Object, java.lang.Object, java.lang.Object, java.lang.Object, java.lang.Object)'> (0x00000000c75f0298) 
thrown [s\open\src\hotspot\share\interpreter\linkResolver.cpp, line 759]
Event: 0.981 Thread 0x0000026ee2134dc0 Exception <a 'java/lang/NoSuchMethodError'{0x00000000c75fbc60}: 'java.lang.Object java.lang.invoke.DirectMethodHandle$Holder.invokeStatic(java.lang.Object, int, java.lang.Object, java.lang.Object, java.lang.Object, java.lang.Object)'> (0x00000000c75fbc60) 
thrown [s\open\src\hotspot\share\interpreter\linkResolver.cpp, line 759]
Event: 0.987 Thread 0x0000026ee2134dc0 Exception <a 'java/lang/NoSuchMethodError'{0x00000000c7421a88}: 'java.lang.Object java.lang.invoke.DirectMethodHandle$Holder.invokeStatic(java.lang.Object, int, java.lang.Object)'> (0x00000000c7421a88) 
thrown [s\open\src\hotspot\share\interpreter\linkResolver.cpp, line 759]
Event: 1.032 Thread 0x0000026ee2134dc0 Exception <a 'java/lang/ClassNotFoundException'{0x00000000c74d9988}: com/sun/swing/internal/plaf/metal/resources/spi/metalProvider> (0x00000000c74d9988) 
thrown [s\open\src\hotspot\share\classfile\systemDictionary.cpp, line 256]
Event: 1.033 Thread 0x0000026ee2134dc0 Exception <a 'java/lang/ClassNotFoundException'{0x00000000c74dd810}: com/sun/swing/internal/plaf/basic/resources/spi/basicProvider> (0x00000000c74dd810) 
thrown [s\open\src\hotspot\share\classfile\systemDictionary.cpp, line 256]
Event: 1.210 Thread 0x0000026efd78db10 Exception <a 'java/lang/NoSuchMethodError'{0x00000000c727f0b8}: 'java.lang.Object java.lang.invoke.DirectMethodHandle$Holder.newInvokeSpecial(java.lang.Object, java.lang.Object, java.lang.Object, int, int, int, int, int)'> (0x00000000c727f0b8) 
thrown [s\open\src\hotspot\share\interpreter\linkResolver.cpp, line 759]
Event: 1.308 Thread 0x0000026efd70c1d0 Exception <a 'java/lang/NoSuchMethodError'{0x00000000c75950f0}: 'void java.lang.invoke.DirectMethodHandle$Holder.invokeVirtual(java.lang.Object, java.lang.Object)'> (0x00000000c75950f0) 
thrown [s\open\src\hotspot\share\interpreter\linkResolver.cpp, line 759]
Event: 1.341 Thread 0x0000026ee2134dc0 Exception <a 'java/lang/NoSuchMethodError'{0x00000000c6ce5a18}: 'void java.lang.invoke.DirectMethodHandle$Holder.invokeStaticInit(java.lang.Object)'> (0x00000000c6ce5a18) 
thrown [s\open\src\hotspot\share\interpreter\linkResolver.cpp, line 759]
Event: 1.672 Thread 0x0000026efed3dff0 Exception <a 'sun/java2d/InvalidPipeException'{0x00000000c6cac708}: GDIWindowSurfaceData: bounds changed> (0x00000000c6cac708) 
thrown [s\open\src\hotspot\share\prims\jni.cpp, line 535]
Event: 1.674 Thread 0x0000026efed3dff0 Exception <a 'sun/java2d/InvalidPipeException'{0x00000000c6cacd18}: GDIWindowSurfaceData: bounds changed> (0x00000000c6cacd18) 
thrown [s\open\src\hotspot\share\prims\jni.cpp, line 535]

VM Operations (11 events):
Event: 1.031 Executing VM operation: HandshakeAllThreads
Event: 1.031 Executing VM operation: HandshakeAllThreads done
Event: 1.268 Executing VM operation: HandshakeAllThreads
Event: 1.268 Executing VM operation: HandshakeAllThreads done
Event: 1.268 Executing VM operation: Cleanup
Event: 1.268 Executing VM operation: Cleanup done
Event: 1.324 Executing VM operation: HandshakeAllThreads
Event: 1.324 Executing VM operation: HandshakeAllThreads done
Event: 1.374 Executing VM operation: HandshakeAllThreads
Event: 1.374 Executing VM operation: HandshakeAllThreads done
Event: 1.907 Executing VM operation: G1CollectForAllocation

Events (20 events):
Event: 1.655 loading class sun/font/FreetypeFontScaler
Event: 1.655 loading class sun/font/FreetypeFontScaler done
Event: 1.657 loading class sun/font/NullFontScaler
Event: 1.658 loading class sun/font/NullFontScaler done
Event: 1.658 loading class sun/font/TrueTypeGlyphMapper
Event: 1.658 loading class sun/font/TrueTypeGlyphMapper done
Event: 1.658 loading class sun/font/CMap
Event: 1.659 loading class sun/font/CMap done
Event: 1.659 loading class sun/font/CMap$NullCMapClass
Event: 1.659 loading class sun/font/CMap$NullCMapClass done
Event: 1.659 loading class sun/font/CMap$CMapFormat4
Event: 1.661 loading class sun/font/CMap$CMapFormat4 done
Event: 1.661 loading class java/nio/ByteBufferAsCharBufferB
Event: 1.663 loading class java/nio/ByteBufferAsCharBufferB done
Event: 1.664 loading class jdk/internal/misc/ScopedMemoryAccess$Scope
Event: 1.665 loading class jdk/internal/misc/ScopedMemoryAccess$Scope done
Event: 1.668 loading class sun/font/FontDesignMetrics$KeyReference
Event: 1.668 loading class sun/font/FontDesignMetrics$KeyReference done
Event: 1.668 loading class sun/awt/image/BufImgSurfaceManager
Event: 1.668 loading class sun/awt/image/BufImgSurfaceManager done


Dynamic libraries:
0x00007ff7f63c0000 - 0x00007ff7f63d0000 	E:\bin\javaw.exe
0x00007fffa0070000 - 0x00007fffa0287000 	C:\WINDOWS\SYSTEM32\ntdll.dll
0x00007fff9e510000 - 0x00007fff9e5d4000 	C:\WINDOWS\System32\KERNEL32.DLL
0x00007fff9d420000 - 0x00007fff9d7d7000 	C:\WINDOWS\System32\KERNELBASE.dll
0x00007fff9db60000 - 0x00007fff9dc71000 	C:\WINDOWS\System32\ucrtbase.dll
0x00007fff98290000 - 0x00007fff982ab000 	E:\bin\VCRUNTIME140.dll
0x00007fff96f60000 - 0x00007fff96f79000 	E:\bin\jli.dll
0x00007fff9fa60000 - 0x00007fff9fb12000 	C:\WINDOWS\System32\ADVAPI32.dll
0x00007fff9f060000 - 0x00007fff9f107000 	C:\WINDOWS\System32\msvcrt.dll
0x00007fff9f9b0000 - 0x00007fff9fa58000 	C:\WINDOWS\System32\sechost.dll
0x00007fff9d3f0000 - 0x00007fff9d418000 	C:\WINDOWS\System32\bcrypt.dll
0x00007fff9e340000 - 0x00007fff9e454000 	C:\WINDOWS\System32\RPCRT4.dll
0x00007fff9f110000 - 0x00007fff9f2bf000 	C:\WINDOWS\System32\USER32.dll
0x00007fff80870000 - 0x00007fff80b03000 	C:\WINDOWS\WinSxS\amd64_microsoft.windows.common-controls_6595b64144ccf1df_6.0.22621.3672_none_2713b9d173822955\COMCTL32.dll
0x00007fff9db30000 - 0x00007fff9db56000 	C:\WINDOWS\System32\win32u.dll
0x00007fff9dda0000 - 0x00007fff9ddc9000 	C:\WINDOWS\System32\GDI32.dll
0x00007fff9dc80000 - 0x00007fff9dd98000 	C:\WINDOWS\System32\gdi32full.dll
0x00007fff9d9d0000 - 0x00007fff9da6a000 	C:\WINDOWS\System32\msvcp_win.dll
0x00007fff96900000 - 0x00007fff9690a000 	C:\WINDOWS\SYSTEM32\VERSION.dll
0x00007fff9e5e0000 - 0x00007fff9e611000 	C:\WINDOWS\System32\IMM32.DLL
0x00007fff95300000 - 0x00007fff9530c000 	E:\bin\vcruntime140_1.dll
0x00007fff86290000 - 0x00007fff8631e000 	E:\bin\msvcp140.dll
0x00007fff65030000 - 0x00007fff65c10000 	E:\bin\server\jvm.dll
0x00007fff9f420000 - 0x00007fff9f428000 	C:\WINDOWS\System32\PSAPI.DLL
0x00007fff94de0000 - 0x00007fff94e14000 	C:\WINDOWS\SYSTEM32\WINMM.dll
0x00007fff4fc10000 - 0x00007fff4fc19000 	C:\WINDOWS\SYSTEM32\WSOCK32.dll
0x00007fff9ddf0000 - 0x00007fff9de61000 	C:\WINDOWS\System32\WS2_32.dll
0x00007fff9c3d0000 - 0x00007fff9c3e8000 	C:\WINDOWS\SYSTEM32\kernel.appcore.dll
0x00007fff8a290000 - 0x00007fff8a29a000 	E:\bin\jimage.dll
0x00007fff9ac60000 - 0x00007fff9ae92000 	C:\WINDOWS\SYSTEM32\DBGHELP.DLL
0x00007fff9dfb0000 - 0x00007fff9e33e000 	C:\WINDOWS\System32\combase.dll
0x00007fff9f490000 - 0x00007fff9f567000 	C:\WINDOWS\System32\OLEAUT32.dll
0x00007fff6e4a0000 - 0x00007fff6e4d2000 	C:\WINDOWS\SYSTEM32\dbgcore.DLL
0x00007fff9d950000 - 0x00007fff9d9cb000 	C:\WINDOWS\System32\bcryptPrimitives.dll
0x00007fff89f70000 - 0x00007fff89f95000 	E:\bin\java.dll
0x00007fff861b0000 - 0x00007fff86287000 	E:\bin\jsvml.dll
0x00007fff9e620000 - 0x00007fff9ee89000 	C:\WINDOWS\System32\SHELL32.dll
0x00007fff9b2f0000 - 0x00007fff9bbef000 	C:\WINDOWS\SYSTEM32\windows.storage.dll
0x00007fff9b1b0000 - 0x00007fff9b2ef000 	C:\WINDOWS\SYSTEM32\wintypes.dll
0x00007fff9f8b0000 - 0x00007fff9f9a9000 	C:\WINDOWS\System32\SHCORE.dll
0x00007fff9df50000 - 0x00007fff9dfae000 	C:\WINDOWS\System32\shlwapi.dll
0x00007fff9d2b0000 - 0x00007fff9d2d7000 	C:\WINDOWS\SYSTEM32\profapi.dll
0x00007fff86420000 - 0x00007fff86439000 	E:\bin\net.dll
0x00007fff953f0000 - 0x00007fff95526000 	C:\WINDOWS\SYSTEM32\WINHTTP.dll
0x00007fff9c840000 - 0x00007fff9c8a9000 	C:\WINDOWS\system32\mswsock.dll
0x00007fff86190000 - 0x00007fff861a6000 	E:\bin\nio.dll
0x00007fff86170000 - 0x00007fff86188000 	E:\bin\zip.dll
0x00007fff6f4d0000 - 0x00007fff6f661000 	E:\bin\awt.dll
0x00007fff9a1e0000 - 0x00007fff9a277000 	C:\WINDOWS\SYSTEM32\apphelp.dll
0x00007fff9a890000 - 0x00007fff9a8bb000 	C:\WINDOWS\system32\DWMAPI.DLL
0x00007fff9a460000 - 0x00007fff9a511000 	C:\WINDOWS\system32\uxtheme.dll
0x00007fff61e80000 - 0x00007fff61f80000 	C:\WINDOWS\system32\opengl32.dll
0x00007fff625b0000 - 0x00007fff625dd000 	C:\WINDOWS\SYSTEM32\GLU32.dll
0x00007fff9a560000 - 0x00007fff9a597000 	C:\WINDOWS\SYSTEM32\dxcore.dll
0x00007fff9f2c0000 - 0x00007fff9f41f000 	C:\WINDOWS\System32\MSCTF.dll
0x00007fff9f700000 - 0x00007fff9f8a5000 	C:\WINDOWS\System32\ole32.dll
0x00007fff86090000 - 0x00007fff860be000 	E:\bin\javajpeg.dll
0x00007fff79f40000 - 0x00007fff79fc7000 	E:\bin\freetype.dll
0x00007fff6f8a0000 - 0x00007fff6f981000 	E:\bin\fontmanager.dll
0x00007fff8ad00000 - 0x00007fff8ae43000 	C:\WINDOWS\SYSTEM32\textinputframework.dll
0x00007fff99e00000 - 0x00007fff99f33000 	C:\WINDOWS\SYSTEM32\CoreMessaging.dll
0x00007fff957a0000 - 0x00007fff95b0d000 	C:\WINDOWS\SYSTEM32\CoreUIComponents.dll
0x00007fff9cab0000 - 0x00007fff9cabc000 	C:\WINDOWS\SYSTEM32\CRYPTBASE.DLL

dbghelp: loaded successfully - version: 4.0.5 - missing functions: none
symbol engine: initialized successfully - sym options: 0x614 - pdb path: .;E:\bin;C:\WINDOWS\SYSTEM32;C:\WINDOWS\WinSxS\amd64_microsoft.windows.common-controls_6595b64144ccf1df_6.0.22621.3672_none_2713b9d173822955;E:\bin\server

VM Arguments:
jvm_args: -Dfile.encoding=Cp1252 -XX:+ShowCodeDetailsInExceptionMessages 
java_command: Electricity.Billing.System.Splash1
java_class_path (initial): C:\Users\91976\OneDrive\Desktop\com.itep.corejava\Electricity Billing Management System\bin;C:\Users\91976\OneDrive\Desktop\com.itep.corejava\Electricity Billing Management System\Library\mysql-connector-java-8.0.28.jar;C:\Users\91976\OneDrive\Desktop\com.itep.corejava\Electricity Billing Management System\Library\rs2xml.jar
Launcher Type: SUN_STANDARD

[Global flags]
     intx CICompilerCount                          = 3                                         {product} {ergonomic}
     uint ConcGCThreads                            = 1                                         {product} {ergonomic}
     uint G1ConcRefinementThreads                  = 4                                         {product} {ergonomic}
   size_t G1HeapRegionSize                         = 1048576                                   {product} {ergonomic}
    uintx GCDrainStackTargetSize                   = 64                                        {product} {ergonomic}
   size_t InitialHeapSize                          = 65011712                                  {product} {ergonomic}
   size_t MarkStackSize                            = 4194304                                   {product} {ergonomic}
   size_t MaxHeapSize                              = 1012924416                                {product} {ergonomic}
   size_t MaxNewSize                               = 607125504                                 {product} {ergonomic}
   size_t MinHeapDeltaBytes                        = 1048576                                   {product} {ergonomic}
   size_t MinHeapSize                              = 8388608                                   {product} {ergonomic}
    uintx NonNMethodCodeHeapSize                   = 5832780                                {pd product} {ergonomic}
    uintx NonProfiledCodeHeapSize                  = 122912730                              {pd product} {ergonomic}
    uintx ProfiledCodeHeapSize                     = 122912730                              {pd product} {ergonomic}
    uintx ReservedCodeCacheSize                    = 251658240                              {pd product} {ergonomic}
     bool SegmentedCodeCache                       = true                                      {product} {ergonomic}
     bool ShowCodeDetailsInExceptionMessages       = true                                   {manageable} {command line}
   size_t SoftMaxHeapSize                          = 1012924416                             {manageable} {ergonomic}
     bool UseCompressedClassPointers               = true                           {product lp64_product} {ergonomic}
     bool UseCompressedOops                        = true                           {product lp64_product} {ergonomic}
     bool UseG1GC                                  = true                                      {product} {ergonomic}
     bool UseLargePagesIndividualAllocation        = false                                  {pd product} {ergonomic}

Logging:
Log output configuration:
 #0: stdout all=warning uptime,level,tags
 #1: stderr all=off uptime,level,tags

Environment Variables:
JAVA_HOME=C:\Program Files\Java\jdk-16
PATH=C:\Program Files\Common Files\Oracle\Java\javapath;C:\Program Files\Python310\Scripts\;C:\Program Files\Python310\;C:\WINDOWS\system32;C:\WINDOWS;C:\WINDOWS\System32\Wbem;C:\WINDOWS\System32\WindowsPowerShell\v1.0\;C:\WINDOWS\System32\OpenSSH\;C:\Program Files\Java\jdk-16\bin;C:\Program Files (x86)\Microsoft SQL Server\100\Tools\Binn\;C:\Program Files\Microsoft SQL Server\100\Tools\Binn\;C:\Program Files\Microsoft SQL Server\100\DTS\Binn\;C:\Program Files\dotnet\;C:\Program Files\MySQL\MySQL Server 8.0\bin;E:\bin;C:\Program Files\MySQL\MySQL Shell 8.0\bin\;C:\Users\91976\AppData\Local\Microsoft\WindowsApps;C:\Program Files\JetBrains\IntelliJ IDEA Community Edition 2021.2\bin;;C:\Users\91976\AppData\Local\Programs\Microsoft VS Code\bin;C:\xampp\php;
USERNAME=91976
OS=Windows_NT
PROCESSOR_IDENTIFIER=Intel64 Family 6 Model 126 Stepping 5, GenuineIntel



---------------  S Y S T E M  ---------------

OS:
 Windows 11 , 64 bit Build 22621 (10.0.22621.3958)
OS uptime: 0 days 14:14 hours

CPU: total 4 (initial active 4) (2 cores per cpu, 2 threads per core) family 6 model 126 stepping 5 microcode 0xc2, cx8, cmov, fxsr, ht, mmx, 3dnowpref, sse, sse2, sse3, ssse3, sse4.1, sse4.2, popcnt, lzcnt, tsc, tscinvbit, avx, avx2, aes, erms, clmul, bmi1, bmi2, adx, avx512f, avx512dq, avx512cd, avx512bw, avx512vl, sha, fma, vzeroupper, avx512_vpopcntdq, avx512_vpclmulqdq, avx512_vaes, avx512_vnni, clflush, clflushopt, avx512_vbmi2, avx512_vbmi

Memory: 4k page, system-wide physical 3863M (223M free)
TotalPageFile size 15639M (AvailPageFile size 0M)
current process WorkingSet (physical memory assigned to process): 70M, peak: 70M
current process commit charge ("private bytes"): 143M, peak: 143M

vm_info: Java HotSpot(TM) 64-Bit Server VM (17.0.11+7-LTS-207) for windows-amd64 JRE (17.0.11+7-LTS-207), built on Mar 11 2024 19:01:50 by "mach5one" with MS VC++ 17.6 (VS2022)

END.
