#
# There is insufficient memory for the Java Runtime Environment to continue.
# Native memory allocation (malloc) failed to allocate 2076496 bytes for Chunk::new
# Possible reasons:
#   The system is out of physical RAM or swap space
#   The process is running with CompressedOops enabled, and the Java Heap may be blocking the growth of the native heap
# Possible solutions:
#   Reduce memory load on the system
#   Increase physical memory or swap space
#   Check if swap backing store is full
#   Decrease Java heap size (-Xmx/-Xms)
#   Decrease number of Java threads
#   Decrease Java thread stack sizes (-Xss)
#   Set larger code cache with -XX:ReservedCodeCacheSize=
#   JVM is running with Unscaled Compressed Oops mode in which the Java heap is
#     placed in the first 4GB address space. The Java Heap base address is the
#     maximum limit for the native heap growth. Please use -XX:HeapBaseMinAddress
#     to set the Java Heap base and to place the Java Heap above 4GB virtual address.
# This output file may be truncated or incomplete.
#
#  Out of Memory Error (arena.cpp:189), pid=1608, tid=12924
#
# JRE version: Java(TM) SE Runtime Environment (17.0.11+7) (build 17.0.11+7-LTS-207)
# Java VM: Java HotSpot(TM) 64-Bit Server VM (17.0.11+7-LTS-207, mixed mode, sharing, tiered, compressed oops, compressed class ptrs, g1 gc, windows-amd64)
# No core dump will be written. Minidumps are not enabled by default on client versions of Windows
#

---------------  S U M M A R Y ------------

Command Line: -Dfile.encoding=Cp1252 -XX:+ShowCodeDetailsInExceptionMessages Electricity.Billing.System.Project

Host: Intel(R) Core(TM) i3-1005G1 CPU @ 1.20GHz, 4 cores, 3G,  Windows 11 , 64 bit Build 22621 (10.0.22621.3958)
Time: Wed Sep 25 22:03:27 2024 India Standard Time elapsed time: 4.772881 seconds (0d 0h 0m 4s)

---------------  T H R E A D  ---------------

Current thread (0x000001bdaeb95580):  JavaThread "C2 CompilerThread0" daemon [_thread_in_native, id=12924, stack(0x000000ba04600000,0x000000ba04700000)]


Current CompileTask:
C2:   4772  739   !   4       sun.awt.image.PNGImageDecoder::produceImage (1917 bytes)

Stack: [0x000000ba04600000,0x000000ba04700000]
Native frames: (J=compiled Java code, j=interpreted, Vv=VM code, C=native code)
V  [jvm.dll+0x679cca]
V  [jvm.dll+0x7da13d]
V  [jvm.dll+0x7dba83]
V  [jvm.dll+0x7dc0f3]
V  [jvm.dll+0x2449af]
V  [jvm.dll+0xab83b]
V  [jvm.dll+0xabe1c]
V  [jvm.dll+0x36155f]
V  [jvm.dll+0x32bd61]
V  [jvm.dll+0x32b1fa]
V  [jvm.dll+0x2161df]
V  [jvm.dll+0x21560f]
V  [jvm.dll+0x1a2040]
V  [jvm.dll+0x225a2b]
V  [jvm.dll+0x223bcb]
V  [jvm.dll+0x7903ec]
V  [jvm.dll+0x78a85a]
V  [jvm.dll+0x678bb5]
C  [ucrtbase.dll+0x29333]
C  [KERNEL32.DLL+0x1257d]
C  [ntdll.dll+0x5af28]


---------------  P R O C E S S  ---------------

Threads class SMR info:
_java_thread_list=0x000001bdf5f29db0, length=18, elements={
0x000001bd93b1d2e0, 0x000001bd93b1dea0, 0x000001bdaeb84470, 0x000001bdaeb86f40,
0x000001bdaeb87900, 0x000001bdaeb912e0, 0x000001bdaeb95580, 0x000001bdaeb97360,
0x000001bdaeba8430, 0x000001bdf4066530, 0x000001bdf4068cb0, 0x000001bdf4252fd0,
0x000001bdf427d9e0, 0x000001bdf42f28e0, 0x000001bdf42534b0, 0x000001bdf57080b0,
0x000001bdf438ab30, 0x000001bdf62c73d0
}

Java Threads: ( => current thread )
  0x000001bd93b1d2e0 JavaThread "Reference Handler" daemon [_thread_blocked, id=26064, stack(0x000000ba04000000,0x000000ba04100000)]
  0x000001bd93b1dea0 JavaThread "Finalizer" daemon [_thread_blocked, id=23064, stack(0x000000ba04100000,0x000000ba04200000)]
  0x000001bdaeb84470 JavaThread "Signal Dispatcher" daemon [_thread_blocked, id=18704, stack(0x000000ba04200000,0x000000ba04300000)]
  0x000001bdaeb86f40 JavaThread "Attach Listener" daemon [_thread_blocked, id=18444, stack(0x000000ba04300000,0x000000ba04400000)]
  0x000001bdaeb87900 JavaThread "Service Thread" daemon [_thread_blocked, id=14444, stack(0x000000ba04400000,0x000000ba04500000)]
  0x000001bdaeb912e0 JavaThread "Monitor Deflation Thread" daemon [_thread_blocked, id=15368, stack(0x000000ba04500000,0x000000ba04600000)]
=>0x000001bdaeb95580 JavaThread "C2 CompilerThread0" daemon [_thread_in_native, id=12924, stack(0x000000ba04600000,0x000000ba04700000)]
  0x000001bdaeb97360 JavaThread "C1 CompilerThread0" daemon [_thread_blocked, id=3264, stack(0x000000ba04700000,0x000000ba04800000)]
  0x000001bdaeba8430 JavaThread "Sweeper thread" daemon [_thread_blocked, id=18888, stack(0x000000ba04800000,0x000000ba04900000)]
  0x000001bdf4066530 JavaThread "Notification Thread" daemon [_thread_blocked, id=23584, stack(0x000000ba04900000,0x000000ba04a00000)]
  0x000001bdf4068cb0 JavaThread "Common-Cleaner" daemon [_thread_blocked, id=19844, stack(0x000000ba04b00000,0x000000ba04c00000)]
  0x000001bdf4252fd0 JavaThread "Java2D Disposer" daemon [_thread_blocked, id=24648, stack(0x000000ba04c00000,0x000000ba04d00000)]
  0x000001bdf427d9e0 JavaThread "AWT-Windows" daemon [_thread_in_native, id=15540, stack(0x000000ba04e00000,0x000000ba04f00000)]
  0x000001bdf42f28e0 JavaThread "Image Fetcher 0" daemon [_thread_blocked, id=2152, stack(0x000000ba04f00000,0x000000ba05000000)]
  0x000001bdf42534b0 JavaThread "Image Fetcher 1" daemon [_thread_blocked, id=7904, stack(0x000000ba04d00000,0x000000ba04e00000)]
  0x000001bdf57080b0 JavaThread "AWT-Shutdown" [_thread_blocked, id=23344, stack(0x000000ba05300000,0x000000ba05400000)]
  0x000001bdf438ab30 JavaThread "AWT-EventQueue-0" [_thread_in_native, id=25540, stack(0x000000ba05400000,0x000000ba05500000)]
  0x000001bdf62c73d0 JavaThread "DestroyJavaVM" [_thread_blocked, id=21640, stack(0x000000ba03900000,0x000000ba03a00000)]

Other Threads:
  0x000001bd93b16800 VMThread "VM Thread" [stack: 0x000000ba03f00000,0x000000ba04000000] [id=17620]
  0x000001bdf4066a10 WatcherThread [stack: 0x000000ba04a00000,0x000000ba04b00000] [id=27204]
  0x000001bd93a98fe0 GCTaskThread "GC Thread#0" [stack: 0x000000ba03a00000,0x000000ba03b00000] [id=17672]
  0x000001bdf432b760 GCTaskThread "GC Thread#1" [stack: 0x000000ba05000000,0x000000ba05100000] [id=6112]
  0x000001bdf432ba20 GCTaskThread "GC Thread#2" [stack: 0x000000ba05100000,0x000000ba05200000] [id=6792]
  0x000001bdf432bce0 GCTaskThread "GC Thread#3" [stack: 0x000000ba05200000,0x000000ba05300000] [id=16380]
  0x000001bd93aa17f0 ConcurrentGCThread "G1 Main Marker" [stack: 0x000000ba03b00000,0x000000ba03c00000] [id=22572]
  0x000001bd93aa29a0 ConcurrentGCThread "G1 Conc#0" [stack: 0x000000ba03c00000,0x000000ba03d00000] [id=636]
  0x000001bd93ae4ad0 ConcurrentGCThread "G1 Refine#0" [stack: 0x000000ba03d00000,0x000000ba03e00000] [id=25260]
  0x000001bd93ae53a0 ConcurrentGCThread "G1 Service" [stack: 0x000000ba03e00000,0x000000ba03f00000] [id=21388]

Threads with active compile tasks:
C2 CompilerThread0     4970  739   !   4       sun.awt.image.PNGImageDecoder::produceImage (1917 bytes)

VM state: not at safepoint (normal execution)

VM Mutex/Monitor currently owned by a thread: None

Heap address: 0x00000000c3a00000, size: 966 MB, Compressed Oops mode: 32-bit

CDS archive(s) mapped at: [0x000001bdaf000000-0x000001bdafbd0000-0x000001bdafbd0000), size 12386304, SharedBaseAddress: 0x000001bdaf000000, ArchiveRelocationMode: 1.
Compressed class space mapped at: 0x000001bdb0000000-0x000001bdf0000000, reserved size: 1073741824
Narrow klass base: 0x000001bdaf000000, Narrow klass shift: 0, Narrow klass range: 0x100000000

GC Precious Log:
 CPUs: 4 total, 4 available
 Memory: 3863M
 Large Page Support: Disabled
 NUMA Support: Disabled
 Compressed Oops: Enabled (32-bit)
 Heap Region Size: 1M
 Heap Min Capacity: 8M
 Heap Initial Capacity: 62M
 Heap Max Capacity: 966M
 Pre-touch: Disabled
 Parallel Workers: 4
 Concurrent Workers: 1
 Concurrent Refinement Workers: 4
 Periodic GC: Disabled

Heap:
 garbage-first heap   total 65536K, used 38824K [0x00000000c3a00000, 0x0000000100000000)
  region size 1024K, 5 young (5120K), 1 survivors (1024K)
 Metaspace       used 7037K, committed 7232K, reserved 1114112K
  class space    used 756K, committed 896K, reserved 1048576K

Heap Regions: E=young(eden), S=young(survivor), O=old, HS=humongous(starts), HC=humongous(continues), CS=collection set, F=free, OA=open archive, CA=closed archive, TAMS=top-at-mark-start (previous, next)
|   0|0x00000000c3a00000, 0x00000000c3b00000, 0x00000000c3b00000|100%|HS|  |TAMS 0x00000000c3b00000, 0x00000000c3a00000| Complete 
|   1|0x00000000c3b00000, 0x00000000c3c00000, 0x00000000c3c00000|100%|HC|  |TAMS 0x00000000c3c00000, 0x00000000c3b00000| Complete 
|   2|0x00000000c3c00000, 0x00000000c3d00000, 0x00000000c3d00000|100%|HC|  |TAMS 0x00000000c3d00000, 0x00000000c3c00000| Complete 
|   3|0x00000000c3d00000, 0x00000000c3e00000, 0x00000000c3e00000|100%|HC|  |TAMS 0x00000000c3e00000, 0x00000000c3d00000| Complete 
|   4|0x00000000c3e00000, 0x00000000c3f00000, 0x00000000c3f00000|100%|HS|  |TAMS 0x00000000c3f00000, 0x00000000c3e00000| Complete 
|   5|0x00000000c3f00000, 0x00000000c4000000, 0x00000000c4000000|100%|HC|  |TAMS 0x00000000c4000000, 0x00000000c3f00000| Complete 
|   6|0x00000000c4000000, 0x00000000c4100000, 0x00000000c4100000|100%|HC|  |TAMS 0x00000000c4100000, 0x00000000c4000000| Complete 
|   7|0x00000000c4100000, 0x00000000c4200000, 0x00000000c4200000|100%|HC|  |TAMS 0x00000000c4200000, 0x00000000c4100000| Complete 
|   8|0x00000000c4200000, 0x00000000c4300000, 0x00000000c4300000|100%|HC|  |TAMS 0x00000000c4300000, 0x00000000c4200000| Complete 
|   9|0x00000000c4300000, 0x00000000c4400000, 0x00000000c4400000|100%|HC|  |TAMS 0x00000000c4400000, 0x00000000c4300000| Complete 
|  10|0x00000000c4400000, 0x00000000c4500000, 0x00000000c4500000|100%| O|  |TAMS 0x00000000c4500000, 0x00000000c4400000| Untracked 
|  11|0x00000000c4500000, 0x00000000c4600000, 0x00000000c4600000|100%|HS|  |TAMS 0x00000000c4600000, 0x00000000c4500000| Complete 
|  12|0x00000000c4600000, 0x00000000c4700000, 0x00000000c4700000|100%|HC|  |TAMS 0x00000000c4700000, 0x00000000c4600000| Complete 
|  13|0x00000000c4700000, 0x00000000c4800000, 0x00000000c4800000|100%| O|  |TAMS 0x00000000c4800000, 0x00000000c4700000| Untracked 
|  14|0x00000000c4800000, 0x00000000c484cc00, 0x00000000c4900000| 29%| O|  |TAMS 0x00000000c484cc00, 0x00000000c4800000| Untracked 
|  15|0x00000000c4900000, 0x00000000c4a00000, 0x00000000c4a00000|100%|HS|  |TAMS 0x00000000c4a00000, 0x00000000c4900000| Complete 
|  16|0x00000000c4a00000, 0x00000000c4b00000, 0x00000000c4b00000|100%|HC|  |TAMS 0x00000000c4b00000, 0x00000000c4a00000| Complete 
|  17|0x00000000c4b00000, 0x00000000c4c00000, 0x00000000c4c00000|100%|HC|  |TAMS 0x00000000c4c00000, 0x00000000c4b00000| Complete 
|  18|0x00000000c4c00000, 0x00000000c4d00000, 0x00000000c4d00000|100%|HC|  |TAMS 0x00000000c4d00000, 0x00000000c4c00000| Complete 
|  19|0x00000000c4d00000, 0x00000000c4e00000, 0x00000000c4e00000|100%|HC|  |TAMS 0x00000000c4e00000, 0x00000000c4d00000| Complete 
|  20|0x00000000c4e00000, 0x00000000c4f00000, 0x00000000c4f00000|100%|HC|  |TAMS 0x00000000c4f00000, 0x00000000c4e00000| Complete 
|  21|0x00000000c4f00000, 0x00000000c5000000, 0x00000000c5000000|100%|HC|  |TAMS 0x00000000c5000000, 0x00000000c4f00000| Complete 
|  22|0x00000000c5000000, 0x00000000c5100000, 0x00000000c5100000|100%|HC|  |TAMS 0x00000000c5100000, 0x00000000c5000000| Complete 
|  23|0x00000000c5100000, 0x00000000c5200000, 0x00000000c5200000|100%|HC|  |TAMS 0x00000000c5200000, 0x00000000c5100000| Complete 
|  24|0x00000000c5200000, 0x00000000c5300000, 0x00000000c5300000|100%|HC|  |TAMS 0x00000000c5300000, 0x00000000c5200000| Complete 
|  25|0x00000000c5300000, 0x00000000c5400000, 0x00000000c5400000|100%|HC|  |TAMS 0x00000000c5400000, 0x00000000c5300000| Complete 
|  26|0x00000000c5400000, 0x00000000c5500000, 0x00000000c5500000|100%|HC|  |TAMS 0x00000000c5500000, 0x00000000c5400000| Complete 
|  27|0x00000000c5500000, 0x00000000c5600000, 0x00000000c5600000|100%|HC|  |TAMS 0x00000000c5600000, 0x00000000c5500000| Complete 
|  28|0x00000000c5600000, 0x00000000c5700000, 0x00000000c5700000|100%|HC|  |TAMS 0x00000000c5700000, 0x00000000c5600000| Complete 
|  29|0x00000000c5700000, 0x00000000c5800000, 0x00000000c5800000|100%|HC|  |TAMS 0x00000000c5800000, 0x00000000c5700000| Complete 
|  30|0x00000000c5800000, 0x00000000c5900000, 0x00000000c5900000|100%|HC|  |TAMS 0x00000000c5900000, 0x00000000c5800000| Complete 
|  31|0x00000000c5900000, 0x00000000c5a00000, 0x00000000c5a00000|100%|HC|  |TAMS 0x00000000c5a00000, 0x00000000c5900000| Complete 
|  32|0x00000000c5a00000, 0x00000000c5b00000, 0x00000000c5b00000|100%|HS|  |TAMS 0x00000000c5b00000, 0x00000000c5a00000| Complete 
|  33|0x00000000c5b00000, 0x00000000c5c00000, 0x00000000c5c00000|100%|HC|  |TAMS 0x00000000c5c00000, 0x00000000c5b00000| Complete 
|  34|0x00000000c5c00000, 0x00000000c5d00000, 0x00000000c5d00000|100%|HS|  |TAMS 0x00000000c5c00000, 0x00000000c5c00000| Complete 
|  35|0x00000000c5d00000, 0x00000000c5e00000, 0x00000000c5e00000|100%|HC|  |TAMS 0x00000000c5d00000, 0x00000000c5d00000| Complete 
|  36|0x00000000c5e00000, 0x00000000c5e00000, 0x00000000c5f00000|  0%| F|  |TAMS 0x00000000c5e00000, 0x00000000c5e00000| Untracked 
|  37|0x00000000c5f00000, 0x00000000c5f00000, 0x00000000c6000000|  0%| F|  |TAMS 0x00000000c5f00000, 0x00000000c5f00000| Untracked 
|  38|0x00000000c6000000, 0x00000000c6000000, 0x00000000c6100000|  0%| F|  |TAMS 0x00000000c6000000, 0x00000000c6000000| Untracked 
|  39|0x00000000c6100000, 0x00000000c6100000, 0x00000000c6200000|  0%| F|  |TAMS 0x00000000c6100000, 0x00000000c6100000| Untracked 
|  40|0x00000000c6200000, 0x00000000c6200000, 0x00000000c6300000|  0%| F|  |TAMS 0x00000000c6200000, 0x00000000c6200000| Untracked 
|  41|0x00000000c6300000, 0x00000000c6300000, 0x00000000c6400000|  0%| F|  |TAMS 0x00000000c6300000, 0x00000000c6300000| Untracked 
|  42|0x00000000c6400000, 0x00000000c6400000, 0x00000000c6500000|  0%| F|  |TAMS 0x00000000c6400000, 0x00000000c6400000| Untracked 
|  43|0x00000000c6500000, 0x00000000c6500000, 0x00000000c6600000|  0%| F|  |TAMS 0x00000000c6500000, 0x00000000c6500000| Untracked 
|  44|0x00000000c6600000, 0x00000000c6600000, 0x00000000c6700000|  0%| F|  |TAMS 0x00000000c6600000, 0x00000000c6600000| Untracked 
|  45|0x00000000c6700000, 0x00000000c6700000, 0x00000000c6800000|  0%| F|  |TAMS 0x00000000c6700000, 0x00000000c6700000| Untracked 
|  46|0x00000000c6800000, 0x00000000c6800000, 0x00000000c6900000|  0%| F|  |TAMS 0x00000000c6800000, 0x00000000c6800000| Untracked 
|  47|0x00000000c6900000, 0x00000000c6900000, 0x00000000c6a00000|  0%| F|  |TAMS 0x00000000c6900000, 0x00000000c6900000| Untracked 
|  48|0x00000000c6a00000, 0x00000000c6a00000, 0x00000000c6b00000|  0%| F|  |TAMS 0x00000000c6a00000, 0x00000000c6a00000| Untracked 
|  49|0x00000000c6b00000, 0x00000000c6b00000, 0x00000000c6c00000|  0%| F|  |TAMS 0x00000000c6b00000, 0x00000000c6b00000| Untracked 
|  50|0x00000000c6c00000, 0x00000000c6c00000, 0x00000000c6d00000|  0%| F|  |TAMS 0x00000000c6c00000, 0x00000000c6c00000| Untracked 
|  51|0x00000000c6d00000, 0x00000000c6d00000, 0x00000000c6e00000|  0%| F|  |TAMS 0x00000000c6d00000, 0x00000000c6d00000| Untracked 
|  52|0x00000000c6e00000, 0x00000000c6e00000, 0x00000000c6f00000|  0%| F|  |TAMS 0x00000000c6e00000, 0x00000000c6e00000| Untracked 
|  53|0x00000000c6f00000, 0x00000000c6f00000, 0x00000000c7000000|  0%| F|  |TAMS 0x00000000c6f00000, 0x00000000c6f00000| Untracked 
|  54|0x00000000c7000000, 0x00000000c7000000, 0x00000000c7100000|  0%| F|  |TAMS 0x00000000c7000000, 0x00000000c7000000| Untracked 
|  55|0x00000000c7100000, 0x00000000c7100000, 0x00000000c7200000|  0%| F|  |TAMS 0x00000000c7100000, 0x00000000c7100000| Untracked 
|  56|0x00000000c7200000, 0x00000000c7200000, 0x00000000c7300000|  0%| F|  |TAMS 0x00000000c7200000, 0x00000000c7200000| Untracked 
|  57|0x00000000c7300000, 0x00000000c7300000, 0x00000000c7400000|  0%| F|  |TAMS 0x00000000c7300000, 0x00000000c7300000| Untracked 
|  58|0x00000000c7400000, 0x00000000c749d400, 0x00000000c7500000| 61%| S|CS|TAMS 0x00000000c7400000, 0x00000000c7400000| Complete 
|  59|0x00000000c7500000, 0x00000000c7500000, 0x00000000c7600000|  0%| F|  |TAMS 0x00000000c7500000, 0x00000000c7500000| Untracked 
|  60|0x00000000c7600000, 0x00000000c7677fc8, 0x00000000c7700000| 46%| E|  |TAMS 0x00000000c7600000, 0x00000000c7600000| Complete 
|  61|0x00000000c7700000, 0x00000000c7800000, 0x00000000c7800000|100%| E|CS|TAMS 0x00000000c7700000, 0x00000000c7700000| Complete 
|  62|0x00000000c7800000, 0x00000000c7900000, 0x00000000c7900000|100%| E|CS|TAMS 0x00000000c7800000, 0x00000000c7800000| Complete 
|  63|0x00000000c7900000, 0x00000000c7a00000, 0x00000000c7a00000|100%| E|  |TAMS 0x00000000c7900000, 0x00000000c7900000| Complete 

Card table byte_map: [0x000001bdaa510000,0x000001bdaa700000] _byte_map_base: 0x000001bda9ef3000

Marking Bits (Prev, Next): (CMBitMap*) 0x000001bd93a99600, (CMBitMap*) 0x000001bd93a99640
 Prev Bits: [0x000001bdaa8f0000, 0x000001bdab808000)
 Next Bits: [0x000001bdab810000, 0x000001bdac728000)

Polling page: 0x000001bd91920000

Metaspace:

Usage:
  Non-class:      6.14 MB used.
      Class:    756.75 KB used.
       Both:      6.87 MB used.

Virtual space:
  Non-class space:       64.00 MB reserved,       6.19 MB ( 10%) committed,  1 nodes.
      Class space:        1.00 GB reserved,     896.00 KB ( <1%) committed,  1 nodes.
             Both:        1.06 GB reserved,       7.06 MB ( <1%) committed. 

Chunk freelists:
   Non-Class:  9.00 MB
       Class:  15.12 MB
        Both:  24.12 MB

MaxMetaspaceSize: unlimited
CompressedClassSpaceSize: 1.00 GB
Initial GC threshold: 21.00 MB
Current GC threshold: 21.00 MB
CDS: on
MetaspaceReclaimPolicy: balanced
 - commit_granule_bytes: 65536.
 - commit_granule_words: 8192.
 - virtual_space_node_default_size: 8388608.
 - enlarge_chunks_in_place: 1.
 - new_chunks_are_fully_committed: 0.
 - uncommit_free_chunks: 1.
 - use_allocation_guard: 0.
 - handle_deallocations: 1.


Internal statistics:

num_allocs_failed_limit: 0.
num_arena_births: 118.
num_arena_deaths: 0.
num_vsnodes_births: 2.
num_vsnodes_deaths: 0.
num_space_committed: 113.
num_space_uncommitted: 0.
num_chunks_returned_to_freelist: 0.
num_chunks_taken_from_freelist: 170.
num_chunk_merges: 0.
num_chunk_splits: 91.
num_chunks_enlarged: 21.
num_inconsistent_stats: 0.

CodeHeap 'non-profiled nmethods': size=120000Kb used=352Kb max_used=352Kb free=119647Kb
 bounds [0x000001bda2df0000, 0x000001bda3060000, 0x000001bdaa320000]
CodeHeap 'profiled nmethods': size=120000Kb used=1627Kb max_used=1627Kb free=118372Kb
 bounds [0x000001bd9b320000, 0x000001bd9b590000, 0x000001bda2850000]
CodeHeap 'non-nmethods': size=5760Kb used=1266Kb max_used=1270Kb free=4493Kb
 bounds [0x000001bda2850000, 0x000001bda2ac0000, 0x000001bda2df0000]
 total_blobs=1475 nmethods=898 adapters=490
 compilation: enabled
              stopped_count=0, restarted_count=0
 full_count=0

Compilation events (20 events):
Event: 4.715 Thread 0x000001bdaeb97360  873   !   3       jdk.internal.misc.ScopedMemoryAccess::getIntUnalignedInternal (38 bytes)
Event: 4.715 Thread 0x000001bdaeb97360 nmethod 873 0x000001bd9b4a8990 code [0x000001bd9b4a8b60, 0x000001bd9b4a8f18]
Event: 4.716 Thread 0x000001bdaeb97360  874       1       java.lang.Thread::isInterrupted (5 bytes)
Event: 4.717 Thread 0x000001bdaeb97360 nmethod 874 0x000001bda2e45990 code [0x000001bda2e45b20, 0x000001bda2e45bf8]
Event: 4.717 Thread 0x000001bdaeb97360  876       3       java.nio.channels.spi.AbstractInterruptibleChannel::isOpen (13 bytes)
Event: 4.717 Thread 0x000001bdaeb97360 nmethod 876 0x000001bd9b4a9110 code [0x000001bd9b4a92a0, 0x000001bd9b4a9418]
Event: 4.717 Thread 0x000001bdaeb97360  877       3       java.nio.channels.spi.AbstractInterruptibleChannel::blockedOn (10 bytes)
Event: 4.717 Thread 0x000001bdaeb97360 nmethod 877 0x000001bd9b4a9490 code [0x000001bd9b4a9640, 0x000001bd9b4a9868]
Event: 4.717 Thread 0x000001bdaeb97360  875       1       sun.nio.ch.NativeThread::current (2 bytes)
Event: 4.718 Thread 0x000001bdaeb97360 nmethod 875 0x000001bda2e45c90 code [0x000001bda2e45e20, 0x000001bda2e45ed8]
Event: 4.718 Thread 0x000001bdaeb97360  878       3       java.nio.ByteBufferAsIntBufferB::get (30 bytes)
Event: 4.719 Thread 0x000001bdaeb97360 nmethod 878 0x000001bd9b4a9990 code [0x000001bd9b4a9be0, 0x000001bd9b4aa528]
Event: 4.719 Thread 0x000001bdaeb97360  879       3       java.nio.ByteBufferAsIntBufferB::byteOffset (9 bytes)
Event: 4.719 Thread 0x000001bdaeb97360 nmethod 879 0x000001bd9b4aa910 code [0x000001bd9b4aaaa0, 0x000001bd9b4aabb8]
Event: 4.721 Thread 0x000001bdaeb97360  880       3       java.nio.Buffer::flip (20 bytes)
Event: 4.721 Thread 0x000001bdaeb97360 nmethod 880 0x000001bd9b4aac90 code [0x000001bd9b4aae20, 0x000001bd9b4aaf38]
Event: 4.722 Thread 0x000001bdaeb97360  881       3       java.lang.ref.PhantomReference::<init> (7 bytes)
Event: 4.723 Thread 0x000001bdaeb97360 nmethod 881 0x000001bd9b4ab010 code [0x000001bd9b4ab1c0, 0x000001bd9b4ab498]
Event: 4.739 Thread 0x000001bdaeb97360  882   !   3       java.lang.Thread::blockedOn (27 bytes)
Event: 4.739 Thread 0x000001bdaeb97360 nmethod 882 0x000001bd9b4ab590 code [0x000001bd9b4ab740, 0x000001bd9b4ab998]

GC Heap History (8 events):
Event: 2.259 GC heap before
{Heap before GC invocations=0 (full 0):
 garbage-first heap   total 63488K, used 23552K [0x00000000c3a00000, 0x0000000100000000)
  region size 1024K, 13 young (13312K), 0 survivors (0K)
 Metaspace       used 4539K, committed 4672K, reserved 1114112K
  class space    used 467K, committed 512K, reserved 1048576K
}
Event: 2.262 GC heap after
{Heap after GC invocations=1 (full 0):
 garbage-first heap   total 63488K, used 12600K [0x00000000c3a00000, 0x0000000100000000)
  region size 1024K, 2 young (2048K), 2 survivors (2048K)
 Metaspace       used 4539K, committed 4672K, reserved 1114112K
  class space    used 467K, committed 512K, reserved 1048576K
}
Event: 3.982 GC heap before
{Heap before GC invocations=1 (full 0):
 garbage-first heap   total 63488K, used 17720K [0x00000000c3a00000, 0x0000000100000000)
  region size 1024K, 6 young (6144K), 2 survivors (2048K)
 Metaspace       used 5308K, committed 5504K, reserved 1114112K
  class space    used 551K, committed 640K, reserved 1048576K
}
Event: 3.988 GC heap after
{Heap after GC invocations=2 (full 0):
 garbage-first heap   total 63488K, used 15274K [0x00000000c3a00000, 0x0000000100000000)
  region size 1024K, 1 young (1024K), 1 survivors (1024K)
 Metaspace       used 5308K, committed 5504K, reserved 1114112K
  class space    used 551K, committed 640K, reserved 1048576K
}
Event: 4.365 GC heap before
{Heap before GC invocations=2 (full 0):
 garbage-first heap   total 63488K, used 50090K [0x00000000c3a00000, 0x0000000100000000)
  region size 1024K, 19 young (19456K), 1 survivors (1024K)
 Metaspace       used 5320K, committed 5504K, reserved 1114112K
  class space    used 551K, committed 640K, reserved 1048576K
}
Event: 4.366 GC heap after
{Heap after GC invocations=3 (full 0):
 garbage-first heap   total 63488K, used 32379K [0x00000000c3a00000, 0x0000000100000000)
  region size 1024K, 1 young (1024K), 1 survivors (1024K)
 Metaspace       used 5320K, committed 5504K, reserved 1114112K
  class space    used 551K, committed 640K, reserved 1048576K
}
Event: 4.424 GC heap before
{Heap before GC invocations=4 (full 0):
 garbage-first heap   total 63488K, used 36475K [0x00000000c3a00000, 0x0000000100000000)
  region size 1024K, 4 young (4096K), 1 survivors (1024K)
 Metaspace       used 5320K, committed 5504K, reserved 1114112K
  class space    used 551K, committed 640K, reserved 1048576K
}
Event: 4.424 GC heap after
{Heap after GC invocations=5 (full 0):
 garbage-first heap   total 63488K, used 34728K [0x00000000c3a00000, 0x0000000100000000)
  region size 1024K, 1 young (1024K), 1 survivors (1024K)
 Metaspace       used 5320K, committed 5504K, reserved 1114112K
  class space    used 551K, committed 640K, reserved 1048576K
}

Deoptimization events (20 events):
Event: 4.479 Thread 0x000001bdf42f28e0 DEOPT PACKING pc=0x000001bd9b429434 sp=0x000000ba04fff3d0
Event: 4.479 Thread 0x000001bdf42f28e0 DEOPT UNPACKING pc=0x000001bda28a66e3 sp=0x000000ba04ffe840 mode 0
Event: 4.479 Thread 0x000001bdf42f28e0 DEOPT PACKING pc=0x000001bd9b429434 sp=0x000000ba04fff3d0
Event: 4.479 Thread 0x000001bdf42f28e0 DEOPT UNPACKING pc=0x000001bda28a66e3 sp=0x000000ba04ffe840 mode 0
Event: 4.479 Thread 0x000001bdf42f28e0 DEOPT PACKING pc=0x000001bd9b429434 sp=0x000000ba04fff3d0
Event: 4.479 Thread 0x000001bdf42f28e0 DEOPT UNPACKING pc=0x000001bda28a66e3 sp=0x000000ba04ffe840 mode 0
Event: 4.479 Thread 0x000001bdf42f28e0 DEOPT PACKING pc=0x000001bd9b429434 sp=0x000000ba04fff3d0
Event: 4.479 Thread 0x000001bdf42f28e0 DEOPT UNPACKING pc=0x000001bda28a66e3 sp=0x000000ba04ffe840 mode 0
Event: 4.479 Thread 0x000001bdf42f28e0 DEOPT PACKING pc=0x000001bd9b429434 sp=0x000000ba04fff3d0
Event: 4.479 Thread 0x000001bdf42f28e0 DEOPT UNPACKING pc=0x000001bda28a66e3 sp=0x000000ba04ffe840 mode 0
Event: 4.479 Thread 0x000001bdf42f28e0 DEOPT PACKING pc=0x000001bd9b429434 sp=0x000000ba04fff3d0
Event: 4.479 Thread 0x000001bdf42f28e0 DEOPT UNPACKING pc=0x000001bda28a66e3 sp=0x000000ba04ffe840 mode 0
Event: 4.479 Thread 0x000001bdf42f28e0 DEOPT PACKING pc=0x000001bd9b429434 sp=0x000000ba04fff3d0
Event: 4.479 Thread 0x000001bdf42f28e0 DEOPT UNPACKING pc=0x000001bda28a66e3 sp=0x000000ba04ffe840 mode 0
Event: 4.479 Thread 0x000001bdf42f28e0 DEOPT PACKING pc=0x000001bd9b429434 sp=0x000000ba04fff3d0
Event: 4.479 Thread 0x000001bdf42f28e0 DEOPT UNPACKING pc=0x000001bda28a66e3 sp=0x000000ba04ffe840 mode 0
Event: 4.547 Thread 0x000001bd93a5dae0 Uncommon trap: trap_request=0xffffff45 fr.pc=0x000001bda2e12a40 relative=0x0000000000000340
Event: 4.547 Thread 0x000001bd93a5dae0 Uncommon trap: reason=unstable_if action=reinterpret pc=0x000001bda2e12a40 method=java.lang.StringUTF16.compress([CI[BII)I @ 20 c2
Event: 4.547 Thread 0x000001bd93a5dae0 DEOPT PACKING pc=0x000001bda2e12a40 sp=0x000000ba039fd430
Event: 4.547 Thread 0x000001bd93a5dae0 DEOPT UNPACKING pc=0x000001bda28a5ba3 sp=0x000000ba039fd3b0 mode 2

Classes unloaded (0 events):
No events

Classes redefined (0 events):
No events

Internal exceptions (15 events):
Event: 1.168 Thread 0x000001bd93a5dae0 Exception <a 'java/lang/ClassNotFoundException'{0x00000000c7664ad8}: sun/awt/resources/spi/awtProvider> (0x00000000c7664ad8) 
thrown [s\open\src\hotspot\share\classfile\systemDictionary.cpp, line 256]
Event: 1.397 Thread 0x000001bd93a5dae0 Exception <a 'java/io/FileNotFoundException'{0x00000000c76bcd58}> (0x00000000c76bcd58) 
thrown [s\open\src\hotspot\share\prims\jni.cpp, line 516]
Event: 1.405 Thread 0x000001bd93a5dae0 Exception <a 'java/io/FileNotFoundException'{0x00000000c76e9e78}> (0x00000000c76e9e78) 
thrown [s\open\src\hotspot\share\prims\jni.cpp, line 516]
Event: 1.728 Thread 0x000001bd93a5dae0 Exception <a 'java/lang/NoSuchMethodError'{0x00000000c7533d70}: 'java.lang.Object java.lang.invoke.DirectMethodHandle$Holder.invokeStaticInit(java.lang.Object)'> (0x00000000c7533d70) 
thrown [s\open\src\hotspot\share\interpreter\linkResolver.cpp, line 759]
Event: 1.891 Thread 0x000001bd93a5dae0 Exception <a 'java/lang/NoSuchMethodError'{0x00000000c75c35d0}: 'void java.lang.invoke.DirectMethodHandle$Holder.invokeSpecial(java.lang.Object, java.lang.Object, java.lang.Object)'> (0x00000000c75c35d0) 
thrown [s\open\src\hotspot\share\interpreter\linkResolver.cpp, line 759]
Event: 1.904 Thread 0x000001bd93a5dae0 Exception <a 'java/lang/NoSuchMethodError'{0x00000000c75edae0}: 'java.lang.Object java.lang.invoke.DirectMethodHandle$Holder.newInvokeSpecial(java.lang.Object, java.lang.Object, java.lang.Object, java.lang.Object, java.lang.Object)'> (0x00000000c75edae0) 
thrown [s\open\src\hotspot\share\interpreter\linkResolver.cpp, line 759]
Event: 1.906 Thread 0x000001bd93a5dae0 Exception <a 'java/lang/NoSuchMethodError'{0x00000000c75f94a8}: 'java.lang.Object java.lang.invoke.DirectMethodHandle$Holder.invokeStatic(java.lang.Object, int, java.lang.Object, java.lang.Object, java.lang.Object, java.lang.Object)'> (0x00000000c75f94a8) 
thrown [s\open\src\hotspot\share\interpreter\linkResolver.cpp, line 759]
Event: 1.913 Thread 0x000001bd93a5dae0 Exception <a 'java/lang/NoSuchMethodError'{0x00000000c741f218}: 'java.lang.Object java.lang.invoke.DirectMethodHandle$Holder.invokeStatic(java.lang.Object, int, java.lang.Object)'> (0x00000000c741f218) 
thrown [s\open\src\hotspot\share\interpreter\linkResolver.cpp, line 759]
Event: 1.956 Thread 0x000001bd93a5dae0 Exception <a 'java/lang/ClassNotFoundException'{0x00000000c74d7148}: com/sun/swing/internal/plaf/metal/resources/spi/metalProvider> (0x00000000c74d7148) 
thrown [s\open\src\hotspot\share\classfile\systemDictionary.cpp, line 256]
Event: 1.957 Thread 0x000001bd93a5dae0 Exception <a 'java/lang/ClassNotFoundException'{0x00000000c74dafd0}: com/sun/swing/internal/plaf/basic/resources/spi/basicProvider> (0x00000000c74dafd0) 
thrown [s\open\src\hotspot\share\classfile\systemDictionary.cpp, line 256]
Event: 2.187 Thread 0x000001bdf42f28e0 Exception <a 'java/lang/NoSuchMethodError'{0x00000000c727f150}: 'java.lang.Object java.lang.invoke.DirectMethodHandle$Holder.newInvokeSpecial(java.lang.Object, java.lang.Object, java.lang.Object, int, int, int, int, int)'> (0x00000000c727f150) 
thrown [s\open\src\hotspot\share\interpreter\linkResolver.cpp, line 759]
Event: 3.161 Thread 0x000001bdf42534b0 Implicit null exception at 0x000001bda2e1928d to 0x000001bda2e198dc
Event: 4.454 Thread 0x000001bdf42f28e0 Implicit null exception at 0x000001bda2e32c4b to 0x000001bda2e38fc4
Event: 4.495 Thread 0x000001bdf427d9e0 Exception <a 'java/lang/NoSuchMethodError'{0x00000000c7897ae0}: 'void java.lang.invoke.DirectMethodHandle$Holder.invokeVirtual(java.lang.Object, java.lang.Object)'> (0x00000000c7897ae0) 
thrown [s\open\src\hotspot\share\interpreter\linkResolver.cpp, line 759]
Event: 4.525 Thread 0x000001bd93a5dae0 Exception <a 'java/lang/NoSuchMethodError'{0x00000000c78d7178}: 'void java.lang.invoke.DirectMethodHandle$Holder.invokeStaticInit(java.lang.Object)'> (0x00000000c78d7178) 
thrown [s\open\src\hotspot\share\interpreter\linkResolver.cpp, line 759]

VM Operations (20 events):
Event: 3.279 Executing VM operation: Cleanup
Event: 3.279 Executing VM operation: Cleanup done
Event: 3.982 Executing VM operation: G1TryInitiateConcMark
Event: 3.988 Executing VM operation: G1TryInitiateConcMark done
Event: 4.365 Executing VM operation: G1TryInitiateConcMark
Event: 4.367 Executing VM operation: G1TryInitiateConcMark done
Event: 4.375 Executing VM operation: G1Concurrent
Event: 4.377 Executing VM operation: G1Concurrent done
Event: 4.379 Executing VM operation: G1Concurrent
Event: 4.379 Executing VM operation: G1Concurrent done
Event: 4.424 Executing VM operation: G1TryInitiateConcMark
Event: 4.424 Executing VM operation: G1TryInitiateConcMark done
Event: 4.429 Executing VM operation: G1Concurrent
Event: 4.429 Executing VM operation: G1Concurrent done
Event: 4.432 Executing VM operation: G1Concurrent
Event: 4.432 Executing VM operation: G1Concurrent done
Event: 4.633 Executing VM operation: HandshakeAllThreads
Event: 4.633 Executing VM operation: HandshakeAllThreads done
Event: 4.687 Executing VM operation: HandshakeAllThreads
Event: 4.687 Executing VM operation: HandshakeAllThreads done

Events (20 events):
Event: 4.699 loading class sun/font/FreetypeFontScaler
Event: 4.700 loading class sun/font/FreetypeFontScaler done
Event: 4.705 loading class sun/font/TrueTypeGlyphMapper
Event: 4.706 loading class sun/font/TrueTypeGlyphMapper done
Event: 4.706 loading class sun/font/CMap
Event: 4.706 loading class sun/font/CMap done
Event: 4.706 loading class sun/font/CMap$NullCMapClass
Event: 4.706 loading class sun/font/CMap$NullCMapClass done
Event: 4.706 loading class sun/font/CMap$CMapFormat4
Event: 4.706 loading class sun/font/CMap$CMapFormat4 done
Event: 4.706 loading class java/nio/ByteBufferAsCharBufferB
Event: 4.707 loading class java/nio/ByteBufferAsCharBufferB done
Event: 4.707 loading class jdk/internal/misc/ScopedMemoryAccess$Scope
Event: 4.707 loading class jdk/internal/misc/ScopedMemoryAccess$Scope done
Event: 4.717 loading class sun/font/FontDesignMetrics$KeyReference
Event: 4.717 loading class sun/font/FontDesignMetrics$KeyReference done
Event: 4.722 loading class sun/swing/MenuItemLayoutHelper$RectSize
Event: 4.723 loading class sun/swing/MenuItemLayoutHelper$RectSize done
Event: 4.723 loading class sun/font/CompositeGlyphMapper
Event: 4.723 loading class sun/font/CompositeGlyphMapper done


Dynamic libraries:
0x00007ff646140000 - 0x00007ff646150000 	E:\bin\javaw.exe
0x00007ffed9110000 - 0x00007ffed9327000 	C:\WINDOWS\SYSTEM32\ntdll.dll
0x00007ffed7ff0000 - 0x00007ffed80b4000 	C:\WINDOWS\System32\KERNEL32.DLL
0x00007ffed6a60000 - 0x00007ffed6e0d000 	C:\WINDOWS\System32\KERNELBASE.dll
0x00007ffed6700000 - 0x00007ffed6811000 	C:\WINDOWS\System32\ucrtbase.dll
0x00007ffed31a0000 - 0x00007ffed31b9000 	E:\bin\jli.dll
0x00007ffed12e0000 - 0x00007ffed12fb000 	E:\bin\VCRUNTIME140.dll
0x00007ffed87a0000 - 0x00007ffed8852000 	C:\WINDOWS\System32\ADVAPI32.dll
0x00007ffed6e40000 - 0x00007ffed6ee7000 	C:\WINDOWS\System32\msvcrt.dll
0x00007ffed8e70000 - 0x00007ffed8f19000 	C:\WINDOWS\System32\sechost.dll
0x00007ffed6e10000 - 0x00007ffed6e38000 	C:\WINDOWS\System32\bcrypt.dll
0x00007ffed6ef0000 - 0x00007ffed7004000 	C:\WINDOWS\System32\RPCRT4.dll
0x00007ffed8f20000 - 0x00007ffed90ce000 	C:\WINDOWS\System32\USER32.dll
0x00007ffeb5240000 - 0x00007ffeb54d3000 	C:\WINDOWS\WinSxS\amd64_microsoft.windows.common-controls_6595b64144ccf1df_6.0.22621.3672_none_2713b9d173822955\COMCTL32.dll
0x00007ffed6990000 - 0x00007ffed69b6000 	C:\WINDOWS\System32\win32u.dll
0x00007ffed7440000 - 0x00007ffed7469000 	C:\WINDOWS\System32\GDI32.dll
0x00007ffed64b0000 - 0x00007ffed65c9000 	C:\WINDOWS\System32\gdi32full.dll
0x00007ffed69c0000 - 0x00007ffed6a5a000 	C:\WINDOWS\System32\msvcp_win.dll
0x00007ffecf3f0000 - 0x00007ffecf3fa000 	C:\WINDOWS\SYSTEM32\VERSION.dll
0x00007ffed75e0000 - 0x00007ffed7611000 	C:\WINDOWS\System32\IMM32.DLL
0x00007ffed3190000 - 0x00007ffed319c000 	E:\bin\vcruntime140_1.dll
0x00007ffea1a40000 - 0x00007ffea1ace000 	E:\bin\msvcp140.dll
0x00007ffe9ff70000 - 0x00007ffea0b50000 	E:\bin\server\jvm.dll
0x00007ffed7470000 - 0x00007ffed7478000 	C:\WINDOWS\System32\PSAPI.DLL
0x00007ffece450000 - 0x00007ffece484000 	C:\WINDOWS\SYSTEM32\WINMM.dll
0x00007ffec1ab0000 - 0x00007ffec1ab9000 	C:\WINDOWS\SYSTEM32\WSOCK32.dll
0x00007ffed7540000 - 0x00007ffed75b1000 	C:\WINDOWS\System32\WS2_32.dll
0x00007ffed5480000 - 0x00007ffed5498000 	C:\WINDOWS\SYSTEM32\kernel.appcore.dll
0x00007ffed12d0000 - 0x00007ffed12da000 	E:\bin\jimage.dll
0x00007ffed3e60000 - 0x00007ffed4092000 	C:\WINDOWS\SYSTEM32\DBGHELP.DLL
0x00007ffed7030000 - 0x00007ffed73be000 	C:\WINDOWS\System32\combase.dll
0x00007ffed8d40000 - 0x00007ffed8e17000 	C:\WINDOWS\System32\OLEAUT32.dll
0x00007ffeaa660000 - 0x00007ffeaa692000 	C:\WINDOWS\SYSTEM32\dbgcore.DLL
0x00007ffed6430000 - 0x00007ffed64ab000 	C:\WINDOWS\System32\bcryptPrimitives.dll
0x00007ffecb1c0000 - 0x00007ffecb1e5000 	E:\bin\java.dll
0x00007ffe9fe90000 - 0x00007ffe9ff67000 	E:\bin\jsvml.dll
0x00007ffed7620000 - 0x00007ffed7e87000 	C:\WINDOWS\System32\SHELL32.dll
0x00007ffed4240000 - 0x00007ffed4b3f000 	C:\WINDOWS\SYSTEM32\windows.storage.dll
0x00007ffed4b70000 - 0x00007ffed4caf000 	C:\WINDOWS\SYSTEM32\wintypes.dll
0x00007ffed8a80000 - 0x00007ffed8b79000 	C:\WINDOWS\System32\SHCORE.dll
0x00007ffed7480000 - 0x00007ffed74de000 	C:\WINDOWS\System32\shlwapi.dll
0x00007ffed6360000 - 0x00007ffed6387000 	C:\WINDOWS\SYSTEM32\profapi.dll
0x00007ffeca550000 - 0x00007ffeca569000 	E:\bin\net.dll
0x00007ffeced40000 - 0x00007ffecee76000 	C:\WINDOWS\SYSTEM32\WINHTTP.dll
0x00007ffed58f0000 - 0x00007ffed5959000 	C:\WINDOWS\system32\mswsock.dll
0x00007ffec1e10000 - 0x00007ffec1e26000 	E:\bin\nio.dll
0x00007ffec19d0000 - 0x00007ffec19e8000 	E:\bin\zip.dll
0x00007ffea0e20000 - 0x00007ffea0fb1000 	E:\bin\awt.dll
0x00007ffed3290000 - 0x00007ffed3327000 	C:\WINDOWS\SYSTEM32\apphelp.dll
0x00007ffed3960000 - 0x00007ffed398b000 	C:\WINDOWS\system32\DWMAPI.DLL
0x00007ffed3530000 - 0x00007ffed35e1000 	C:\WINDOWS\system32\uxtheme.dll
0x00007ffec3470000 - 0x00007ffec3570000 	C:\WINDOWS\system32\opengl32.dll
0x00007ffecb050000 - 0x00007ffecb07d000 	C:\WINDOWS\SYSTEM32\GLU32.dll
0x00007ffed3620000 - 0x00007ffed3657000 	C:\WINDOWS\SYSTEM32\dxcore.dll
0x00007ffed7e90000 - 0x00007ffed7fee000 	C:\WINDOWS\System32\MSCTF.dll
0x00007ffed8b80000 - 0x00007ffed8d25000 	C:\WINDOWS\System32\ole32.dll
0x00007ffebe7c0000 - 0x00007ffebe7ee000 	E:\bin\javajpeg.dll
0x00007ffeabe90000 - 0x00007ffeabf17000 	E:\bin\freetype.dll
0x00007ffea0b70000 - 0x00007ffea0c51000 	E:\bin\fontmanager.dll
0x00007ffec3fb0000 - 0x00007ffec40f3000 	C:\WINDOWS\SYSTEM32\textinputframework.dll

dbghelp: loaded successfully - version: 4.0.5 - missing functions: none
symbol engine: initialized successfully - sym options: 0x614 - pdb path: .;E:\bin;C:\WINDOWS\SYSTEM32;C:\WINDOWS\WinSxS\amd64_microsoft.windows.common-controls_6595b64144ccf1df_6.0.22621.3672_none_2713b9d173822955;E:\bin\server

VM Arguments:
jvm_args: -Dfile.encoding=Cp1252 -XX:+ShowCodeDetailsInExceptionMessages 
java_command: Electricity.Billing.System.Project
java_class_path (initial): C:\Users\91976\OneDrive\Desktop\com.itep.corejava\Electricity Billing Management System\bin;C:\Users\91976\OneDrive\Desktop\com.itep.corejava\Electricity Billing Management System\Library\mysql-connector-java-8.0.28.jar
Launcher Type: SUN_STANDARD

[Global flags]
     intx CICompilerCount                          = 3                                         {product} {ergonomic}
     uint ConcGCThreads                            = 1                                         {product} {ergonomic}
     uint G1ConcRefinementThreads                  = 4                                         {product} {ergonomic}
   size_t G1HeapRegionSize                         = 1048576                                   {product} {ergonomic}
    uintx GCDrainStackTargetSize                   = 64                                        {product} {ergonomic}
   size_t InitialHeapSize                          = 65011712                                  {product} {ergonomic}
   size_t MarkStackSize                            = 4194304                                   {product} {ergonomic}
   size_t MaxHeapSize                              = 1012924416                                {product} {ergonomic}
   size_t MaxNewSize                               = 607125504                                 {product} {ergonomic}
   size_t MinHeapDeltaBytes                        = 1048576                                   {product} {ergonomic}
   size_t MinHeapSize                              = 8388608                                   {product} {ergonomic}
    uintx NonNMethodCodeHeapSize                   = 5832780                                {pd product} {ergonomic}
    uintx NonProfiledCodeHeapSize                  = 122912730                              {pd product} {ergonomic}
    uintx ProfiledCodeHeapSize                     = 122912730                              {pd product} {ergonomic}
    uintx ReservedCodeCacheSize                    = 251658240                              {pd product} {ergonomic}
     bool SegmentedCodeCache                       = true                                      {product} {ergonomic}
     bool ShowCodeDetailsInExceptionMessages       = true                                   {manageable} {command line}
   size_t SoftMaxHeapSize                          = 1012924416                             {manageable} {ergonomic}
     bool UseCompressedClassPointers               = true                           {product lp64_product} {ergonomic}
     bool UseCompressedOops                        = true                           {product lp64_product} {ergonomic}
     bool UseG1GC                                  = true                                      {product} {ergonomic}
     bool UseLargePagesIndividualAllocation        = false                                  {pd product} {ergonomic}

Logging:
Log output configuration:
 #0: stdout all=warning uptime,level,tags
 #1: stderr all=off uptime,level,tags

Environment Variables:
JAVA_HOME=C:\Program Files\Java\jdk-16
PATH=C:\Program Files\Common Files\Oracle\Java\javapath;C:\Program Files\Python310\Scripts\;C:\Program Files\Python310\;C:\WINDOWS\system32;C:\WINDOWS;C:\WINDOWS\System32\Wbem;C:\WINDOWS\System32\WindowsPowerShell\v1.0\;C:\WINDOWS\System32\OpenSSH\;C:\Program Files\Java\jdk-16\bin;C:\Program Files (x86)\Microsoft SQL Server\100\Tools\Binn\;C:\Program Files\Microsoft SQL Server\100\Tools\Binn\;C:\Program Files\Microsoft SQL Server\100\DTS\Binn\;C:\Program Files\dotnet\;C:\Program Files\MySQL\MySQL Server 8.0\bin;E:\bin;C:\Program Files\MySQL\MySQL Shell 8.0\bin\;C:\Users\91976\AppData\Local\Microsoft\WindowsApps;C:\Program Files\JetBrains\IntelliJ IDEA Community Edition 2021.2\bin;;C:\Users\91976\AppData\Local\Programs\Microsoft VS Code\bin;C:\xampp\php;
USERNAME=91976
OS=Windows_NT
PROCESSOR_IDENTIFIER=Intel64 Family 6 Model 126 Stepping 5, GenuineIntel



---------------  S Y S T E M  ---------------

OS:
 Windows 11 , 64 bit Build 22621 (10.0.22621.3958)
OS uptime: 1 days 6:22 hours

CPU: total 4 (initial active 4) (2 cores per cpu, 2 threads per core) family 6 model 126 stepping 5 microcode 0xc2, cx8, cmov, fxsr, ht, mmx, 3dnowpref, sse, sse2, sse3, ssse3, sse4.1, sse4.2, popcnt, lzcnt, tsc, tscinvbit, avx, avx2, aes, erms, clmul, bmi1, bmi2, adx, avx512f, avx512dq, avx512cd, avx512bw, avx512vl, sha, fma, vzeroupper, avx512_vpopcntdq, avx512_vpclmulqdq, avx512_vaes, avx512_vnni, clflush, clflushopt, avx512_vbmi2, avx512_vbmi

Memory: 4k page, system-wide physical 3863M (228M free)
TotalPageFile size 15639M (AvailPageFile size 4M)
current process WorkingSet (physical memory assigned to process): 120M, peak: 120M
current process commit charge ("private bytes"): 163M, peak: 165M

vm_info: Java HotSpot(TM) 64-Bit Server VM (17.0.11+7-LTS-207) for windows-amd64 JRE (17.0.11+7-LTS-207), built on Mar 11 2024 19:01:50 by "mach5one" with MS VC++ 17.6 (VS2022)

END.
