#
# There is insufficient memory for the Java Runtime Environment to continue.
# Native memory allocation (malloc) failed to allocate 1048576 bytes for AllocateHeap
# Possible reasons:
#   The system is out of physical RAM or swap space
#   The process is running with CompressedOops enabled, and the Java Heap may be blocking the growth of the native heap
# Possible solutions:
#   Reduce memory load on the system
#   Increase physical memory or swap space
#   Check if swap backing store is full
#   Decrease Java heap size (-Xmx/-Xms)
#   Decrease number of Java threads
#   Decrease Java thread stack sizes (-Xss)
#   Set larger code cache with -XX:ReservedCodeCacheSize=
#   JVM is running with Unscaled Compressed Oops mode in which the Java heap is
#     placed in the first 4GB address space. The Java Heap base address is the
#     maximum limit for the native heap growth. Please use -XX:HeapBaseMinAddress
#     to set the Java Heap base and to place the Java Heap above 4GB virtual address.
# This output file may be truncated or incomplete.
#
#  Out of Memory Error (allocation.cpp:44), pid=10552, tid=1732
#
# JRE version:  (17.0.11+7) (build )
# Java VM: Java HotSpot(TM) 64-Bit Server VM (17.0.11+7-LTS-207, mixed mode, sharing, tiered, compressed oops, compressed class ptrs, g1 gc, windows-amd64)
# No core dump will be written. Minidumps are not enabled by default on client versions of Windows
#

---------------  S U M M A R Y ------------

Command Line: -Dfile.encoding=Cp1252 -XX:+ShowCodeDetailsInExceptionMessages Electricity.Billing.System.CalculateBill

Host: Intel(R) Core(TM) i3-1005G1 CPU @ 1.20GHz, 4 cores, 3G,  Windows 11 , 64 bit Build 22621 (10.0.22621.3958)
Time: Wed Sep 25 21:53:35 2024 India Standard Time elapsed time: 0.572831 seconds (0d 0h 0m 0s)

---------------  T H R E A D  ---------------

Current thread (0x0000029af66ee860):  JavaThread "Unknown thread" [_thread_in_vm, id=1732, stack(0x0000009c58900000,0x0000009c58a00000)]

Stack: [0x0000009c58900000,0x0000009c58a00000]
Native frames: (J=compiled Java code, j=interpreted, Vv=VM code, C=native code)
V  [jvm.dll+0x679cca]
V  [jvm.dll+0x7da13d]
V  [jvm.dll+0x7dba83]
V  [jvm.dll+0x7dc0f3]
V  [jvm.dll+0x2449af]
V  [jvm.dll+0xa5e73]
V  [jvm.dll+0x2e1c0e]
V  [jvm.dll+0x2d98eb]
V  [jvm.dll+0x7ac6b1]
V  [jvm.dll+0x366f61]
V  [jvm.dll+0x78b609]
V  [jvm.dll+0x3ec22f]
V  [jvm.dll+0x3ede61]
C  [jli.dll+0x5297]
C  [ucrtbase.dll+0x29333]
C  [KERNEL32.DLL+0x1257d]
C  [ntdll.dll+0x5af28]


---------------  P R O C E S S  ---------------

Threads class SMR info:
_java_thread_list=0x00007ffea0a27a18, length=0, elements={
}

Java Threads: ( => current thread )

Other Threads:
  0x0000029af672a110 GCTaskThread "GC Thread#0" [stack: 0x0000009c58a00000,0x0000009c58b00000] [id=18656]

[error occurred during error reporting (printing all threads), id 0xc0000005, EXCEPTION_ACCESS_VIOLATION (0xc0000005) at pc=0x00007ffea0256a10]

VM state: not at safepoint (not fully initialized)

VM Mutex/Monitor currently owned by a thread:  ([mutex/lock_event])
[0x0000029af66ea2c0] Heap_lock - owner thread: 0x0000029af66ee860

Heap address: 0x00000000c3a00000, size: 966 MB, Compressed Oops mode: 32-bit

CDS archive(s) mapped at: [0x0000000000000000-0x0000000000000000-0x0000000000000000), size 0, SharedBaseAddress: 0x0000000800000000, ArchiveRelocationMode: 1.
Narrow klass base: 0x0000000000000000, Narrow klass shift: 0, Narrow klass range: 0x0

GC Precious Log:
<Empty>

Heap:
 garbage-first heap   total 0K, used 0K [0x00000000c3a00000, 0x0000000100000000)
  region size 1024K, 0 young (0K), 0 survivors (0K)

[error occurred during error reporting (printing heap information), id 0xc0000005, EXCEPTION_ACCESS_VIOLATION (0xc0000005) at pc=0x00007ffea0643559]

GC Heap History (0 events):
No events

Deoptimization events (0 events):
No events

Classes unloaded (0 events):
No events

Classes redefined (0 events):
No events

Internal exceptions (0 events):
No events

VM Operations (0 events):
No events

Events (1 events):
Event: 0.502 Loaded shared library E:\bin\java.dll


Dynamic libraries:
0x00007ff646140000 - 0x00007ff646150000 	E:\bin\javaw.exe
0x00007ffed9110000 - 0x00007ffed9327000 	C:\WINDOWS\SYSTEM32\ntdll.dll
0x00007ffed7ff0000 - 0x00007ffed80b4000 	C:\WINDOWS\System32\KERNEL32.DLL
0x00007ffed6a60000 - 0x00007ffed6e0d000 	C:\WINDOWS\System32\KERNELBASE.dll
0x00007ffed6700000 - 0x00007ffed6811000 	C:\WINDOWS\System32\ucrtbase.dll
0x00007ffed31a0000 - 0x00007ffed31b9000 	E:\bin\jli.dll
0x00007ffed87a0000 - 0x00007ffed8852000 	C:\WINDOWS\System32\ADVAPI32.dll
0x00007ffed12e0000 - 0x00007ffed12fb000 	E:\bin\VCRUNTIME140.dll
0x00007ffed6e40000 - 0x00007ffed6ee7000 	C:\WINDOWS\System32\msvcrt.dll
0x00007ffed8e70000 - 0x00007ffed8f19000 	C:\WINDOWS\System32\sechost.dll
0x00007ffed6e10000 - 0x00007ffed6e38000 	C:\WINDOWS\System32\bcrypt.dll
0x00007ffed6ef0000 - 0x00007ffed7004000 	C:\WINDOWS\System32\RPCRT4.dll
0x00007ffed8f20000 - 0x00007ffed90ce000 	C:\WINDOWS\System32\USER32.dll
0x00007ffeb5240000 - 0x00007ffeb54d3000 	C:\WINDOWS\WinSxS\amd64_microsoft.windows.common-controls_6595b64144ccf1df_6.0.22621.3672_none_2713b9d173822955\COMCTL32.dll
0x00007ffed6990000 - 0x00007ffed69b6000 	C:\WINDOWS\System32\win32u.dll
0x00007ffed7440000 - 0x00007ffed7469000 	C:\WINDOWS\System32\GDI32.dll
0x00007ffed64b0000 - 0x00007ffed65c9000 	C:\WINDOWS\System32\gdi32full.dll
0x00007ffed69c0000 - 0x00007ffed6a5a000 	C:\WINDOWS\System32\msvcp_win.dll
0x00007ffecf3f0000 - 0x00007ffecf3fa000 	C:\WINDOWS\SYSTEM32\VERSION.dll
0x00007ffed75e0000 - 0x00007ffed7611000 	C:\WINDOWS\System32\IMM32.DLL
0x00007ffed3190000 - 0x00007ffed319c000 	E:\bin\vcruntime140_1.dll
0x00007ffea1a40000 - 0x00007ffea1ace000 	E:\bin\msvcp140.dll
0x00007ffe9ff70000 - 0x00007ffea0b50000 	E:\bin\server\jvm.dll
0x00007ffed7470000 - 0x00007ffed7478000 	C:\WINDOWS\System32\PSAPI.DLL
0x00007ffec1ab0000 - 0x00007ffec1ab9000 	C:\WINDOWS\SYSTEM32\WSOCK32.dll
0x00007ffed7540000 - 0x00007ffed75b1000 	C:\WINDOWS\System32\WS2_32.dll
0x00007ffece450000 - 0x00007ffece484000 	C:\WINDOWS\SYSTEM32\WINMM.dll
0x00007ffed5480000 - 0x00007ffed5498000 	C:\WINDOWS\SYSTEM32\kernel.appcore.dll
0x00007ffed12d0000 - 0x00007ffed12da000 	E:\bin\jimage.dll
0x00007ffed3e60000 - 0x00007ffed4092000 	C:\WINDOWS\SYSTEM32\DBGHELP.DLL
0x00007ffed7030000 - 0x00007ffed73be000 	C:\WINDOWS\System32\combase.dll
0x00007ffed8d40000 - 0x00007ffed8e17000 	C:\WINDOWS\System32\OLEAUT32.dll
0x00007ffeaa660000 - 0x00007ffeaa692000 	C:\WINDOWS\SYSTEM32\dbgcore.DLL
0x00007ffed6430000 - 0x00007ffed64ab000 	C:\WINDOWS\System32\bcryptPrimitives.dll
0x00007ffecb1c0000 - 0x00007ffecb1e5000 	E:\bin\java.dll

dbghelp: loaded successfully - version: 4.0.5 - missing functions: none
symbol engine: initialized successfully - sym options: 0x614 - pdb path: .;E:\bin;C:\WINDOWS\SYSTEM32;C:\WINDOWS\WinSxS\amd64_microsoft.windows.common-controls_6595b64144ccf1df_6.0.22621.3672_none_2713b9d173822955;E:\bin\server

VM Arguments:
jvm_args: -Dfile.encoding=Cp1252 -XX:+ShowCodeDetailsInExceptionMessages 
java_command: Electricity.Billing.System.CalculateBill
java_class_path (initial): C:\Users\91976\OneDrive\Desktop\com.itep.corejava\Electricity Billing Management System\bin;C:\Users\91976\OneDrive\Desktop\com.itep.corejava\Electricity Billing Management System\Library\mysql-connector-java-8.0.28.jar
Launcher Type: SUN_STANDARD

[Global flags]
     intx CICompilerCount                          = 3                                         {product} {ergonomic}
     uint ConcGCThreads                            = 1                                         {product} {ergonomic}
     uint G1ConcRefinementThreads                  = 4                                         {product} {ergonomic}
   size_t G1HeapRegionSize                         = 1048576                                   {product} {ergonomic}
    uintx GCDrainStackTargetSize                   = 64                                        {product} {ergonomic}
   size_t InitialHeapSize                          = 65011712                                  {product} {ergonomic}
   size_t MarkStackSize                            = 4194304                                   {product} {ergonomic}
   size_t MaxHeapSize                              = 1012924416                                {product} {ergonomic}
   size_t MinHeapDeltaBytes                        = 1048576                                   {product} {ergonomic}
   size_t MinHeapSize                              = 8388608                                   {product} {ergonomic}
    uintx NonNMethodCodeHeapSize                   = 5832780                                {pd product} {ergonomic}
    uintx NonProfiledCodeHeapSize                  = 122912730                              {pd product} {ergonomic}
    uintx ProfiledCodeHeapSize                     = 122912730                              {pd product} {ergonomic}
    uintx ReservedCodeCacheSize                    = 251658240                              {pd product} {ergonomic}
     bool SegmentedCodeCache                       = true                                      {product} {ergonomic}
     bool ShowCodeDetailsInExceptionMessages       = true                                   {manageable} {command line}
   size_t SoftMaxHeapSize                          = 1012924416                             {manageable} {ergonomic}
     bool UseCompressedClassPointers               = true                           {product lp64_product} {ergonomic}
     bool UseCompressedOops                        = true                           {product lp64_product} {ergonomic}
     bool UseG1GC                                  = true                                      {product} {ergonomic}
     bool UseLargePagesIndividualAllocation        = false                                  {pd product} {ergonomic}

Logging:
Log output configuration:
 #0: stdout all=warning uptime,level,tags
 #1: stderr all=off uptime,level,tags

Environment Variables:
JAVA_HOME=C:\Program Files\Java\jdk-16
PATH=C:\Program Files\Common Files\Oracle\Java\javapath;C:\Program Files\Python310\Scripts\;C:\Program Files\Python310\;C:\WINDOWS\system32;C:\WINDOWS;C:\WINDOWS\System32\Wbem;C:\WINDOWS\System32\WindowsPowerShell\v1.0\;C:\WINDOWS\System32\OpenSSH\;C:\Program Files\Java\jdk-16\bin;C:\Program Files (x86)\Microsoft SQL Server\100\Tools\Binn\;C:\Program Files\Microsoft SQL Server\100\Tools\Binn\;C:\Program Files\Microsoft SQL Server\100\DTS\Binn\;C:\Program Files\dotnet\;C:\Program Files\MySQL\MySQL Server 8.0\bin;E:\bin;C:\Program Files\MySQL\MySQL Shell 8.0\bin\;C:\Users\91976\AppData\Local\Microsoft\WindowsApps;C:\Program Files\JetBrains\IntelliJ IDEA Community Edition 2021.2\bin;;C:\Users\91976\AppData\Local\Programs\Microsoft VS Code\bin;C:\xampp\php;
USERNAME=91976
OS=Windows_NT
PROCESSOR_IDENTIFIER=Intel64 Family 6 Model 126 Stepping 5, GenuineIntel



---------------  S Y S T E M  ---------------

OS:
 Windows 11 , 64 bit Build 22621 (10.0.22621.3958)
OS uptime: 1 days 6:12 hours

CPU: total 4 (initial active 4) (2 cores per cpu, 2 threads per core) family 6 model 126 stepping 5 microcode 0xc2, cx8, cmov, fxsr, ht, mmx, 3dnowpref, sse, sse2, sse3, ssse3, sse4.1, sse4.2, popcnt, lzcnt, tsc, tscinvbit, avx, avx2, aes, erms, clmul, bmi1, bmi2, adx, avx512f, avx512dq, avx512cd, avx512bw, avx512vl, sha, fma, vzeroupper, avx512_vpopcntdq, avx512_vpclmulqdq, avx512_vaes, avx512_vnni, clflush, clflushopt, avx512_vbmi2, avx512_vbmi

Memory: 4k page, system-wide physical 3863M (239M free)
TotalPageFile size 15639M (AvailPageFile size 5M)
current process WorkingSet (physical memory assigned to process): 10M, peak: 10M
current process commit charge ("private bytes"): 48M, peak: 49M

vm_info: Java HotSpot(TM) 64-Bit Server VM (17.0.11+7-LTS-207) for windows-amd64 JRE (17.0.11+7-LTS-207), built on Mar 11 2024 19:01:50 by "mach5one" with MS VC++ 17.6 (VS2022)

END.
